${RULTOR:+sudo} npm install -g ghminer@0.0.7

changed 7 packages in 839ms

1 package is looking for funding
  run `npm fund` for details
npm notice
npm notice New major version of npm available! 10.8.2 -> 11.0.0
npm notice Changelog: https://github.com/npm/cli/releases/tag/v11.0.0
npm notice To update run: npm install -g npm@11.0.0
npm notice
poetry self add 'poethepoet[poetry_plugin]'
Using version ^0.32.0 for poethepoet

Updating dependencies
Resolving dependencies...

No dependencies to install or update
cd sr-data && poetry install
Skipping virtualenv creation, as specified in config file.
Installing dependencies from lock file

No dependencies to install or update

Installing the current project: sr-data (0.0.0)
cd sr-train && poetry install
Skipping virtualenv creation, as specified in config file.
Installing dependencies from lock file

No dependencies to install or update

Installing the current project: sr-train (0.0.0)
Skipping virtualenv creation, as specified in config file.
Installing dependencies from lock file

No dependencies to install or update

Installing the current project: sr-detection (0.0.0)
mkdir -p collection/2023-01~10
ghminer --query "stars:>10 language:java size:>=20 mirror:false template:false NOT android" --start "2023-01-01" --end "2023-10-01" --tokens "$PATS" --filename "repos"
Running ghminer@0.0.7
Compiled search query: stars:>10 language:java size:>=20 mirror:false template:false NOT android created:2023-01-01..2023-10-01
Total results: 3409
Checking if date range should be split: stars:>10 language:java size:>=20 mirror:false template:false NOT android created:2023-01-01..2023-05-17
{ search: { repositoryCount: 1839 } }
Results: 1839

Splitting 2023-01-01..2023-05-17 into 137 days...
Checking if date range should be split: stars:>10 language:java size:>=20 mirror:false template:false NOT android created:2023-01-01..2023-03-10
{ search: { repositoryCount: 944 } }
Results: 944

Extracted 10 results for 2023-01-01..2023-03-10...


Rate Limit: {
  limit: 5000,
  cost: 1,
  remaining: 4996,
  used: 4,
  resetAt: '2025-01-07T13:38:39Z',
  nodeCount: 0
}
hasNextPage: true
endCursor: Y3Vyc29yOjEw

Extracted 20 results for 2023-01-01..2023-03-10...


Rate Limit: {
  limit: 5000,
  cost: 1,
  remaining: 4995,
  used: 5,
  resetAt: '2025-01-07T13:38:39Z',
  nodeCount: 0
}
hasNextPage: true
endCursor: Y3Vyc29yOjIw

Extracted 30 results for 2023-01-01..2023-03-10...


Rate Limit: {
  limit: 5000,
  cost: 1,
  remaining: 4994,
  used: 6,
  resetAt: '2025-01-07T13:38:39Z',
  nodeCount: 0
}
hasNextPage: true
endCursor: Y3Vyc29yOjMw

Extracted 40 results for 2023-01-01..2023-03-10...


Rate Limit: {
  limit: 5000,
  cost: 1,
  remaining: 4993,
  used: 7,
  resetAt: '2025-01-07T13:38:39Z',
  nodeCount: 0
}
hasNextPage: true
endCursor: Y3Vyc29yOjQw

Extracted 50 results for 2023-01-01..2023-03-10...


Rate Limit: {
  limit: 5000,
  cost: 1,
  remaining: 4992,
  used: 8,
  resetAt: '2025-01-07T13:38:39Z',
  nodeCount: 0
}
hasNextPage: true
endCursor: Y3Vyc29yOjUw

Extracted 60 results for 2023-01-01..2023-03-10...


Rate Limit: {
  limit: 5000,
  cost: 1,
  remaining: 4991,
  used: 9,
  resetAt: '2025-01-07T13:38:39Z',
  nodeCount: 0
}
hasNextPage: true
endCursor: Y3Vyc29yOjYw

Extracted 70 results for 2023-01-01..2023-03-10...


Rate Limit: {
  limit: 5000,
  cost: 1,
  remaining: 4990,
  used: 10,
  resetAt: '2025-01-07T13:38:39Z',
  nodeCount: 0
}
hasNextPage: true
endCursor: Y3Vyc29yOjcw

Extracted 80 results for 2023-01-01..2023-03-10...


Rate Limit: {
  limit: 5000,
  cost: 1,
  remaining: 4989,
  used: 11,
  resetAt: '2025-01-07T13:38:39Z',
  nodeCount: 0
}
hasNextPage: true
endCursor: Y3Vyc29yOjgw

Extracted 90 results for 2023-01-01..2023-03-10...


Rate Limit: {
  limit: 5000,
  cost: 1,
  remaining: 4988,
  used: 12,
  resetAt: '2025-01-07T13:38:39Z',
  nodeCount: 0
}
hasNextPage: true
endCursor: Y3Vyc29yOjkw

Extracted 100 results for 2023-01-01..2023-03-10...


Rate Limit: {
  limit: 5000,
  cost: 1,
  remaining: 4987,
  used: 13,
  resetAt: '2025-01-07T13:38:39Z',
  nodeCount: 0
}
hasNextPage: true
endCursor: Y3Vyc29yOjEwMA==

Extracted 110 results for 2023-01-01..2023-03-10...


Rate Limit: {
  limit: 5000,
  cost: 1,
  remaining: 4986,
  used: 14,
  resetAt: '2025-01-07T13:38:39Z',
  nodeCount: 0
}
hasNextPage: true
endCursor: Y3Vyc29yOjExMA==

Extracted 120 results for 2023-01-01..2023-03-10...


Rate Limit: {
  limit: 5000,
  cost: 1,
  remaining: 4985,
  used: 15,
  resetAt: '2025-01-07T13:38:39Z',
  nodeCount: 0
}
hasNextPage: true
endCursor: Y3Vyc29yOjEyMA==

Extracted 130 results for 2023-01-01..2023-03-10...


Rate Limit: {
  limit: 5000,
  cost: 1,
  remaining: 4984,
  used: 16,
  resetAt: '2025-01-07T13:38:39Z',
  nodeCount: 0
}
hasNextPage: true
endCursor: Y3Vyc29yOjEzMA==

Extracted 140 results for 2023-01-01..2023-03-10...


Rate Limit: {
  limit: 5000,
  cost: 1,
  remaining: 4983,
  used: 17,
  resetAt: '2025-01-07T13:38:39Z',
  nodeCount: 0
}
hasNextPage: true
endCursor: Y3Vyc29yOjE0MA==

Extracted 150 results for 2023-01-01..2023-03-10...


Rate Limit: {
  limit: 5000,
  cost: 1,
  remaining: 4982,
  used: 18,
  resetAt: '2025-01-07T13:38:39Z',
  nodeCount: 0
}
hasNextPage: true
endCursor: Y3Vyc29yOjE1MA==

Extracted 160 results for 2023-01-01..2023-03-10...


Rate Limit: {
  limit: 5000,
  cost: 1,
  remaining: 4981,
  used: 19,
  resetAt: '2025-01-07T13:38:39Z',
  nodeCount: 0
}
hasNextPage: true
endCursor: Y3Vyc29yOjE2MA==

Extracted 170 results for 2023-01-01..2023-03-10...


Rate Limit: {
  limit: 5000,
  cost: 1,
  remaining: 4980,
  used: 20,
  resetAt: '2025-01-07T13:38:39Z',
  nodeCount: 0
}
hasNextPage: true
endCursor: Y3Vyc29yOjE3MA==

Extracted 180 results for 2023-01-01..2023-03-10...


Rate Limit: {
  limit: 5000,
  cost: 1,
  remaining: 4979,
  used: 21,
  resetAt: '2025-01-07T13:38:39Z',
  nodeCount: 0
}
hasNextPage: true
endCursor: Y3Vyc29yOjE4MA==

Extracted 190 results for 2023-01-01..2023-03-10...


Rate Limit: {
  limit: 5000,
  cost: 1,
  remaining: 4978,
  used: 22,
  resetAt: '2025-01-07T13:38:39Z',
  nodeCount: 0
}
hasNextPage: true
endCursor: Y3Vyc29yOjE5MA==

Extracted 200 results for 2023-01-01..2023-03-10...


Rate Limit: {
  limit: 5000,
  cost: 1,
  remaining: 4977,
  used: 23,
  resetAt: '2025-01-07T13:38:39Z',
  nodeCount: 0
}
hasNextPage: true
endCursor: Y3Vyc29yOjIwMA==

Extracted 210 results for 2023-01-01..2023-03-10...


Rate Limit: {
  limit: 5000,
  cost: 1,
  remaining: 4976,
  used: 24,
  resetAt: '2025-01-07T13:38:39Z',
  nodeCount: 0
}
hasNextPage: true
endCursor: Y3Vyc29yOjIxMA==

Extracted 220 results for 2023-01-01..2023-03-10...


Rate Limit: {
  limit: 5000,
  cost: 1,
  remaining: 4975,
  used: 25,
  resetAt: '2025-01-07T13:38:39Z',
  nodeCount: 0
}
hasNextPage: true
endCursor: Y3Vyc29yOjIyMA==

Extracted 230 results for 2023-01-01..2023-03-10...


Rate Limit: {
  limit: 5000,
  cost: 1,
  remaining: 4974,
  used: 26,
  resetAt: '2025-01-07T13:38:39Z',
  nodeCount: 0
}
hasNextPage: true
endCursor: Y3Vyc29yOjIzMA==

Extracted 240 results for 2023-01-01..2023-03-10...


Rate Limit: {
  limit: 5000,
  cost: 1,
  remaining: 4973,
  used: 27,
  resetAt: '2025-01-07T13:38:39Z',
  nodeCount: 0
}
hasNextPage: true
endCursor: Y3Vyc29yOjI0MA==

Extracted 250 results for 2023-01-01..2023-03-10...


Rate Limit: {
  limit: 5000,
  cost: 1,
  remaining: 4972,
  used: 28,
  resetAt: '2025-01-07T13:38:39Z',
  nodeCount: 0
}
hasNextPage: true
endCursor: Y3Vyc29yOjI1MA==

Extracted 260 results for 2023-01-01..2023-03-10...


Rate Limit: {
  limit: 5000,
  cost: 1,
  remaining: 4971,
  used: 29,
  resetAt: '2025-01-07T13:38:39Z',
  nodeCount: 0
}
hasNextPage: true
endCursor: Y3Vyc29yOjI2MA==

Extracted 270 results for 2023-01-01..2023-03-10...


Rate Limit: {
  limit: 5000,
  cost: 1,
  remaining: 4970,
  used: 30,
  resetAt: '2025-01-07T13:38:39Z',
  nodeCount: 0
}
hasNextPage: true
endCursor: Y3Vyc29yOjI3MA==

Extracted 280 results for 2023-01-01..2023-03-10...


Rate Limit: {
  limit: 5000,
  cost: 1,
  remaining: 4969,
  used: 31,
  resetAt: '2025-01-07T13:38:39Z',
  nodeCount: 0
}
hasNextPage: true
endCursor: Y3Vyc29yOjI4MA==

Extracted 290 results for 2023-01-01..2023-03-10...


Rate Limit: {
  limit: 5000,
  cost: 1,
  remaining: 4968,
  used: 32,
  resetAt: '2025-01-07T13:38:39Z',
  nodeCount: 0
}
hasNextPage: true
endCursor: Y3Vyc29yOjI5MA==

Extracted 300 results for 2023-01-01..2023-03-10...


Rate Limit: {
  limit: 5000,
  cost: 1,
  remaining: 4967,
  used: 33,
  resetAt: '2025-01-07T13:38:39Z',
  nodeCount: 0
}
hasNextPage: true
endCursor: Y3Vyc29yOjMwMA==

Extracted 310 results for 2023-01-01..2023-03-10...


Rate Limit: {
  limit: 5000,
  cost: 1,
  remaining: 4966,
  used: 34,
  resetAt: '2025-01-07T13:38:39Z',
  nodeCount: 0
}
hasNextPage: true
endCursor: Y3Vyc29yOjMxMA==

Extracted 320 results for 2023-01-01..2023-03-10...


Rate Limit: {
  limit: 5000,
  cost: 1,
  remaining: 4965,
  used: 35,
  resetAt: '2025-01-07T13:38:39Z',
  nodeCount: 0
}
hasNextPage: true
endCursor: Y3Vyc29yOjMyMA==

Extracted 330 results for 2023-01-01..2023-03-10...


Rate Limit: {
  limit: 5000,
  cost: 1,
  remaining: 4964,
  used: 36,
  resetAt: '2025-01-07T13:38:39Z',
  nodeCount: 0
}
hasNextPage: true
endCursor: Y3Vyc29yOjMzMA==

Extracted 340 results for 2023-01-01..2023-03-10...


Rate Limit: {
  limit: 5000,
  cost: 1,
  remaining: 4963,
  used: 37,
  resetAt: '2025-01-07T13:38:39Z',
  nodeCount: 0
}
hasNextPage: true
endCursor: Y3Vyc29yOjM0MA==

Extracted 350 results for 2023-01-01..2023-03-10...


Rate Limit: {
  limit: 5000,
  cost: 1,
  remaining: 4962,
  used: 38,
  resetAt: '2025-01-07T13:38:39Z',
  nodeCount: 0
}
hasNextPage: true
endCursor: Y3Vyc29yOjM1MA==

Extracted 360 results for 2023-01-01..2023-03-10...


Rate Limit: {
  limit: 5000,
  cost: 1,
  remaining: 4961,
  used: 39,
  resetAt: '2025-01-07T13:38:39Z',
  nodeCount: 0
}
hasNextPage: true
endCursor: Y3Vyc29yOjM2MA==

Extracted 370 results for 2023-01-01..2023-03-10...


Rate Limit: {
  limit: 5000,
  cost: 1,
  remaining: 4960,
  used: 40,
  resetAt: '2025-01-07T13:38:39Z',
  nodeCount: 0
}
hasNextPage: true
endCursor: Y3Vyc29yOjM3MA==

Extracted 380 results for 2023-01-01..2023-03-10...


Rate Limit: {
  limit: 5000,
  cost: 1,
  remaining: 4959,
  used: 41,
  resetAt: '2025-01-07T13:38:39Z',
  nodeCount: 0
}
hasNextPage: true
endCursor: Y3Vyc29yOjM4MA==

Extracted 390 results for 2023-01-01..2023-03-10...


Rate Limit: {
  limit: 5000,
  cost: 1,
  remaining: 4958,
  used: 42,
  resetAt: '2025-01-07T13:38:39Z',
  nodeCount: 0
}
hasNextPage: true
endCursor: Y3Vyc29yOjM5MA==

Extracted 400 results for 2023-01-01..2023-03-10...


Rate Limit: {
  limit: 5000,
  cost: 1,
  remaining: 4957,
  used: 43,
  resetAt: '2025-01-07T13:38:39Z',
  nodeCount: 0
}
hasNextPage: true
endCursor: Y3Vyc29yOjQwMA==

Extracted 410 results for 2023-01-01..2023-03-10...


Rate Limit: {
  limit: 5000,
  cost: 1,
  remaining: 4956,
  used: 44,
  resetAt: '2025-01-07T13:38:39Z',
  nodeCount: 0
}
hasNextPage: true
endCursor: Y3Vyc29yOjQxMA==

Extracted 420 results for 2023-01-01..2023-03-10...


Rate Limit: {
  limit: 5000,
  cost: 1,
  remaining: 4955,
  used: 45,
  resetAt: '2025-01-07T13:38:39Z',
  nodeCount: 0
}
hasNextPage: true
endCursor: Y3Vyc29yOjQyMA==

Extracted 430 results for 2023-01-01..2023-03-10...


Rate Limit: {
  limit: 5000,
  cost: 1,
  remaining: 4954,
  used: 46,
  resetAt: '2025-01-07T13:38:39Z',
  nodeCount: 0
}
hasNextPage: true
endCursor: Y3Vyc29yOjQzMA==

Extracted 440 results for 2023-01-01..2023-03-10...


Rate Limit: {
  limit: 5000,
  cost: 1,
  remaining: 4953,
  used: 47,
  resetAt: '2025-01-07T13:38:39Z',
  nodeCount: 0
}
hasNextPage: true
endCursor: Y3Vyc29yOjQ0MA==

Extracted 450 results for 2023-01-01..2023-03-10...


Rate Limit: {
  limit: 5000,
  cost: 1,
  remaining: 4952,
  used: 48,
  resetAt: '2025-01-07T13:38:39Z',
  nodeCount: 0
}
hasNextPage: true
endCursor: Y3Vyc29yOjQ1MA==

Extracted 460 results for 2023-01-01..2023-03-10...


Rate Limit: {
  limit: 5000,
  cost: 1,
  remaining: 4951,
  used: 49,
  resetAt: '2025-01-07T13:38:39Z',
  nodeCount: 0
}
hasNextPage: true
endCursor: Y3Vyc29yOjQ2MA==

Extracted 470 results for 2023-01-01..2023-03-10...


Rate Limit: {
  limit: 5000,
  cost: 1,
  remaining: 4950,
  used: 50,
  resetAt: '2025-01-07T13:38:39Z',
  nodeCount: 0
}
hasNextPage: true
endCursor: Y3Vyc29yOjQ3MA==

Extracted 480 results for 2023-01-01..2023-03-10...


Rate Limit: {
  limit: 5000,
  cost: 1,
  remaining: 4947,
  used: 53,
  resetAt: '2025-01-07T13:38:39Z',
  nodeCount: 0
}
hasNextPage: true
endCursor: Y3Vyc29yOjQ4MA==

Extracted 490 results for 2023-01-01..2023-03-10...


Rate Limit: {
  limit: 5000,
  cost: 1,
  remaining: 4945,
  used: 55,
  resetAt: '2025-01-07T13:38:39Z',
  nodeCount: 0
}
hasNextPage: true
endCursor: Y3Vyc29yOjQ5MA==

Extracted 500 results for 2023-01-01..2023-03-10...


Rate Limit: {
  limit: 5000,
  cost: 1,
  remaining: 4944,
  used: 56,
  resetAt: '2025-01-07T13:38:39Z',
  nodeCount: 0
}
hasNextPage: true
endCursor: Y3Vyc29yOjUwMA==

Extracted 510 results for 2023-01-01..2023-03-10...


Rate Limit: {
  limit: 5000,
  cost: 1,
  remaining: 4943,
  used: 57,
  resetAt: '2025-01-07T13:38:39Z',
  nodeCount: 0
}
hasNextPage: true
endCursor: Y3Vyc29yOjUxMA==

Extracted 520 results for 2023-01-01..2023-03-10...


Rate Limit: {
  limit: 5000,
  cost: 1,
  remaining: 4942,
  used: 58,
  resetAt: '2025-01-07T13:38:39Z',
  nodeCount: 0
}
hasNextPage: true
endCursor: Y3Vyc29yOjUyMA==

Extracted 530 results for 2023-01-01..2023-03-10...


Rate Limit: {
  limit: 5000,
  cost: 1,
  remaining: 4941,
  used: 59,
  resetAt: '2025-01-07T13:38:39Z',
  nodeCount: 0
}
hasNextPage: true
endCursor: Y3Vyc29yOjUzMA==

Extracted 540 results for 2023-01-01..2023-03-10...


Rate Limit: {
  limit: 5000,
  cost: 1,
  remaining: 4940,
  used: 60,
  resetAt: '2025-01-07T13:38:39Z',
  nodeCount: 0
}
hasNextPage: true
endCursor: Y3Vyc29yOjU0MA==

Extracted 550 results for 2023-01-01..2023-03-10...


Rate Limit: {
  limit: 5000,
  cost: 1,
  remaining: 4939,
  used: 61,
  resetAt: '2025-01-07T13:38:39Z',
  nodeCount: 0
}
hasNextPage: true
endCursor: Y3Vyc29yOjU1MA==

Extracted 560 results for 2023-01-01..2023-03-10...


Rate Limit: {
  limit: 5000,
  cost: 1,
  remaining: 4938,
  used: 62,
  resetAt: '2025-01-07T13:38:39Z',
  nodeCount: 0
}
hasNextPage: true
endCursor: Y3Vyc29yOjU2MA==

Extracted 570 results for 2023-01-01..2023-03-10...


Rate Limit: {
  limit: 5000,
  cost: 1,
  remaining: 4937,
  used: 63,
  resetAt: '2025-01-07T13:38:39Z',
  nodeCount: 0
}
hasNextPage: true
endCursor: Y3Vyc29yOjU3MA==

Extracted 580 results for 2023-01-01..2023-03-10...


Rate Limit: {
  limit: 5000,
  cost: 1,
  remaining: 4936,
  used: 64,
  resetAt: '2025-01-07T13:38:39Z',
  nodeCount: 0
}
hasNextPage: true
endCursor: Y3Vyc29yOjU4MA==

Extracted 590 results for 2023-01-01..2023-03-10...


Rate Limit: {
  limit: 5000,
  cost: 1,
  remaining: 4935,
  used: 65,
  resetAt: '2025-01-07T13:38:39Z',
  nodeCount: 0
}
hasNextPage: true
endCursor: Y3Vyc29yOjU5MA==

Extracted 600 results for 2023-01-01..2023-03-10...


Rate Limit: {
  limit: 5000,
  cost: 1,
  remaining: 4934,
  used: 66,
  resetAt: '2025-01-07T13:38:39Z',
  nodeCount: 0
}
hasNextPage: true
endCursor: Y3Vyc29yOjYwMA==

Extracted 610 results for 2023-01-01..2023-03-10...


Rate Limit: {
  limit: 5000,
  cost: 1,
  remaining: 4933,
  used: 67,
  resetAt: '2025-01-07T13:38:39Z',
  nodeCount: 0
}
hasNextPage: true
endCursor: Y3Vyc29yOjYxMA==

Extracted 620 results for 2023-01-01..2023-03-10...


Rate Limit: {
  limit: 5000,
  cost: 1,
  remaining: 4932,
  used: 68,
  resetAt: '2025-01-07T13:38:39Z',
  nodeCount: 0
}
hasNextPage: true
endCursor: Y3Vyc29yOjYyMA==

Extracted 630 results for 2023-01-01..2023-03-10...


Rate Limit: {
  limit: 5000,
  cost: 1,
  remaining: 4931,
  used: 69,
  resetAt: '2025-01-07T13:38:39Z',
  nodeCount: 0
}
hasNextPage: true
endCursor: Y3Vyc29yOjYzMA==

Extracted 640 results for 2023-01-01..2023-03-10...


Rate Limit: {
  limit: 5000,
  cost: 1,
  remaining: 4930,
  used: 70,
  resetAt: '2025-01-07T13:38:39Z',
  nodeCount: 0
}
hasNextPage: true
endCursor: Y3Vyc29yOjY0MA==

Extracted 650 results for 2023-01-01..2023-03-10...


Rate Limit: {
  limit: 5000,
  cost: 1,
  remaining: 4929,
  used: 71,
  resetAt: '2025-01-07T13:38:39Z',
  nodeCount: 0
}
hasNextPage: true
endCursor: Y3Vyc29yOjY1MA==

Extracted 660 results for 2023-01-01..2023-03-10...


Rate Limit: {
  limit: 5000,
  cost: 1,
  remaining: 4928,
  used: 72,
  resetAt: '2025-01-07T13:38:39Z',
  nodeCount: 0
}
hasNextPage: true
endCursor: Y3Vyc29yOjY2MA==

Extracted 670 results for 2023-01-01..2023-03-10...


Rate Limit: {
  limit: 5000,
  cost: 1,
  remaining: 4927,
  used: 73,
  resetAt: '2025-01-07T13:38:39Z',
  nodeCount: 0
}
hasNextPage: true
endCursor: Y3Vyc29yOjY3MA==

Extracted 680 results for 2023-01-01..2023-03-10...


Rate Limit: {
  limit: 5000,
  cost: 1,
  remaining: 4926,
  used: 74,
  resetAt: '2025-01-07T13:38:39Z',
  nodeCount: 0
}
hasNextPage: true
endCursor: Y3Vyc29yOjY4MA==

Extracted 690 results for 2023-01-01..2023-03-10...


Rate Limit: {
  limit: 5000,
  cost: 1,
  remaining: 4925,
  used: 75,
  resetAt: '2025-01-07T13:38:39Z',
  nodeCount: 0
}
hasNextPage: true
endCursor: Y3Vyc29yOjY5MA==

Extracted 700 results for 2023-01-01..2023-03-10...


Rate Limit: {
  limit: 5000,
  cost: 1,
  remaining: 4924,
  used: 76,
  resetAt: '2025-01-07T13:38:39Z',
  nodeCount: 0
}
hasNextPage: true
endCursor: Y3Vyc29yOjcwMA==

Extracted 710 results for 2023-01-01..2023-03-10...


Rate Limit: {
  limit: 5000,
  cost: 1,
  remaining: 4923,
  used: 77,
  resetAt: '2025-01-07T13:38:39Z',
  nodeCount: 0
}
hasNextPage: true
endCursor: Y3Vyc29yOjcxMA==

Extracted 720 results for 2023-01-01..2023-03-10...


Rate Limit: {
  limit: 5000,
  cost: 1,
  remaining: 4922,
  used: 78,
  resetAt: '2025-01-07T13:38:39Z',
  nodeCount: 0
}
hasNextPage: true
endCursor: Y3Vyc29yOjcyMA==

Extracted 730 results for 2023-01-01..2023-03-10...


Rate Limit: {
  limit: 5000,
  cost: 1,
  remaining: 4921,
  used: 79,
  resetAt: '2025-01-07T13:38:39Z',
  nodeCount: 0
}
hasNextPage: true
endCursor: Y3Vyc29yOjczMA==

Extracted 740 results for 2023-01-01..2023-03-10...


Rate Limit: {
  limit: 5000,
  cost: 1,
  remaining: 4920,
  used: 80,
  resetAt: '2025-01-07T13:38:39Z',
  nodeCount: 0
}
hasNextPage: true
endCursor: Y3Vyc29yOjc0MA==

Extracted 750 results for 2023-01-01..2023-03-10...


Rate Limit: {
  limit: 5000,
  cost: 1,
  remaining: 4919,
  used: 81,
  resetAt: '2025-01-07T13:38:39Z',
  nodeCount: 0
}
hasNextPage: true
endCursor: Y3Vyc29yOjc1MA==

Extracted 760 results for 2023-01-01..2023-03-10...


Rate Limit: {
  limit: 5000,
  cost: 1,
  remaining: 4918,
  used: 82,
  resetAt: '2025-01-07T13:38:39Z',
  nodeCount: 0
}
hasNextPage: true
endCursor: Y3Vyc29yOjc2MA==

Extracted 770 results for 2023-01-01..2023-03-10...


Rate Limit: {
  limit: 5000,
  cost: 1,
  remaining: 4917,
  used: 83,
  resetAt: '2025-01-07T13:38:39Z',
  nodeCount: 0
}
hasNextPage: true
endCursor: Y3Vyc29yOjc3MA==

Extracted 780 results for 2023-01-01..2023-03-10...


Rate Limit: {
  limit: 5000,
  cost: 1,
  remaining: 4916,
  used: 84,
  resetAt: '2025-01-07T13:38:39Z',
  nodeCount: 0
}
hasNextPage: true
endCursor: Y3Vyc29yOjc4MA==

Extracted 790 results for 2023-01-01..2023-03-10...


Rate Limit: {
  limit: 5000,
  cost: 1,
  remaining: 4915,
  used: 85,
  resetAt: '2025-01-07T13:38:39Z',
  nodeCount: 0
}
hasNextPage: true
endCursor: Y3Vyc29yOjc5MA==

Extracted 800 results for 2023-01-01..2023-03-10...


Rate Limit: {
  limit: 5000,
  cost: 1,
  remaining: 4914,
  used: 86,
  resetAt: '2025-01-07T13:38:39Z',
  nodeCount: 0
}
hasNextPage: true
endCursor: Y3Vyc29yOjgwMA==

Extracted 810 results for 2023-01-01..2023-03-10...


Rate Limit: {
  limit: 5000,
  cost: 1,
  remaining: 4913,
  used: 87,
  resetAt: '2025-01-07T13:38:39Z',
  nodeCount: 0
}
hasNextPage: true
endCursor: Y3Vyc29yOjgxMA==

Extracted 820 results for 2023-01-01..2023-03-10...


Rate Limit: {
  limit: 5000,
  cost: 1,
  remaining: 4912,
  used: 88,
  resetAt: '2025-01-07T13:38:39Z',
  nodeCount: 0
}
hasNextPage: true
endCursor: Y3Vyc29yOjgyMA==

Extracted 830 results for 2023-01-01..2023-03-10...


Rate Limit: {
  limit: 5000,
  cost: 1,
  remaining: 4911,
  used: 89,
  resetAt: '2025-01-07T13:38:39Z',
  nodeCount: 0
}
hasNextPage: true
endCursor: Y3Vyc29yOjgzMA==

Extracted 840 results for 2023-01-01..2023-03-10...


Rate Limit: {
  limit: 5000,
  cost: 1,
  remaining: 4910,
  used: 90,
  resetAt: '2025-01-07T13:38:39Z',
  nodeCount: 0
}
hasNextPage: true
endCursor: Y3Vyc29yOjg0MA==

Extracted 850 results for 2023-01-01..2023-03-10...


Rate Limit: {
  limit: 5000,
  cost: 1,
  remaining: 4909,
  used: 91,
  resetAt: '2025-01-07T13:38:39Z',
  nodeCount: 0
}
hasNextPage: true
endCursor: Y3Vyc29yOjg1MA==

Extracted 860 results for 2023-01-01..2023-03-10...


Rate Limit: {
  limit: 5000,
  cost: 1,
  remaining: 4908,
  used: 92,
  resetAt: '2025-01-07T13:38:39Z',
  nodeCount: 0
}
hasNextPage: true
endCursor: Y3Vyc29yOjg2MA==

Extracted 870 results for 2023-01-01..2023-03-10...


Rate Limit: {
  limit: 5000,
  cost: 1,
  remaining: 4907,
  used: 93,
  resetAt: '2025-01-07T13:38:39Z',
  nodeCount: 0
}
hasNextPage: true
endCursor: Y3Vyc29yOjg3MA==

Extracted 880 results for 2023-01-01..2023-03-10...


Rate Limit: {
  limit: 5000,
  cost: 1,
  remaining: 4906,
  used: 94,
  resetAt: '2025-01-07T13:38:39Z',
  nodeCount: 0
}
hasNextPage: true
endCursor: Y3Vyc29yOjg4MA==

Extracted 890 results for 2023-01-01..2023-03-10...


Rate Limit: {
  limit: 5000,
  cost: 1,
  remaining: 4905,
  used: 95,
  resetAt: '2025-01-07T13:38:39Z',
  nodeCount: 0
}
hasNextPage: true
endCursor: Y3Vyc29yOjg5MA==

Extracted 900 results for 2023-01-01..2023-03-10...


Rate Limit: {
  limit: 5000,
  cost: 1,
  remaining: 4904,
  used: 96,
  resetAt: '2025-01-07T13:38:39Z',
  nodeCount: 0
}
hasNextPage: true
endCursor: Y3Vyc29yOjkwMA==

Extracted 910 results for 2023-01-01..2023-03-10...


Rate Limit: {
  limit: 5000,
  cost: 1,
  remaining: 4903,
  used: 97,
  resetAt: '2025-01-07T13:38:39Z',
  nodeCount: 0
}
hasNextPage: true
endCursor: Y3Vyc29yOjkxMA==

Extracted 920 results for 2023-01-01..2023-03-10...


Rate Limit: {
  limit: 5000,
  cost: 1,
  remaining: 4902,
  used: 98,
  resetAt: '2025-01-07T13:38:39Z',
  nodeCount: 0
}
hasNextPage: true
endCursor: Y3Vyc29yOjkyMA==

Extracted 930 results for 2023-01-01..2023-03-10...


Rate Limit: {
  limit: 5000,
  cost: 1,
  remaining: 4901,
  used: 99,
  resetAt: '2025-01-07T13:38:39Z',
  nodeCount: 0
}
hasNextPage: true
endCursor: Y3Vyc29yOjkzMA==

Extracted 940 results for 2023-01-01..2023-03-10...


Rate Limit: {
  limit: 5000,
  cost: 1,
  remaining: 4900,
  used: 100,
  resetAt: '2025-01-07T13:38:39Z',
  nodeCount: 0
}
hasNextPage: true
endCursor: Y3Vyc29yOjk0MA==

Extracted 944 results for 2023-01-01..2023-03-10...


Rate Limit: {
  limit: 5000,
  cost: 1,
  remaining: 4899,
  used: 101,
  resetAt: '2025-01-07T13:38:39Z',
  nodeCount: 0
}
hasNextPage: false
endCursor: Y3Vyc29yOjk0NA==

Extracted 944 results for 2023-01-01..2023-03-10...
Checking if date range should be split: stars:>10 language:java size:>=20 mirror:false template:false NOT android created:2023-03-11..2023-10-01
{ search: { repositoryCount: 2465 } }
Results: 2465

Splitting 2023-03-11..2023-10-01 into 204 days...
Checking if date range should be split: stars:>10 language:java size:>=20 mirror:false template:false NOT android created:2023-03-11..2023-06-21
{ search: { repositoryCount: 1309 } }
Results: 1309

Splitting 2023-03-11..2023-06-21 into 102 days...
Checking if date range should be split: stars:>10 language:java size:>=20 mirror:false template:false NOT android created:2023-03-11..2023-05-01
{ search: { repositoryCount: 672 } }
Results: 672

Extracted 10 results for 2023-03-11..2023-05-01...


Rate Limit: {
  limit: 5000,
  cost: 1,
  remaining: 4895,
  used: 105,
  resetAt: '2025-01-07T13:38:39Z',
  nodeCount: 0
}
hasNextPage: true
endCursor: Y3Vyc29yOjEw

Extracted 20 results for 2023-03-11..2023-05-01...


Rate Limit: {
  limit: 5000,
  cost: 1,
  remaining: 4894,
  used: 106,
  resetAt: '2025-01-07T13:38:39Z',
  nodeCount: 0
}
hasNextPage: true
endCursor: Y3Vyc29yOjIw

Extracted 30 results for 2023-03-11..2023-05-01...


Rate Limit: {
  limit: 5000,
  cost: 1,
  remaining: 4893,
  used: 107,
  resetAt: '2025-01-07T13:38:39Z',
  nodeCount: 0
}
hasNextPage: true
endCursor: Y3Vyc29yOjMw

Extracted 40 results for 2023-03-11..2023-05-01...


Rate Limit: {
  limit: 5000,
  cost: 1,
  remaining: 4892,
  used: 108,
  resetAt: '2025-01-07T13:38:39Z',
  nodeCount: 0
}
hasNextPage: true
endCursor: Y3Vyc29yOjQw

Extracted 50 results for 2023-03-11..2023-05-01...


Rate Limit: {
  limit: 5000,
  cost: 1,
  remaining: 4891,
  used: 109,
  resetAt: '2025-01-07T13:38:39Z',
  nodeCount: 0
}
hasNextPage: true
endCursor: Y3Vyc29yOjUw

Extracted 60 results for 2023-03-11..2023-05-01...


Rate Limit: {
  limit: 5000,
  cost: 1,
  remaining: 4890,
  used: 110,
  resetAt: '2025-01-07T13:38:39Z',
  nodeCount: 0
}
hasNextPage: true
endCursor: Y3Vyc29yOjYw

Extracted 70 results for 2023-03-11..2023-05-01...


Rate Limit: {
  limit: 5000,
  cost: 1,
  remaining: 4889,
  used: 111,
  resetAt: '2025-01-07T13:38:39Z',
  nodeCount: 0
}
hasNextPage: true
endCursor: Y3Vyc29yOjcw

Extracted 80 results for 2023-03-11..2023-05-01...


Rate Limit: {
  limit: 5000,
  cost: 1,
  remaining: 4888,
  used: 112,
  resetAt: '2025-01-07T13:38:39Z',
  nodeCount: 0
}
hasNextPage: true
endCursor: Y3Vyc29yOjgw

Extracted 90 results for 2023-03-11..2023-05-01...


Rate Limit: {
  limit: 5000,
  cost: 1,
  remaining: 4887,
  used: 113,
  resetAt: '2025-01-07T13:38:39Z',
  nodeCount: 0
}
hasNextPage: true
endCursor: Y3Vyc29yOjkw

Extracted 100 results for 2023-03-11..2023-05-01...


Rate Limit: {
  limit: 5000,
  cost: 1,
  remaining: 4886,
  used: 114,
  resetAt: '2025-01-07T13:38:39Z',
  nodeCount: 0
}
hasNextPage: true
endCursor: Y3Vyc29yOjEwMA==

Extracted 110 results for 2023-03-11..2023-05-01...


Rate Limit: {
  limit: 5000,
  cost: 1,
  remaining: 4885,
  used: 115,
  resetAt: '2025-01-07T13:38:39Z',
  nodeCount: 0
}
hasNextPage: true
endCursor: Y3Vyc29yOjExMA==

Extracted 120 results for 2023-03-11..2023-05-01...


Rate Limit: {
  limit: 5000,
  cost: 1,
  remaining: 4884,
  used: 116,
  resetAt: '2025-01-07T13:38:39Z',
  nodeCount: 0
}
hasNextPage: true
endCursor: Y3Vyc29yOjEyMA==

Extracted 130 results for 2023-03-11..2023-05-01...


Rate Limit: {
  limit: 5000,
  cost: 1,
  remaining: 4883,
  used: 117,
  resetAt: '2025-01-07T13:38:39Z',
  nodeCount: 0
}
hasNextPage: true
endCursor: Y3Vyc29yOjEzMA==

Extracted 140 results for 2023-03-11..2023-05-01...


Rate Limit: {
  limit: 5000,
  cost: 1,
  remaining: 4882,
  used: 118,
  resetAt: '2025-01-07T13:38:39Z',
  nodeCount: 0
}
hasNextPage: true
endCursor: Y3Vyc29yOjE0MA==

Extracted 150 results for 2023-03-11..2023-05-01...


Rate Limit: {
  limit: 5000,
  cost: 1,
  remaining: 4881,
  used: 119,
  resetAt: '2025-01-07T13:38:39Z',
  nodeCount: 0
}
hasNextPage: true
endCursor: Y3Vyc29yOjE1MA==

Extracted 160 results for 2023-03-11..2023-05-01...


Rate Limit: {
  limit: 5000,
  cost: 1,
  remaining: 4880,
  used: 120,
  resetAt: '2025-01-07T13:38:39Z',
  nodeCount: 0
}
hasNextPage: true
endCursor: Y3Vyc29yOjE2MA==

Extracted 170 results for 2023-03-11..2023-05-01...


Rate Limit: {
  limit: 5000,
  cost: 1,
  remaining: 4879,
  used: 121,
  resetAt: '2025-01-07T13:38:39Z',
  nodeCount: 0
}
hasNextPage: true
endCursor: Y3Vyc29yOjE3MA==

Extracted 180 results for 2023-03-11..2023-05-01...


Rate Limit: {
  limit: 5000,
  cost: 1,
  remaining: 4878,
  used: 122,
  resetAt: '2025-01-07T13:38:39Z',
  nodeCount: 0
}
hasNextPage: true
endCursor: Y3Vyc29yOjE4MA==

Extracted 190 results for 2023-03-11..2023-05-01...


Rate Limit: {
  limit: 5000,
  cost: 1,
  remaining: 4877,
  used: 123,
  resetAt: '2025-01-07T13:38:39Z',
  nodeCount: 0
}
hasNextPage: true
endCursor: Y3Vyc29yOjE5MA==

Extracted 200 results for 2023-03-11..2023-05-01...


Rate Limit: {
  limit: 5000,
  cost: 1,
  remaining: 4876,
  used: 124,
  resetAt: '2025-01-07T13:38:39Z',
  nodeCount: 0
}
hasNextPage: true
endCursor: Y3Vyc29yOjIwMA==

Extracted 210 results for 2023-03-11..2023-05-01...


Rate Limit: {
  limit: 5000,
  cost: 1,
  remaining: 4875,
  used: 125,
  resetAt: '2025-01-07T13:38:39Z',
  nodeCount: 0
}
hasNextPage: true
endCursor: Y3Vyc29yOjIxMA==

Extracted 220 results for 2023-03-11..2023-05-01...


Rate Limit: {
  limit: 5000,
  cost: 1,
  remaining: 4874,
  used: 126,
  resetAt: '2025-01-07T13:38:39Z',
  nodeCount: 0
}
hasNextPage: true
endCursor: Y3Vyc29yOjIyMA==

Extracted 230 results for 2023-03-11..2023-05-01...


Rate Limit: {
  limit: 5000,
  cost: 1,
  remaining: 4873,
  used: 127,
  resetAt: '2025-01-07T13:38:39Z',
  nodeCount: 0
}
hasNextPage: true
endCursor: Y3Vyc29yOjIzMA==

Extracted 240 results for 2023-03-11..2023-05-01...


Rate Limit: {
  limit: 5000,
  cost: 1,
  remaining: 4872,
  used: 128,
  resetAt: '2025-01-07T13:38:39Z',
  nodeCount: 0
}
hasNextPage: true
endCursor: Y3Vyc29yOjI0MA==

Extracted 250 results for 2023-03-11..2023-05-01...


Rate Limit: {
  limit: 5000,
  cost: 1,
  remaining: 4871,
  used: 129,
  resetAt: '2025-01-07T13:38:39Z',
  nodeCount: 0
}
hasNextPage: true
endCursor: Y3Vyc29yOjI1MA==

Extracted 260 results for 2023-03-11..2023-05-01...


Rate Limit: {
  limit: 5000,
  cost: 1,
  remaining: 4870,
  used: 130,
  resetAt: '2025-01-07T13:38:39Z',
  nodeCount: 0
}
hasNextPage: true
endCursor: Y3Vyc29yOjI2MA==

Extracted 270 results for 2023-03-11..2023-05-01...


Rate Limit: {
  limit: 5000,
  cost: 1,
  remaining: 4869,
  used: 131,
  resetAt: '2025-01-07T13:38:39Z',
  nodeCount: 0
}
hasNextPage: true
endCursor: Y3Vyc29yOjI3MA==

Extracted 280 results for 2023-03-11..2023-05-01...


Rate Limit: {
  limit: 5000,
  cost: 1,
  remaining: 4868,
  used: 132,
  resetAt: '2025-01-07T13:38:39Z',
  nodeCount: 0
}
hasNextPage: true
endCursor: Y3Vyc29yOjI4MA==

Extracted 290 results for 2023-03-11..2023-05-01...


Rate Limit: {
  limit: 5000,
  cost: 1,
  remaining: 4867,
  used: 133,
  resetAt: '2025-01-07T13:38:39Z',
  nodeCount: 0
}
hasNextPage: true
endCursor: Y3Vyc29yOjI5MA==

Extracted 300 results for 2023-03-11..2023-05-01...


Rate Limit: {
  limit: 5000,
  cost: 1,
  remaining: 4866,
  used: 134,
  resetAt: '2025-01-07T13:38:39Z',
  nodeCount: 0
}
hasNextPage: true
endCursor: Y3Vyc29yOjMwMA==

Extracted 310 results for 2023-03-11..2023-05-01...


Rate Limit: {
  limit: 5000,
  cost: 1,
  remaining: 4865,
  used: 135,
  resetAt: '2025-01-07T13:38:39Z',
  nodeCount: 0
}
hasNextPage: true
endCursor: Y3Vyc29yOjMxMA==

Extracted 320 results for 2023-03-11..2023-05-01...


Rate Limit: {
  limit: 5000,
  cost: 1,
  remaining: 4864,
  used: 136,
  resetAt: '2025-01-07T13:38:39Z',
  nodeCount: 0
}
hasNextPage: true
endCursor: Y3Vyc29yOjMyMA==

Extracted 330 results for 2023-03-11..2023-05-01...


Rate Limit: {
  limit: 5000,
  cost: 1,
  remaining: 4863,
  used: 137,
  resetAt: '2025-01-07T13:38:39Z',
  nodeCount: 0
}
hasNextPage: true
endCursor: Y3Vyc29yOjMzMA==

Extracted 340 results for 2023-03-11..2023-05-01...


Rate Limit: {
  limit: 5000,
  cost: 1,
  remaining: 4862,
  used: 138,
  resetAt: '2025-01-07T13:38:39Z',
  nodeCount: 0
}
hasNextPage: true
endCursor: Y3Vyc29yOjM0MA==

Extracted 350 results for 2023-03-11..2023-05-01...


Rate Limit: {
  limit: 5000,
  cost: 1,
  remaining: 4861,
  used: 139,
  resetAt: '2025-01-07T13:38:39Z',
  nodeCount: 0
}
hasNextPage: true
endCursor: Y3Vyc29yOjM1MA==

Extracted 360 results for 2023-03-11..2023-05-01...


Rate Limit: {
  limit: 5000,
  cost: 1,
  remaining: 4860,
  used: 140,
  resetAt: '2025-01-07T13:38:39Z',
  nodeCount: 0
}
hasNextPage: true
endCursor: Y3Vyc29yOjM2MA==

Extracted 370 results for 2023-03-11..2023-05-01...


Rate Limit: {
  limit: 5000,
  cost: 1,
  remaining: 4859,
  used: 141,
  resetAt: '2025-01-07T13:38:39Z',
  nodeCount: 0
}
hasNextPage: true
endCursor: Y3Vyc29yOjM3MA==

Extracted 380 results for 2023-03-11..2023-05-01...


Rate Limit: {
  limit: 5000,
  cost: 1,
  remaining: 4858,
  used: 142,
  resetAt: '2025-01-07T13:38:39Z',
  nodeCount: 0
}
hasNextPage: true
endCursor: Y3Vyc29yOjM4MA==

Extracted 390 results for 2023-03-11..2023-05-01...


Rate Limit: {
  limit: 5000,
  cost: 1,
  remaining: 4857,
  used: 143,
  resetAt: '2025-01-07T13:38:39Z',
  nodeCount: 0
}
hasNextPage: true
endCursor: Y3Vyc29yOjM5MA==

Extracted 400 results for 2023-03-11..2023-05-01...


Rate Limit: {
  limit: 5000,
  cost: 1,
  remaining: 4856,
  used: 144,
  resetAt: '2025-01-07T13:38:39Z',
  nodeCount: 0
}
hasNextPage: true
endCursor: Y3Vyc29yOjQwMA==

Extracted 410 results for 2023-03-11..2023-05-01...


Rate Limit: {
  limit: 5000,
  cost: 1,
  remaining: 4855,
  used: 145,
  resetAt: '2025-01-07T13:38:39Z',
  nodeCount: 0
}
hasNextPage: true
endCursor: Y3Vyc29yOjQxMA==

Extracted 420 results for 2023-03-11..2023-05-01...


Rate Limit: {
  limit: 5000,
  cost: 1,
  remaining: 4854,
  used: 146,
  resetAt: '2025-01-07T13:38:39Z',
  nodeCount: 0
}
hasNextPage: true
endCursor: Y3Vyc29yOjQyMA==

Extracted 430 results for 2023-03-11..2023-05-01...


Rate Limit: {
  limit: 5000,
  cost: 1,
  remaining: 4853,
  used: 147,
  resetAt: '2025-01-07T13:38:39Z',
  nodeCount: 0
}
hasNextPage: true
endCursor: Y3Vyc29yOjQzMA==

Extracted 440 results for 2023-03-11..2023-05-01...


Rate Limit: {
  limit: 5000,
  cost: 1,
  remaining: 4852,
  used: 148,
  resetAt: '2025-01-07T13:38:39Z',
  nodeCount: 0
}
hasNextPage: true
endCursor: Y3Vyc29yOjQ0MA==

Extracted 450 results for 2023-03-11..2023-05-01...


Rate Limit: {
  limit: 5000,
  cost: 1,
  remaining: 4851,
  used: 149,
  resetAt: '2025-01-07T13:38:39Z',
  nodeCount: 0
}
hasNextPage: true
endCursor: Y3Vyc29yOjQ1MA==

Extracted 460 results for 2023-03-11..2023-05-01...


Rate Limit: {
  limit: 5000,
  cost: 1,
  remaining: 4850,
  used: 150,
  resetAt: '2025-01-07T13:38:39Z',
  nodeCount: 0
}
hasNextPage: true
endCursor: Y3Vyc29yOjQ2MA==

Extracted 470 results for 2023-03-11..2023-05-01...


Rate Limit: {
  limit: 5000,
  cost: 1,
  remaining: 4849,
  used: 151,
  resetAt: '2025-01-07T13:38:39Z',
  nodeCount: 0
}
hasNextPage: true
endCursor: Y3Vyc29yOjQ3MA==

Extracted 480 results for 2023-03-11..2023-05-01...


Rate Limit: {
  limit: 5000,
  cost: 1,
  remaining: 4848,
  used: 152,
  resetAt: '2025-01-07T13:38:39Z',
  nodeCount: 0
}
hasNextPage: true
endCursor: Y3Vyc29yOjQ4MA==

Extracted 490 results for 2023-03-11..2023-05-01...


Rate Limit: {
  limit: 5000,
  cost: 1,
  remaining: 4847,
  used: 153,
  resetAt: '2025-01-07T13:38:39Z',
  nodeCount: 0
}
hasNextPage: true
endCursor: Y3Vyc29yOjQ5MA==

Extracted 500 results for 2023-03-11..2023-05-01...


Rate Limit: {
  limit: 5000,
  cost: 1,
  remaining: 4846,
  used: 154,
  resetAt: '2025-01-07T13:38:39Z',
  nodeCount: 0
}
hasNextPage: true
endCursor: Y3Vyc29yOjUwMA==

Extracted 510 results for 2023-03-11..2023-05-01...


Rate Limit: {
  limit: 5000,
  cost: 1,
  remaining: 4845,
  used: 155,
  resetAt: '2025-01-07T13:38:39Z',
  nodeCount: 0
}
hasNextPage: true
endCursor: Y3Vyc29yOjUxMA==

Extracted 520 results for 2023-03-11..2023-05-01...


Rate Limit: {
  limit: 5000,
  cost: 1,
  remaining: 4844,
  used: 156,
  resetAt: '2025-01-07T13:38:39Z',
  nodeCount: 0
}
hasNextPage: true
endCursor: Y3Vyc29yOjUyMA==

Extracted 530 results for 2023-03-11..2023-05-01...


Rate Limit: {
  limit: 5000,
  cost: 1,
  remaining: 4843,
  used: 157,
  resetAt: '2025-01-07T13:38:39Z',
  nodeCount: 0
}
hasNextPage: true
endCursor: Y3Vyc29yOjUzMA==

Extracted 540 results for 2023-03-11..2023-05-01...


Rate Limit: {
  limit: 5000,
  cost: 1,
  remaining: 4842,
  used: 158,
  resetAt: '2025-01-07T13:38:39Z',
  nodeCount: 0
}
hasNextPage: true
endCursor: Y3Vyc29yOjU0MA==

Extracted 550 results for 2023-03-11..2023-05-01...


Rate Limit: {
  limit: 5000,
  cost: 1,
  remaining: 4841,
  used: 159,
  resetAt: '2025-01-07T13:38:39Z',
  nodeCount: 0
}
hasNextPage: true
endCursor: Y3Vyc29yOjU1MA==

Extracted 560 results for 2023-03-11..2023-05-01...


Rate Limit: {
  limit: 5000,
  cost: 1,
  remaining: 4840,
  used: 160,
  resetAt: '2025-01-07T13:38:39Z',
  nodeCount: 0
}
hasNextPage: true
endCursor: Y3Vyc29yOjU2MA==

Extracted 570 results for 2023-03-11..2023-05-01...


Rate Limit: {
  limit: 5000,
  cost: 1,
  remaining: 4839,
  used: 161,
  resetAt: '2025-01-07T13:38:39Z',
  nodeCount: 0
}
hasNextPage: true
endCursor: Y3Vyc29yOjU3MA==

Extracted 580 results for 2023-03-11..2023-05-01...


Rate Limit: {
  limit: 5000,
  cost: 1,
  remaining: 4838,
  used: 162,
  resetAt: '2025-01-07T13:38:39Z',
  nodeCount: 0
}
hasNextPage: true
endCursor: Y3Vyc29yOjU4MA==

Extracted 590 results for 2023-03-11..2023-05-01...


Rate Limit: {
  limit: 5000,
  cost: 1,
  remaining: 4837,
  used: 163,
  resetAt: '2025-01-07T13:38:39Z',
  nodeCount: 0
}
hasNextPage: true
endCursor: Y3Vyc29yOjU5MA==

Extracted 600 results for 2023-03-11..2023-05-01...


Rate Limit: {
  limit: 5000,
  cost: 1,
  remaining: 4836,
  used: 164,
  resetAt: '2025-01-07T13:38:39Z',
  nodeCount: 0
}
hasNextPage: true
endCursor: Y3Vyc29yOjYwMA==

Extracted 610 results for 2023-03-11..2023-05-01...


Rate Limit: {
  limit: 5000,
  cost: 1,
  remaining: 4835,
  used: 165,
  resetAt: '2025-01-07T13:38:39Z',
  nodeCount: 0
}
hasNextPage: true
endCursor: Y3Vyc29yOjYxMA==

Extracted 620 results for 2023-03-11..2023-05-01...


Rate Limit: {
  limit: 5000,
  cost: 1,
  remaining: 4834,
  used: 166,
  resetAt: '2025-01-07T13:38:39Z',
  nodeCount: 0
}
hasNextPage: true
endCursor: Y3Vyc29yOjYyMA==

Extracted 630 results for 2023-03-11..2023-05-01...


Rate Limit: {
  limit: 5000,
  cost: 1,
  remaining: 4833,
  used: 167,
  resetAt: '2025-01-07T13:38:39Z',
  nodeCount: 0
}
hasNextPage: true
endCursor: Y3Vyc29yOjYzMA==

Extracted 640 results for 2023-03-11..2023-05-01...


Rate Limit: {
  limit: 5000,
  cost: 1,
  remaining: 4832,
  used: 168,
  resetAt: '2025-01-07T13:38:39Z',
  nodeCount: 0
}
hasNextPage: true
endCursor: Y3Vyc29yOjY0MA==

Extracted 650 results for 2023-03-11..2023-05-01...


Rate Limit: {
  limit: 5000,
  cost: 1,
  remaining: 4831,
  used: 169,
  resetAt: '2025-01-07T13:38:39Z',
  nodeCount: 0
}
hasNextPage: true
endCursor: Y3Vyc29yOjY1MA==

Extracted 660 results for 2023-03-11..2023-05-01...


Rate Limit: {
  limit: 5000,
  cost: 1,
  remaining: 4830,
  used: 170,
  resetAt: '2025-01-07T13:38:39Z',
  nodeCount: 0
}
hasNextPage: true
endCursor: Y3Vyc29yOjY2MA==

Extracted 670 results for 2023-03-11..2023-05-01...


Rate Limit: {
  limit: 5000,
  cost: 1,
  remaining: 4829,
  used: 171,
  resetAt: '2025-01-07T13:38:39Z',
  nodeCount: 0
}
hasNextPage: true
endCursor: Y3Vyc29yOjY3MA==

Extracted 672 results for 2023-03-11..2023-05-01...


Rate Limit: {
  limit: 5000,
  cost: 1,
  remaining: 4828,
  used: 172,
  resetAt: '2025-01-07T13:38:39Z',
  nodeCount: 0
}
hasNextPage: false
endCursor: Y3Vyc29yOjY3Mg==

Extracted 1616 results for 2023-03-11..2023-05-01...
Checking if date range should be split: stars:>10 language:java size:>=20 mirror:false template:false NOT android created:2023-05-02..2023-10-01
{ search: { repositoryCount: 1793 } }
Results: 1793

Splitting 2023-05-02..2023-10-01 into 152 days...
Checking if date range should be split: stars:>10 language:java size:>=20 mirror:false template:false NOT android created:2023-05-02..2023-07-17
{ search: { repositoryCount: 945 } }
Results: 945

Extracted 10 results for 2023-05-02..2023-07-17...


Rate Limit: {
  limit: 5000,
  cost: 1,
  remaining: 4825,
  used: 175,
  resetAt: '2025-01-07T13:38:39Z',
  nodeCount: 0
}
hasNextPage: true
endCursor: Y3Vyc29yOjEw

Extracted 20 results for 2023-05-02..2023-07-17...


Rate Limit: {
  limit: 5000,
  cost: 1,
  remaining: 4824,
  used: 176,
  resetAt: '2025-01-07T13:38:39Z',
  nodeCount: 0
}
hasNextPage: true
endCursor: Y3Vyc29yOjIw

Extracted 30 results for 2023-05-02..2023-07-17...


Rate Limit: {
  limit: 5000,
  cost: 1,
  remaining: 4823,
  used: 177,
  resetAt: '2025-01-07T13:38:39Z',
  nodeCount: 0
}
hasNextPage: true
endCursor: Y3Vyc29yOjMw

Extracted 40 results for 2023-05-02..2023-07-17...


Rate Limit: {
  limit: 5000,
  cost: 1,
  remaining: 4822,
  used: 178,
  resetAt: '2025-01-07T13:38:39Z',
  nodeCount: 0
}
hasNextPage: true
endCursor: Y3Vyc29yOjQw

Extracted 50 results for 2023-05-02..2023-07-17...


Rate Limit: {
  limit: 5000,
  cost: 1,
  remaining: 4821,
  used: 179,
  resetAt: '2025-01-07T13:38:39Z',
  nodeCount: 0
}
hasNextPage: true
endCursor: Y3Vyc29yOjUw

Extracted 60 results for 2023-05-02..2023-07-17...


Rate Limit: {
  limit: 5000,
  cost: 1,
  remaining: 4820,
  used: 180,
  resetAt: '2025-01-07T13:38:39Z',
  nodeCount: 0
}
hasNextPage: true
endCursor: Y3Vyc29yOjYw

Extracted 70 results for 2023-05-02..2023-07-17...


Rate Limit: {
  limit: 5000,
  cost: 1,
  remaining: 4819,
  used: 181,
  resetAt: '2025-01-07T13:38:39Z',
  nodeCount: 0
}
hasNextPage: true
endCursor: Y3Vyc29yOjcw

Extracted 80 results for 2023-05-02..2023-07-17...


Rate Limit: {
  limit: 5000,
  cost: 1,
  remaining: 4818,
  used: 182,
  resetAt: '2025-01-07T13:38:39Z',
  nodeCount: 0
}
hasNextPage: true
endCursor: Y3Vyc29yOjgw

Extracted 90 results for 2023-05-02..2023-07-17...


Rate Limit: {
  limit: 5000,
  cost: 1,
  remaining: 4817,
  used: 183,
  resetAt: '2025-01-07T13:38:39Z',
  nodeCount: 0
}
hasNextPage: true
endCursor: Y3Vyc29yOjkw

Extracted 100 results for 2023-05-02..2023-07-17...


Rate Limit: {
  limit: 5000,
  cost: 1,
  remaining: 4816,
  used: 184,
  resetAt: '2025-01-07T13:38:39Z',
  nodeCount: 0
}
hasNextPage: true
endCursor: Y3Vyc29yOjEwMA==

Extracted 110 results for 2023-05-02..2023-07-17...


Rate Limit: {
  limit: 5000,
  cost: 1,
  remaining: 4815,
  used: 185,
  resetAt: '2025-01-07T13:38:39Z',
  nodeCount: 0
}
hasNextPage: true
endCursor: Y3Vyc29yOjExMA==

Extracted 120 results for 2023-05-02..2023-07-17...


Rate Limit: {
  limit: 5000,
  cost: 1,
  remaining: 4814,
  used: 186,
  resetAt: '2025-01-07T13:38:39Z',
  nodeCount: 0
}
hasNextPage: true
endCursor: Y3Vyc29yOjEyMA==

Extracted 130 results for 2023-05-02..2023-07-17...


Rate Limit: {
  limit: 5000,
  cost: 1,
  remaining: 4813,
  used: 187,
  resetAt: '2025-01-07T13:38:39Z',
  nodeCount: 0
}
hasNextPage: true
endCursor: Y3Vyc29yOjEzMA==

Extracted 140 results for 2023-05-02..2023-07-17...


Rate Limit: {
  limit: 5000,
  cost: 1,
  remaining: 4812,
  used: 188,
  resetAt: '2025-01-07T13:38:39Z',
  nodeCount: 0
}
hasNextPage: true
endCursor: Y3Vyc29yOjE0MA==

Extracted 150 results for 2023-05-02..2023-07-17...


Rate Limit: {
  limit: 5000,
  cost: 1,
  remaining: 4811,
  used: 189,
  resetAt: '2025-01-07T13:38:39Z',
  nodeCount: 0
}
hasNextPage: true
endCursor: Y3Vyc29yOjE1MA==

Extracted 160 results for 2023-05-02..2023-07-17...


Rate Limit: {
  limit: 5000,
  cost: 1,
  remaining: 4810,
  used: 190,
  resetAt: '2025-01-07T13:38:39Z',
  nodeCount: 0
}
hasNextPage: true
endCursor: Y3Vyc29yOjE2MA==

Extracted 170 results for 2023-05-02..2023-07-17...


Rate Limit: {
  limit: 5000,
  cost: 1,
  remaining: 4809,
  used: 191,
  resetAt: '2025-01-07T13:38:39Z',
  nodeCount: 0
}
hasNextPage: true
endCursor: Y3Vyc29yOjE3MA==

Extracted 180 results for 2023-05-02..2023-07-17...


Rate Limit: {
  limit: 5000,
  cost: 1,
  remaining: 4808,
  used: 192,
  resetAt: '2025-01-07T13:38:39Z',
  nodeCount: 0
}
hasNextPage: true
endCursor: Y3Vyc29yOjE4MA==

Extracted 190 results for 2023-05-02..2023-07-17...


Rate Limit: {
  limit: 5000,
  cost: 1,
  remaining: 4807,
  used: 193,
  resetAt: '2025-01-07T13:38:39Z',
  nodeCount: 0
}
hasNextPage: true
endCursor: Y3Vyc29yOjE5MA==

Extracted 200 results for 2023-05-02..2023-07-17...


Rate Limit: {
  limit: 5000,
  cost: 1,
  remaining: 4806,
  used: 194,
  resetAt: '2025-01-07T13:38:39Z',
  nodeCount: 0
}
hasNextPage: true
endCursor: Y3Vyc29yOjIwMA==

Extracted 210 results for 2023-05-02..2023-07-17...


Rate Limit: {
  limit: 5000,
  cost: 1,
  remaining: 4805,
  used: 195,
  resetAt: '2025-01-07T13:38:39Z',
  nodeCount: 0
}
hasNextPage: true
endCursor: Y3Vyc29yOjIxMA==

Extracted 220 results for 2023-05-02..2023-07-17...


Rate Limit: {
  limit: 5000,
  cost: 1,
  remaining: 4804,
  used: 196,
  resetAt: '2025-01-07T13:38:39Z',
  nodeCount: 0
}
hasNextPage: true
endCursor: Y3Vyc29yOjIyMA==

Extracted 230 results for 2023-05-02..2023-07-17...


Rate Limit: {
  limit: 5000,
  cost: 1,
  remaining: 4803,
  used: 197,
  resetAt: '2025-01-07T13:38:39Z',
  nodeCount: 0
}
hasNextPage: true
endCursor: Y3Vyc29yOjIzMA==

Extracted 240 results for 2023-05-02..2023-07-17...


Rate Limit: {
  limit: 5000,
  cost: 1,
  remaining: 4802,
  used: 198,
  resetAt: '2025-01-07T13:38:39Z',
  nodeCount: 0
}
hasNextPage: true
endCursor: Y3Vyc29yOjI0MA==

Extracted 250 results for 2023-05-02..2023-07-17...


Rate Limit: {
  limit: 5000,
  cost: 1,
  remaining: 4801,
  used: 199,
  resetAt: '2025-01-07T13:38:39Z',
  nodeCount: 0
}
hasNextPage: true
endCursor: Y3Vyc29yOjI1MA==

Extracted 260 results for 2023-05-02..2023-07-17...


Rate Limit: {
  limit: 5000,
  cost: 1,
  remaining: 4800,
  used: 200,
  resetAt: '2025-01-07T13:38:39Z',
  nodeCount: 0
}
hasNextPage: true
endCursor: Y3Vyc29yOjI2MA==

Extracted 270 results for 2023-05-02..2023-07-17...


Rate Limit: {
  limit: 5000,
  cost: 1,
  remaining: 4799,
  used: 201,
  resetAt: '2025-01-07T13:38:39Z',
  nodeCount: 0
}
hasNextPage: true
endCursor: Y3Vyc29yOjI3MA==

Extracted 280 results for 2023-05-02..2023-07-17...


Rate Limit: {
  limit: 5000,
  cost: 1,
  remaining: 4798,
  used: 202,
  resetAt: '2025-01-07T13:38:39Z',
  nodeCount: 0
}
hasNextPage: true
endCursor: Y3Vyc29yOjI4MA==

Extracted 290 results for 2023-05-02..2023-07-17...


Rate Limit: {
  limit: 5000,
  cost: 1,
  remaining: 4797,
  used: 203,
  resetAt: '2025-01-07T13:38:39Z',
  nodeCount: 0
}
hasNextPage: true
endCursor: Y3Vyc29yOjI5MA==

Extracted 300 results for 2023-05-02..2023-07-17...


Rate Limit: {
  limit: 5000,
  cost: 1,
  remaining: 4796,
  used: 204,
  resetAt: '2025-01-07T13:38:39Z',
  nodeCount: 0
}
hasNextPage: true
endCursor: Y3Vyc29yOjMwMA==

Extracted 310 results for 2023-05-02..2023-07-17...


Rate Limit: {
  limit: 5000,
  cost: 1,
  remaining: 4795,
  used: 205,
  resetAt: '2025-01-07T13:38:39Z',
  nodeCount: 0
}
hasNextPage: true
endCursor: Y3Vyc29yOjMxMA==

Extracted 320 results for 2023-05-02..2023-07-17...


Rate Limit: {
  limit: 5000,
  cost: 1,
  remaining: 4794,
  used: 206,
  resetAt: '2025-01-07T13:38:39Z',
  nodeCount: 0
}
hasNextPage: true
endCursor: Y3Vyc29yOjMyMA==

Extracted 330 results for 2023-05-02..2023-07-17...


Rate Limit: {
  limit: 5000,
  cost: 1,
  remaining: 4793,
  used: 207,
  resetAt: '2025-01-07T13:38:39Z',
  nodeCount: 0
}
hasNextPage: true
endCursor: Y3Vyc29yOjMzMA==

Extracted 340 results for 2023-05-02..2023-07-17...


Rate Limit: {
  limit: 5000,
  cost: 1,
  remaining: 4792,
  used: 208,
  resetAt: '2025-01-07T13:38:39Z',
  nodeCount: 0
}
hasNextPage: true
endCursor: Y3Vyc29yOjM0MA==

Extracted 350 results for 2023-05-02..2023-07-17...


Rate Limit: {
  limit: 5000,
  cost: 1,
  remaining: 4791,
  used: 209,
  resetAt: '2025-01-07T13:38:39Z',
  nodeCount: 0
}
hasNextPage: true
endCursor: Y3Vyc29yOjM1MA==

Extracted 360 results for 2023-05-02..2023-07-17...


Rate Limit: {
  limit: 5000,
  cost: 1,
  remaining: 4790,
  used: 210,
  resetAt: '2025-01-07T13:38:39Z',
  nodeCount: 0
}
hasNextPage: true
endCursor: Y3Vyc29yOjM2MA==

Extracted 370 results for 2023-05-02..2023-07-17...


Rate Limit: {
  limit: 5000,
  cost: 1,
  remaining: 4789,
  used: 211,
  resetAt: '2025-01-07T13:38:39Z',
  nodeCount: 0
}
hasNextPage: true
endCursor: Y3Vyc29yOjM3MA==

Extracted 380 results for 2023-05-02..2023-07-17...


Rate Limit: {
  limit: 5000,
  cost: 1,
  remaining: 4788,
  used: 212,
  resetAt: '2025-01-07T13:38:39Z',
  nodeCount: 0
}
hasNextPage: true
endCursor: Y3Vyc29yOjM4MA==

Extracted 390 results for 2023-05-02..2023-07-17...


Rate Limit: {
  limit: 5000,
  cost: 1,
  remaining: 4787,
  used: 213,
  resetAt: '2025-01-07T13:38:39Z',
  nodeCount: 0
}
hasNextPage: true
endCursor: Y3Vyc29yOjM5MA==

Extracted 400 results for 2023-05-02..2023-07-17...


Rate Limit: {
  limit: 5000,
  cost: 1,
  remaining: 4786,
  used: 214,
  resetAt: '2025-01-07T13:38:39Z',
  nodeCount: 0
}
hasNextPage: true
endCursor: Y3Vyc29yOjQwMA==

Extracted 410 results for 2023-05-02..2023-07-17...


Rate Limit: {
  limit: 5000,
  cost: 1,
  remaining: 4785,
  used: 215,
  resetAt: '2025-01-07T13:38:39Z',
  nodeCount: 0
}
hasNextPage: true
endCursor: Y3Vyc29yOjQxMA==

Extracted 420 results for 2023-05-02..2023-07-17...


Rate Limit: {
  limit: 5000,
  cost: 1,
  remaining: 4784,
  used: 216,
  resetAt: '2025-01-07T13:38:39Z',
  nodeCount: 0
}
hasNextPage: true
endCursor: Y3Vyc29yOjQyMA==

Extracted 430 results for 2023-05-02..2023-07-17...


Rate Limit: {
  limit: 5000,
  cost: 1,
  remaining: 4783,
  used: 217,
  resetAt: '2025-01-07T13:38:39Z',
  nodeCount: 0
}
hasNextPage: true
endCursor: Y3Vyc29yOjQzMA==

Extracted 440 results for 2023-05-02..2023-07-17...


Rate Limit: {
  limit: 5000,
  cost: 1,
  remaining: 4782,
  used: 218,
  resetAt: '2025-01-07T13:38:39Z',
  nodeCount: 0
}
hasNextPage: true
endCursor: Y3Vyc29yOjQ0MA==

Extracted 450 results for 2023-05-02..2023-07-17...


Rate Limit: {
  limit: 5000,
  cost: 1,
  remaining: 4781,
  used: 219,
  resetAt: '2025-01-07T13:38:39Z',
  nodeCount: 0
}
hasNextPage: true
endCursor: Y3Vyc29yOjQ1MA==

Extracted 460 results for 2023-05-02..2023-07-17...


Rate Limit: {
  limit: 5000,
  cost: 1,
  remaining: 4780,
  used: 220,
  resetAt: '2025-01-07T13:38:39Z',
  nodeCount: 0
}
hasNextPage: true
endCursor: Y3Vyc29yOjQ2MA==

Extracted 470 results for 2023-05-02..2023-07-17...


Rate Limit: {
  limit: 5000,
  cost: 1,
  remaining: 4779,
  used: 221,
  resetAt: '2025-01-07T13:38:39Z',
  nodeCount: 0
}
hasNextPage: true
endCursor: Y3Vyc29yOjQ3MA==

Extracted 480 results for 2023-05-02..2023-07-17...


Rate Limit: {
  limit: 5000,
  cost: 1,
  remaining: 4778,
  used: 222,
  resetAt: '2025-01-07T13:38:39Z',
  nodeCount: 0
}
hasNextPage: true
endCursor: Y3Vyc29yOjQ4MA==

Extracted 490 results for 2023-05-02..2023-07-17...


Rate Limit: {
  limit: 5000,
  cost: 1,
  remaining: 4777,
  used: 223,
  resetAt: '2025-01-07T13:38:39Z',
  nodeCount: 0
}
hasNextPage: true
endCursor: Y3Vyc29yOjQ5MA==

Extracted 500 results for 2023-05-02..2023-07-17...


Rate Limit: {
  limit: 5000,
  cost: 1,
  remaining: 4776,
  used: 224,
  resetAt: '2025-01-07T13:38:39Z',
  nodeCount: 0
}
hasNextPage: true
endCursor: Y3Vyc29yOjUwMA==

Extracted 510 results for 2023-05-02..2023-07-17...


Rate Limit: {
  limit: 5000,
  cost: 1,
  remaining: 4775,
  used: 225,
  resetAt: '2025-01-07T13:38:39Z',
  nodeCount: 0
}
hasNextPage: true
endCursor: Y3Vyc29yOjUxMA==

Extracted 520 results for 2023-05-02..2023-07-17...


Rate Limit: {
  limit: 5000,
  cost: 1,
  remaining: 4774,
  used: 226,
  resetAt: '2025-01-07T13:38:39Z',
  nodeCount: 0
}
hasNextPage: true
endCursor: Y3Vyc29yOjUyMA==

Extracted 530 results for 2023-05-02..2023-07-17...


Rate Limit: {
  limit: 5000,
  cost: 1,
  remaining: 4773,
  used: 227,
  resetAt: '2025-01-07T13:38:39Z',
  nodeCount: 0
}
hasNextPage: true
endCursor: Y3Vyc29yOjUzMA==

Extracted 540 results for 2023-05-02..2023-07-17...


Rate Limit: {
  limit: 5000,
  cost: 1,
  remaining: 4772,
  used: 228,
  resetAt: '2025-01-07T13:38:39Z',
  nodeCount: 0
}
hasNextPage: true
endCursor: Y3Vyc29yOjU0MA==

Extracted 550 results for 2023-05-02..2023-07-17...


Rate Limit: {
  limit: 5000,
  cost: 1,
  remaining: 4771,
  used: 229,
  resetAt: '2025-01-07T13:38:39Z',
  nodeCount: 0
}
hasNextPage: true
endCursor: Y3Vyc29yOjU1MA==

Extracted 560 results for 2023-05-02..2023-07-17...


Rate Limit: {
  limit: 5000,
  cost: 1,
  remaining: 4770,
  used: 230,
  resetAt: '2025-01-07T13:38:39Z',
  nodeCount: 0
}
hasNextPage: true
endCursor: Y3Vyc29yOjU2MA==

Extracted 570 results for 2023-05-02..2023-07-17...


Rate Limit: {
  limit: 5000,
  cost: 1,
  remaining: 4769,
  used: 231,
  resetAt: '2025-01-07T13:38:39Z',
  nodeCount: 0
}
hasNextPage: true
endCursor: Y3Vyc29yOjU3MA==

Extracted 580 results for 2023-05-02..2023-07-17...


Rate Limit: {
  limit: 5000,
  cost: 1,
  remaining: 4768,
  used: 232,
  resetAt: '2025-01-07T13:38:39Z',
  nodeCount: 0
}
hasNextPage: true
endCursor: Y3Vyc29yOjU4MA==

Extracted 590 results for 2023-05-02..2023-07-17...


Rate Limit: {
  limit: 5000,
  cost: 1,
  remaining: 4767,
  used: 233,
  resetAt: '2025-01-07T13:38:39Z',
  nodeCount: 0
}
hasNextPage: true
endCursor: Y3Vyc29yOjU5MA==

Extracted 600 results for 2023-05-02..2023-07-17...


Rate Limit: {
  limit: 5000,
  cost: 1,
  remaining: 4766,
  used: 234,
  resetAt: '2025-01-07T13:38:39Z',
  nodeCount: 0
}
hasNextPage: true
endCursor: Y3Vyc29yOjYwMA==

Extracted 610 results for 2023-05-02..2023-07-17...


Rate Limit: {
  limit: 5000,
  cost: 1,
  remaining: 4765,
  used: 235,
  resetAt: '2025-01-07T13:38:39Z',
  nodeCount: 0
}
hasNextPage: true
endCursor: Y3Vyc29yOjYxMA==

Extracted 620 results for 2023-05-02..2023-07-17...


Rate Limit: {
  limit: 5000,
  cost: 1,
  remaining: 4764,
  used: 236,
  resetAt: '2025-01-07T13:38:39Z',
  nodeCount: 0
}
hasNextPage: true
endCursor: Y3Vyc29yOjYyMA==

Extracted 630 results for 2023-05-02..2023-07-17...


Rate Limit: {
  limit: 5000,
  cost: 1,
  remaining: 4763,
  used: 237,
  resetAt: '2025-01-07T13:38:39Z',
  nodeCount: 0
}
hasNextPage: true
endCursor: Y3Vyc29yOjYzMA==

Extracted 640 results for 2023-05-02..2023-07-17...


Rate Limit: {
  limit: 5000,
  cost: 1,
  remaining: 4762,
  used: 238,
  resetAt: '2025-01-07T13:38:39Z',
  nodeCount: 0
}
hasNextPage: true
endCursor: Y3Vyc29yOjY0MA==
ClientError: GraphQL Error (Code: 502): {"response":{"status":502,"headers":{}},"request":{"query":"query ($searchQuery: String!, $first: Int, $after: String) {\n  search(query: $searchQuery, type: REPOSITORY, first: $first, after: $after) {\n    repositoryCount\n    nodes {\n      ... on Repository {\n        nameWithOwner\n        defaultBranchRef {\n          name\n        }\n        createdAt\n        refs(refPrefix: \"refs/heads/\") {\n          totalCount\n        }\n        defaultBranchRef {\n          name\n          target {\n            repository {\n              object(expression: \"HEAD:README.md\") {\n                ... on Blob {\n                  text\n                }\n              }\n            }\n          }\n        }\n        releases(first:1) {\n          edges {\n            node {\n              id\n            }\n          }\n          totalCount\n        }\n        issues(states: [OPEN]) {\n          totalCount\n        }\n        object(expression: \"HEAD:.github/workflows/\") {\n          ... on Tree {\n            entries {\n              name\n              object {\n                ... on Blob {\n                  byteSize\n                }\n              }\n            }\n          }\n        }\n        licenseInfo {\n          spdxId\n        }\n      }\n    }\n    pageInfo {\n      endCursor\n      hasNextPage\n    }\n  }\n}\n","variables":{"searchQuery":"stars:>10 language:java size:>=20 mirror:false template:false NOT android created:2023-05-02..2023-07-17","first":10,"after":"Y3Vyc29yOjY0MA=="}}}
    at runRequest (file:///usr/lib/node_modules/ghminer/node_modules/graphql-request/build/legacy/helpers/runRequest.js:26:16)
    at process.processTicksAndRejections (node:internal/process/task_queues:95:5)
    at async GraphQLClient.request (file:///usr/lib/node_modules/ghminer/node_modules/graphql-request/build/legacy/classes/GraphQLClient.js:66:26)
    at async fetchResultsBatch (/usr/lib/node_modules/ghminer/src/index.js:103:18)
    at async fetchResultsBatch (/usr/lib/node_modules/ghminer/src/index.js:122:14)
    at async fetchResultsBatch (/usr/lib/node_modules/ghminer/src/index.js:122:14)
    at async fetchResultsBatch (/usr/lib/node_modules/ghminer/src/index.js:122:14)
    at async fetchResultsBatch (/usr/lib/node_modules/ghminer/src/index.js:122:14)
    at async fetchResultsBatch (/usr/lib/node_modules/ghminer/src/index.js:122:14)
    at async fetchResultsBatch (/usr/lib/node_modules/ghminer/src/index.js:122:14) {
  response: {
    status: 502,
    headers: HeadersList {
      cookies: null,
      [Symbol(headers map)]: [Map],
      [Symbol(headers map sorted)]: null
    }
  },
  request: {
    query: 'query ($searchQuery: String!, $first: Int, $after: String) {\n' +
      '  search(query: $searchQuery, type: REPOSITORY, first: $first, after: $after) {\n' +
      '    repositoryCount\n' +
      '    nodes {\n' +
      '      ... on Repository {\n' +
      '        nameWithOwner\n' +
      '        defaultBranchRef {\n' +
      '          name\n' +
      '        }\n' +
      '        createdAt\n' +
      '        refs(refPrefix: "refs/heads/") {\n' +
      '          totalCount\n' +
      '        }\n' +
      '        defaultBranchRef {\n' +
      '          name\n' +
      '          target {\n' +
      '            repository {\n' +
      '              object(expression: "HEAD:README.md") {\n' +
      '                ... on Blob {\n' +
      '                  text\n' +
      '                }\n' +
      '              }\n' +
      '            }\n' +
      '          }\n' +
      '        }\n' +
      '        releases(first:1) {\n' +
      '          edges {\n' +
      '            node {\n' +
      '              id\n' +
      '            }\n' +
      '          }\n' +
      '          totalCount\n' +
      '        }\n' +
      '        issues(states: [OPEN]) {\n' +
      '          totalCount\n' +
      '        }\n' +
      '        object(expression: "HEAD:.github/workflows/") {\n' +
      '          ... on Tree {\n' +
      '            entries {\n' +
      '              name\n' +
      '              object {\n' +
      '                ... on Blob {\n' +
      '                  byteSize\n' +
      '                }\n' +
      '              }\n' +
      '            }\n' +
      '          }\n' +
      '        }\n' +
      '        licenseInfo {\n' +
      '          spdxId\n' +
      '        }\n' +
      '      }\n' +
      '    }\n' +
      '    pageInfo {\n' +
      '      endCursor\n' +
      '      hasNextPage\n' +
      '    }\n' +
      '  }\n' +
      '}\n',
    variables: {
      searchQuery: 'stars:>10 language:java size:>=20 mirror:false template:false NOT android created:2023-05-02..2023-07-17',
      first: 10,
      after: 'Y3Vyc29yOjY0MA=='
    }
  }
}
TypeError: result is not iterable (cannot read property undefined)
    at fetchAllResults (/usr/lib/node_modules/ghminer/src/index.js:203:21)
    at process.processTicksAndRejections (node:internal/process/task_queues:95:5)
TypeError: Cannot read properties of undefined (reading 'map')
    at writeFiles (/usr/lib/node_modules/ghminer/src/index.js:235:33)
    at /usr/lib/node_modules/ghminer/src/index.js:263:5
    at process.processTicksAndRejections (node:internal/process/task_queues:95:5)
cd sr-data && poetry poe pipeline --representation resources/pipeline.json --steps pulls,filter,workflows,junit --pipes "../steps.txt" --out "../files.txt"
Poe => pipeline --representation resources/pipeline.json --steps pulls,filter,workflows,junit --pipes ../steps.txt --out ../files.txt
2025-01-07 12:49:13.971 | DEBUG    | sr_data.pipeline:main:70 - Built step: just pulls "../repos.csv" $GH_TOKEN "../repos-with-pulls.csv"
2025-01-07 12:49:13.971 | DEBUG    | sr_data.pipeline:main:70 - Built step: just filter "../repos-with-pulls.csv" "../filtered.txt" "../after-filter.csv"
2025-01-07 12:49:13.971 | DEBUG    | sr_data.pipeline:main:70 - Built step: just workflows "../after-filter.csv" "../after-workflows.csv"
2025-01-07 12:49:13.971 | DEBUG    | sr_data.pipeline:main:70 - Built step: just junit "../after-workflows.csv" $GH_TOKEN "../after-junit.csv"
2025-01-07 12:49:13.971 | INFO     | sr_data.pipeline:main:75 - The following commands will be executed:
 ['just pulls "../repos.csv" $GH_TOKEN "../repos-with-pulls.csv"', 'just filter "../repos-with-pulls.csv" "../filtered.txt" "../after-filter.csv"', 'just workflows "../after-filter.csv" "../after-workflows.csv"', 'just junit "../after-workflows.csv" $GH_TOKEN "../after-junit.csv"']
2025-01-07 12:49:13.971 | INFO     | sr_data.pipeline:main:76 - We expect the following files to be generated: ['repos.csv', 'repos-with-pulls.csv', 'after-filter.csv', 'after-workflows.csv', 'after-junit.csv']
cd sr-data && poetry poe pulls --repos "../repos.csv" --token "REDACTED" --out "../repos-with-pulls.csv"
Poe => pulls --repos ../repos.csv --token REDACTED --out ../repos-with-pulls.csv
Traceback (most recent call last):
  File "<string>", line 1, in <module>
  File "/sr-data/src/sr_data/steps/pulls.py", line 32, in main
    frame = pd.read_csv(repos)
            ^^^^^^^^^^^^^^^^^^
  File "/usr/local/lib/python3.12/site-packages/pandas/io/parsers/readers.py", line 1026, in read_csv
    return _read(filepath_or_buffer, kwds)
           ^^^^^^^^^^^^^^^^^^^^^^^^^^^^^^^
  File "/usr/local/lib/python3.12/site-packages/pandas/io/parsers/readers.py", line 620, in _read
    parser = TextFileReader(filepath_or_buffer, **kwds)
             ^^^^^^^^^^^^^^^^^^^^^^^^^^^^^^^^^^^^^^^^^^
  File "/usr/local/lib/python3.12/site-packages/pandas/io/parsers/readers.py", line 1620, in __init__
    self._engine = self._make_engine(f, self.engine)
                   ^^^^^^^^^^^^^^^^^^^^^^^^^^^^^^^^^
  File "/usr/local/lib/python3.12/site-packages/pandas/io/parsers/readers.py", line 1880, in _make_engine
    self.handles = get_handle(
                   ^^^^^^^^^^^
  File "/usr/local/lib/python3.12/site-packages/pandas/io/common.py", line 873, in get_handle
    handle = open(
             ^^^^^
FileNotFoundError: [Errno 2] No such file or directory: '../repos.csv'
error: Recipe `pulls` failed on line 78 with exit code 1
cd sr-data && poetry poe filter --repos "../repos-with-pulls.csv" --out "../after-filter.csv" --filtered "../filtered.txt"
Poe => filter --repos ../repos-with-pulls.csv --out ../after-filter.csv --filtered ../filtered.txt
2025-01-07 12:49:17.189 | INFO     | sr_data.steps.filter:main:40 - Start filtering...
Traceback (most recent call last):
  File "<string>", line 1, in <module>
  File "/sr-data/src/sr_data/steps/filter.py", line 42, in main
    frame = pd.read_csv(repos)
            ^^^^^^^^^^^^^^^^^^
  File "/usr/local/lib/python3.12/site-packages/pandas/io/parsers/readers.py", line 1026, in read_csv
    return _read(filepath_or_buffer, kwds)
           ^^^^^^^^^^^^^^^^^^^^^^^^^^^^^^^
  File "/usr/local/lib/python3.12/site-packages/pandas/io/parsers/readers.py", line 620, in _read
    parser = TextFileReader(filepath_or_buffer, **kwds)
             ^^^^^^^^^^^^^^^^^^^^^^^^^^^^^^^^^^^^^^^^^^
  File "/usr/local/lib/python3.12/site-packages/pandas/io/parsers/readers.py", line 1620, in __init__
    self._engine = self._make_engine(f, self.engine)
                   ^^^^^^^^^^^^^^^^^^^^^^^^^^^^^^^^^
  File "/usr/local/lib/python3.12/site-packages/pandas/io/parsers/readers.py", line 1880, in _make_engine
    self.handles = get_handle(
                   ^^^^^^^^^^^
  File "/usr/local/lib/python3.12/site-packages/pandas/io/common.py", line 873, in get_handle
    handle = open(
             ^^^^^
FileNotFoundError: [Errno 2] No such file or directory: '../repos-with-pulls.csv'
error: Recipe `filter` failed on line 103 with exit code 1
cd sr-data && poetry poe workflows --repos ../after-filter.csv --out ../after-workflows.csv
Poe => workflows --repos ../after-filter.csv --out ../after-workflows.csv
Traceback (most recent call last):
  File "<string>", line 1, in <module>
  File "/sr-data/src/sr_data/steps/workflows.py", line 33, in main
    frame = pd.read_csv(repos)
            ^^^^^^^^^^^^^^^^^^
  File "/usr/local/lib/python3.12/site-packages/pandas/io/parsers/readers.py", line 1026, in read_csv
    return _read(filepath_or_buffer, kwds)
           ^^^^^^^^^^^^^^^^^^^^^^^^^^^^^^^
  File "/usr/local/lib/python3.12/site-packages/pandas/io/parsers/readers.py", line 620, in _read
    parser = TextFileReader(filepath_or_buffer, **kwds)
             ^^^^^^^^^^^^^^^^^^^^^^^^^^^^^^^^^^^^^^^^^^
  File "/usr/local/lib/python3.12/site-packages/pandas/io/parsers/readers.py", line 1620, in __init__
    self._engine = self._make_engine(f, self.engine)
                   ^^^^^^^^^^^^^^^^^^^^^^^^^^^^^^^^^
  File "/usr/local/lib/python3.12/site-packages/pandas/io/parsers/readers.py", line 1880, in _make_engine
    self.handles = get_handle(
                   ^^^^^^^^^^^
  File "/usr/local/lib/python3.12/site-packages/pandas/io/common.py", line 873, in get_handle
    handle = open(
             ^^^^^
FileNotFoundError: [Errno 2] No such file or directory: '../after-filter.csv'
error: Recipe `workflows` failed on line 140 with exit code 1
cd sr-data && poetry poe junit --repos "../after-workflows.csv" --out "../after-junit.csv" --token "REDACTED"
Poe => junit --repos ../after-workflows.csv --out ../after-junit.csv --token REDACTED
Traceback (most recent call last):
  File "<string>", line 1, in <module>
  File "/sr-data/src/sr_data/steps/junit_tests.py", line 40, in main
    frame = pd.read_csv(repos)
            ^^^^^^^^^^^^^^^^^^
  File "/usr/local/lib/python3.12/site-packages/pandas/io/parsers/readers.py", line 1026, in read_csv
    return _read(filepath_or_buffer, kwds)
           ^^^^^^^^^^^^^^^^^^^^^^^^^^^^^^^
  File "/usr/local/lib/python3.12/site-packages/pandas/io/parsers/readers.py", line 620, in _read
    parser = TextFileReader(filepath_or_buffer, **kwds)
             ^^^^^^^^^^^^^^^^^^^^^^^^^^^^^^^^^^^^^^^^^^
  File "/usr/local/lib/python3.12/site-packages/pandas/io/parsers/readers.py", line 1620, in __init__
    self._engine = self._make_engine(f, self.engine)
                   ^^^^^^^^^^^^^^^^^^^^^^^^^^^^^^^^^
  File "/usr/local/lib/python3.12/site-packages/pandas/io/parsers/readers.py", line 1880, in _make_engine
    self.handles = get_handle(
                   ^^^^^^^^^^^
  File "/usr/local/lib/python3.12/site-packages/pandas/io/common.py", line 873, in get_handle
    handle = open(
             ^^^^^
FileNotFoundError: [Errno 2] No such file or directory: '../after-workflows.csv'
error: Recipe `junit` failed on line 88 with exit code 1
"/root/.cargo/bin"/just numerical "..//after-junit.csv" "..//numerical.csv"
cd sr-data && poetry poe numerical --repos "..//after-junit.csv" --out "..//numerical.csv"
Poe => numerical --repos ..//after-junit.csv --out ..//numerical.csv
2025-01-07 12:49:20.236 | INFO     | sr_data.steps.numerical:main:30 - Creating dataset with all numerical data...
Traceback (most recent call last):
  File "<string>", line 1, in <module>
  File "/sr-data/src/sr_data/steps/numerical.py", line 31, in main
    frame = pd.read_csv(repos)
            ^^^^^^^^^^^^^^^^^^
  File "/usr/local/lib/python3.12/site-packages/pandas/io/parsers/readers.py", line 1026, in read_csv
    return _read(filepath_or_buffer, kwds)
           ^^^^^^^^^^^^^^^^^^^^^^^^^^^^^^^
  File "/usr/local/lib/python3.12/site-packages/pandas/io/parsers/readers.py", line 620, in _read
    parser = TextFileReader(filepath_or_buffer, **kwds)
             ^^^^^^^^^^^^^^^^^^^^^^^^^^^^^^^^^^^^^^^^^^
  File "/usr/local/lib/python3.12/site-packages/pandas/io/parsers/readers.py", line 1620, in __init__
    self._engine = self._make_engine(f, self.engine)
                   ^^^^^^^^^^^^^^^^^^^^^^^^^^^^^^^^^
  File "/usr/local/lib/python3.12/site-packages/pandas/io/parsers/readers.py", line 1880, in _make_engine
    self.handles = get_handle(
                   ^^^^^^^^^^^
  File "/usr/local/lib/python3.12/site-packages/pandas/io/common.py", line 873, in get_handle
    handle = open(
             ^^^^^
FileNotFoundError: [Errno 2] No such file or directory: '..//after-junit.csv'
error: Recipe `numerical` failed on line 183 with exit code 1
error: Recipe `datasets` failed on line 161 with exit code 1
