${RULTOR:+sudo} npm install -g ghminer@0.0.7

added 7 packages in 1s

1 package is looking for funding
  run `npm fund` for details
poetry self add 'poethepoet[poetry_plugin]'
Using version ^0.31.1 for poethepoet

Updating dependencies
Resolving dependencies...

Package operations: 3 installs, 0 updates, 0 removals

  - Installing pastel (0.2.1)
  - Installing pyyaml (6.0.2)
  - Installing poethepoet (0.31.1)

Writing lock file
cd sr-data && poetry install
Creating virtualenv sr-data-iIS7NBSl-py3.12 in /home/runner/.cache/pypoetry/virtualenvs
Updating dependencies
Resolving dependencies...

Package operations: 47 installs, 0 updates, 0 removals

  - Installing certifi (2024.8.30)
  - Installing charset-normalizer (3.4.0)
  - Installing idna (3.10)
  - Installing urllib3 (2.2.3)
  - Installing filelock (3.16.1)
  - Installing fsspec (2024.10.0)
  - Installing h11 (0.14.0)
  - Installing packaging (24.2)
  - Installing pyyaml (6.0.2)
  - Installing requests (2.32.3)
  - Installing sniffio (1.3.1)
  - Installing tqdm (4.67.1)
  - Installing typing-extensions (4.12.2)
  - Installing annotated-types (0.7.0)
  - Installing anyio (4.6.2.post1)
  - Installing httpcore (1.0.7)
  - Installing huggingface-hub (0.26.3)
  - Installing pydantic-core (2.27.1)
  - Installing six (1.16.0)
  - Installing click (8.1.7)
  - Installing fastavro (1.9.7)
  - Installing httpx (0.28.0)
  - Installing httpx-sse (0.4.0)
  - Installing iniconfig (2.0.0)
  - Installing joblib (1.4.2)
  - Installing mdurl (0.1.2)
  - Installing numpy (1.26.4)
  - Installing parameterized (0.9.0)
  - Installing pluggy (1.5.0)
  - Installing pydantic (2.10.2)
  - Installing python-dateutil (2.9.0.post0)
  - Installing pytz (2024.2)
  - Installing regex (2024.11.6)
  - Installing soupsieve (2.6)
  - Installing tokenizers (0.21.0)
  - Installing types-requests (2.32.0.20241016)
  - Installing tzdata (2024.2)
  - Installing beautifulsoup4 (4.12.3)
  - Installing cohere (5.11.4)
  - Installing langdetect (1.0.9)
  - Installing loguru (0.7.2)
  - Installing markdown (3.7)
  - Installing markdown-it-py (3.0.0)
  - Installing nltk (3.9.1)
  - Installing pandas (2.2.3)
  - Installing pytest (8.3.3)
  - Installing scikit-fuzzy (0.5.0)

Writing lock file

Installing the current project: sr-data (0.0.0)
cd sr-train && poetry install
Creating virtualenv sr-train-6xMOtEND-py3.12 in /home/runner/.cache/pypoetry/virtualenvs
Updating dependencies
Resolving dependencies...

Package operations: 13 installs, 0 updates, 0 removals

  - Installing numpy (2.1.3)
  - Installing six (1.16.0)
  - Installing joblib (1.4.2)
  - Installing python-dateutil (2.9.0.post0)
  - Installing pytz (2024.2)
  - Installing scipy (1.13.1)
  - Installing threadpoolctl (3.5.0)
  - Installing tzdata (2024.2)
  - Installing loguru (0.7.2)
  - Installing packaging (24.2)
  - Installing pandas (2.2.3)
  - Installing scikit-fuzzy (0.5.0)
  - Installing scikit-learn (1.5.2)

Writing lock file

Installing the current project: sr-train (0.0.0)
cd sr-data && poetry poe merge --datasets "2024-0103,2024-0309,2024-0911" --out "../merged/2024"
[37mPoe =>[0m [94mmerge --datasets 2024-0103,2024-0309,2024-0911 --out ../merged/2024[0m
[32m2024-11-28 15:14:05.673[0m | [1mINFO    [0m | [36msr_data.steps.merge[0m:[36mmain[0m:[36m44[0m - [1mStart merging...[0m
[32m2024-11-28 15:14:05.674[0m | [1mINFO    [0m | [36msr_data.steps.merge[0m:[36mmain[0m:[36m45[0m - [1mFolders=2024-0103,2024-0309,2024-0911[0m
[32m2024-11-28 15:14:05.918[0m | [1mINFO    [0m | [36msr_data.steps.merge[0m:[36mcontents[0m:[36m77[0m - [1mFetched 2024-0103/d1-scores.csv (930 rows)[0m
[32m2024-11-28 15:14:07.135[0m | [1mINFO    [0m | [36msr_data.steps.merge[0m:[36mcontents[0m:[36m77[0m - [1mFetched 2024-0103/d2-sbert.csv (930 rows)[0m
[32m2024-11-28 15:14:10.028[0m | [1mINFO    [0m | [36msr_data.steps.merge[0m:[36mcontents[0m:[36m77[0m - [1mFetched 2024-0103/d3-e5.csv (930 rows)[0m
[32m2024-11-28 15:14:11.597[0m | [1mINFO    [0m | [36msr_data.steps.merge[0m:[36mcontents[0m:[36m77[0m - [1mFetched 2024-0103/d4-embedv3.csv (930 rows)[0m
[32m2024-11-28 15:14:12.622[0m | [1mINFO    [0m | [36msr_data.steps.merge[0m:[36mcontents[0m:[36m77[0m - [1mFetched 2024-0103/d5-scores+sbert.csv (930 rows)[0m
[32m2024-11-28 15:14:15.131[0m | [1mINFO    [0m | [36msr_data.steps.merge[0m:[36mcontents[0m:[36m77[0m - [1mFetched 2024-0103/d6-scores+e5.csv (930 rows)[0m
[32m2024-11-28 15:14:16.794[0m | [1mINFO    [0m | [36msr_data.steps.merge[0m:[36mcontents[0m:[36m77[0m - [1mFetched 2024-0103/d7-scores+embedv3.csv (930 rows)[0m
[32m2024-11-28 15:14:16.942[0m | [1mINFO    [0m | [36msr_data.steps.merge[0m:[36mcontents[0m:[36m77[0m - [1mFetched 2024-0309/d1-scores.csv (2101 rows)[0m
[32m2024-11-28 15:14:19.634[0m | [1mINFO    [0m | [36msr_data.steps.merge[0m:[36mcontents[0m:[36m77[0m - [1mFetched 2024-0309/d2-sbert.csv (2101 rows)[0m
[32m2024-11-28 15:14:25.815[0m | [1mINFO    [0m | [36msr_data.steps.merge[0m:[36mcontents[0m:[36m77[0m - [1mFetched 2024-0309/d3-e5.csv (2101 rows)[0m
[32m2024-11-28 15:14:28.986[0m | [1mINFO    [0m | [36msr_data.steps.merge[0m:[36mcontents[0m:[36m77[0m - [1mFetched 2024-0309/d4-embedv3.csv (2101 rows)[0m
[32m2024-11-28 15:14:31.154[0m | [1mINFO    [0m | [36msr_data.steps.merge[0m:[36mcontents[0m:[36m77[0m - [1mFetched 2024-0309/d5-scores+sbert.csv (2101 rows)[0m
[32m2024-11-28 15:14:36.791[0m | [1mINFO    [0m | [36msr_data.steps.merge[0m:[36mcontents[0m:[36m77[0m - [1mFetched 2024-0309/d6-scores+e5.csv (2101 rows)[0m
[32m2024-11-28 15:14:39.835[0m | [1mINFO    [0m | [36msr_data.steps.merge[0m:[36mcontents[0m:[36m77[0m - [1mFetched 2024-0309/d7-scores+embedv3.csv (2101 rows)[0m
[32m2024-11-28 15:14:39.961[0m | [1mINFO    [0m | [36msr_data.steps.merge[0m:[36mcontents[0m:[36m77[0m - [1mFetched 2024-0911/d1-scores.csv (453 rows)[0m
[32m2024-11-28 15:14:40.758[0m | [1mINFO    [0m | [36msr_data.steps.merge[0m:[36mcontents[0m:[36m77[0m - [1mFetched 2024-0911/d2-sbert.csv (453 rows)[0m
[32m2024-11-28 15:14:42.266[0m | [1mINFO    [0m | [36msr_data.steps.merge[0m:[36mcontents[0m:[36m77[0m - [1mFetched 2024-0911/d3-e5.csv (453 rows)[0m
[32m2024-11-28 15:14:43.419[0m | [1mINFO    [0m | [36msr_data.steps.merge[0m:[36mcontents[0m:[36m77[0m - [1mFetched 2024-0911/d4-embedv3.csv (453 rows)[0m
[32m2024-11-28 15:14:44.304[0m | [1mINFO    [0m | [36msr_data.steps.merge[0m:[36mcontents[0m:[36m77[0m - [1mFetched 2024-0911/d5-scores+sbert.csv (453 rows)[0m
[32m2024-11-28 15:14:46.110[0m | [1mINFO    [0m | [36msr_data.steps.merge[0m:[36mcontents[0m:[36m77[0m - [1mFetched 2024-0911/d6-scores+e5.csv (453 rows)[0m
[32m2024-11-28 15:14:47.286[0m | [1mINFO    [0m | [36msr_data.steps.merge[0m:[36mcontents[0m:[36m77[0m - [1mFetched 2024-0911/d7-scores+embedv3.csv (453 rows)[0m
[32m2024-11-28 15:14:47.287[0m | [1mINFO    [0m | [36msr_data.steps.merge[0m:[36mmerge[0m:[36m66[0m - [1mMerged file: d1-scores.csv (3484 rows)[0m
[32m2024-11-28 15:14:47.288[0m | [1mINFO    [0m | [36msr_data.steps.merge[0m:[36mmerge[0m:[36m66[0m - [1mMerged file: d2-sbert.csv (3484 rows)[0m
[32m2024-11-28 15:14:47.293[0m | [1mINFO    [0m | [36msr_data.steps.merge[0m:[36mmerge[0m:[36m66[0m - [1mMerged file: d3-e5.csv (3484 rows)[0m
[32m2024-11-28 15:14:47.298[0m | [1mINFO    [0m | [36msr_data.steps.merge[0m:[36mmerge[0m:[36m66[0m - [1mMerged file: d4-embedv3.csv (3484 rows)[0m
[32m2024-11-28 15:14:47.300[0m | [1mINFO    [0m | [36msr_data.steps.merge[0m:[36mmerge[0m:[36m66[0m - [1mMerged file: d5-scores+sbert.csv (3484 rows)[0m
[32m2024-11-28 15:14:47.306[0m | [1mINFO    [0m | [36msr_data.steps.merge[0m:[36mmerge[0m:[36m66[0m - [1mMerged file: d6-scores+e5.csv (3484 rows)[0m
[32m2024-11-28 15:14:47.312[0m | [1mINFO    [0m | [36msr_data.steps.merge[0m:[36mmerge[0m:[36m66[0m - [1mMerged file: d7-scores+embedv3.csv (3484 rows)[0m
[32m2024-11-28 15:14:47.319[0m | [1mINFO    [0m | [36msr_data.steps.merge[0m:[36mmain[0m:[36m53[0m - [1mSaved merged file 'd1-scores.csv' to ../merged/2024/d1-scores.csv[0m
[32m2024-11-28 15:14:48.512[0m | [1mINFO    [0m | [36msr_data.steps.merge[0m:[36mmain[0m:[36m53[0m - [1mSaved merged file 'd2-sbert.csv' to ../merged/2024/d2-sbert.csv[0m
[32m2024-11-28 15:14:51.779[0m | [1mINFO    [0m | [36msr_data.steps.merge[0m:[36mmain[0m:[36m53[0m - [1mSaved merged file 'd3-e5.csv' to ../merged/2024/d3-e5.csv[0m
[32m2024-11-28 15:14:54.157[0m | [1mINFO    [0m | [36msr_data.steps.merge[0m:[36mmain[0m:[36m53[0m - [1mSaved merged file 'd4-embedv3.csv' to ../merged/2024/d4-embedv3.csv[0m
[32m2024-11-28 15:14:55.338[0m | [1mINFO    [0m | [36msr_data.steps.merge[0m:[36mmain[0m:[36m53[0m - [1mSaved merged file 'd5-scores+sbert.csv' to ../merged/2024/d5-scores+sbert.csv[0m
[32m2024-11-28 15:14:58.563[0m | [1mINFO    [0m | [36msr_data.steps.merge[0m:[36mmain[0m:[36m53[0m - [1mSaved merged file 'd6-scores+e5.csv' to ../merged/2024/d6-scores+e5.csv[0m
[32m2024-11-28 15:15:00.954[0m | [1mINFO    [0m | [36msr_data.steps.merge[0m:[36mmain[0m:[36m53[0m - [1mSaved merged file 'd7-scores+embedv3.csv' to ../merged/2024/d7-scores+embedv3.csv[0m
