${RULTOR:+sudo} npm install -g ghminer@0.0.7

changed 7 packages in 785ms

1 package is looking for funding
  run `npm fund` for details
poetry self add 'poethepoet[poetry_plugin]'
Using version ^0.32.2 for poethepoet

Updating dependencies
Resolving dependencies...

No dependencies to install or update
cd sr-data && poetry install
Skipping virtualenv creation, as specified in config file.
Installing dependencies from lock file

No dependencies to install or update

Installing the current project: sr-data (0.0.0)
cd sr-train && poetry install
Skipping virtualenv creation, as specified in config file.
Installing dependencies from lock file

No dependencies to install or update

Installing the current project: sr-train (0.0.0)
Skipping virtualenv creation, as specified in config file.
Installing dependencies from lock file

No dependencies to install or update

Installing the current project: sr-detection (0.0.0)
mkdir -p collection/2024-06~2025-01
ghminer --query "stars:>10 language:java size:>=20 mirror:false template:false NOT android" --start "2024-06-02" --end "2025-01-01" --tokens "$PATS" --filename "repos"
Running ghminer@0.0.7
Compiled search query: stars:>10 language:java size:>=20 mirror:false template:false NOT android created:2024-06-02..2025-01-01
Total results: 3455
Checking if date range should be split: stars:>10 language:java size:>=20 mirror:false template:false NOT android created:2024-06-02..2024-09-16
{ search: { repositoryCount: 630 } }
Results: 630

Extracted 10 results for 2024-06-02..2024-09-16...


Rate Limit: {
  limit: 5000,
  cost: 1,
  remaining: 4906,
  used: 94,
  resetAt: '2025-02-03T11:28:35Z',
  nodeCount: 0
}
hasNextPage: true
endCursor: Y3Vyc29yOjEw

Extracted 20 results for 2024-06-02..2024-09-16...


Rate Limit: {
  limit: 5000,
  cost: 1,
  remaining: 4903,
  used: 97,
  resetAt: '2025-02-03T11:28:35Z',
  nodeCount: 0
}
hasNextPage: true
endCursor: Y3Vyc29yOjIw

Extracted 30 results for 2024-06-02..2024-09-16...


Rate Limit: {
  limit: 5000,
  cost: 1,
  remaining: 4901,
  used: 99,
  resetAt: '2025-02-03T11:28:35Z',
  nodeCount: 0
}
hasNextPage: true
endCursor: Y3Vyc29yOjMw

Extracted 40 results for 2024-06-02..2024-09-16...


Rate Limit: {
  limit: 5000,
  cost: 1,
  remaining: 4900,
  used: 100,
  resetAt: '2025-02-03T11:28:35Z',
  nodeCount: 0
}
hasNextPage: true
endCursor: Y3Vyc29yOjQw

Extracted 50 results for 2024-06-02..2024-09-16...


Rate Limit: {
  limit: 5000,
  cost: 1,
  remaining: 4899,
  used: 101,
  resetAt: '2025-02-03T11:28:35Z',
  nodeCount: 0
}
hasNextPage: true
endCursor: Y3Vyc29yOjUw

Extracted 60 results for 2024-06-02..2024-09-16...


Rate Limit: {
  limit: 5000,
  cost: 1,
  remaining: 4898,
  used: 102,
  resetAt: '2025-02-03T11:28:35Z',
  nodeCount: 0
}
hasNextPage: true
endCursor: Y3Vyc29yOjYw

Extracted 70 results for 2024-06-02..2024-09-16...


Rate Limit: {
  limit: 5000,
  cost: 1,
  remaining: 4897,
  used: 103,
  resetAt: '2025-02-03T11:28:35Z',
  nodeCount: 0
}
hasNextPage: true
endCursor: Y3Vyc29yOjcw

Extracted 80 results for 2024-06-02..2024-09-16...


Rate Limit: {
  limit: 5000,
  cost: 1,
  remaining: 4896,
  used: 104,
  resetAt: '2025-02-03T11:28:35Z',
  nodeCount: 0
}
hasNextPage: true
endCursor: Y3Vyc29yOjgw

Extracted 90 results for 2024-06-02..2024-09-16...


Rate Limit: {
  limit: 5000,
  cost: 1,
  remaining: 4895,
  used: 105,
  resetAt: '2025-02-03T11:28:35Z',
  nodeCount: 0
}
hasNextPage: true
endCursor: Y3Vyc29yOjkw

Extracted 100 results for 2024-06-02..2024-09-16...


Rate Limit: {
  limit: 5000,
  cost: 1,
  remaining: 4894,
  used: 106,
  resetAt: '2025-02-03T11:28:35Z',
  nodeCount: 0
}
hasNextPage: true
endCursor: Y3Vyc29yOjEwMA==

Extracted 110 results for 2024-06-02..2024-09-16...


Rate Limit: {
  limit: 5000,
  cost: 1,
  remaining: 4893,
  used: 107,
  resetAt: '2025-02-03T11:28:35Z',
  nodeCount: 0
}
hasNextPage: true
endCursor: Y3Vyc29yOjExMA==

Extracted 120 results for 2024-06-02..2024-09-16...


Rate Limit: {
  limit: 5000,
  cost: 1,
  remaining: 4892,
  used: 108,
  resetAt: '2025-02-03T11:28:35Z',
  nodeCount: 0
}
hasNextPage: true
endCursor: Y3Vyc29yOjEyMA==

Extracted 130 results for 2024-06-02..2024-09-16...


Rate Limit: {
  limit: 5000,
  cost: 1,
  remaining: 4891,
  used: 109,
  resetAt: '2025-02-03T11:28:35Z',
  nodeCount: 0
}
hasNextPage: true
endCursor: Y3Vyc29yOjEzMA==

Extracted 140 results for 2024-06-02..2024-09-16...


Rate Limit: {
  limit: 5000,
  cost: 1,
  remaining: 4890,
  used: 110,
  resetAt: '2025-02-03T11:28:35Z',
  nodeCount: 0
}
hasNextPage: true
endCursor: Y3Vyc29yOjE0MA==

Extracted 150 results for 2024-06-02..2024-09-16...


Rate Limit: {
  limit: 5000,
  cost: 1,
  remaining: 4889,
  used: 111,
  resetAt: '2025-02-03T11:28:35Z',
  nodeCount: 0
}
hasNextPage: true
endCursor: Y3Vyc29yOjE1MA==

Extracted 160 results for 2024-06-02..2024-09-16...


Rate Limit: {
  limit: 5000,
  cost: 1,
  remaining: 4888,
  used: 112,
  resetAt: '2025-02-03T11:28:35Z',
  nodeCount: 0
}
hasNextPage: true
endCursor: Y3Vyc29yOjE2MA==

Extracted 170 results for 2024-06-02..2024-09-16...


Rate Limit: {
  limit: 5000,
  cost: 1,
  remaining: 4887,
  used: 113,
  resetAt: '2025-02-03T11:28:35Z',
  nodeCount: 0
}
hasNextPage: true
endCursor: Y3Vyc29yOjE3MA==

Extracted 180 results for 2024-06-02..2024-09-16...


Rate Limit: {
  limit: 5000,
  cost: 1,
  remaining: 4886,
  used: 114,
  resetAt: '2025-02-03T11:28:35Z',
  nodeCount: 0
}
hasNextPage: true
endCursor: Y3Vyc29yOjE4MA==

Extracted 190 results for 2024-06-02..2024-09-16...


Rate Limit: {
  limit: 5000,
  cost: 1,
  remaining: 4885,
  used: 115,
  resetAt: '2025-02-03T11:28:35Z',
  nodeCount: 0
}
hasNextPage: true
endCursor: Y3Vyc29yOjE5MA==

Extracted 200 results for 2024-06-02..2024-09-16...


Rate Limit: {
  limit: 5000,
  cost: 1,
  remaining: 4884,
  used: 116,
  resetAt: '2025-02-03T11:28:35Z',
  nodeCount: 0
}
hasNextPage: true
endCursor: Y3Vyc29yOjIwMA==

Extracted 210 results for 2024-06-02..2024-09-16...


Rate Limit: {
  limit: 5000,
  cost: 1,
  remaining: 4883,
  used: 117,
  resetAt: '2025-02-03T11:28:35Z',
  nodeCount: 0
}
hasNextPage: true
endCursor: Y3Vyc29yOjIxMA==

Extracted 220 results for 2024-06-02..2024-09-16...


Rate Limit: {
  limit: 5000,
  cost: 1,
  remaining: 4882,
  used: 118,
  resetAt: '2025-02-03T11:28:35Z',
  nodeCount: 0
}
hasNextPage: true
endCursor: Y3Vyc29yOjIyMA==

Extracted 230 results for 2024-06-02..2024-09-16...


Rate Limit: {
  limit: 5000,
  cost: 1,
  remaining: 4881,
  used: 119,
  resetAt: '2025-02-03T11:28:35Z',
  nodeCount: 0
}
hasNextPage: true
endCursor: Y3Vyc29yOjIzMA==

Extracted 240 results for 2024-06-02..2024-09-16...


Rate Limit: {
  limit: 5000,
  cost: 1,
  remaining: 4880,
  used: 120,
  resetAt: '2025-02-03T11:28:35Z',
  nodeCount: 0
}
hasNextPage: true
endCursor: Y3Vyc29yOjI0MA==

Extracted 250 results for 2024-06-02..2024-09-16...


Rate Limit: {
  limit: 5000,
  cost: 1,
  remaining: 4879,
  used: 121,
  resetAt: '2025-02-03T11:28:35Z',
  nodeCount: 0
}
hasNextPage: true
endCursor: Y3Vyc29yOjI1MA==

Extracted 260 results for 2024-06-02..2024-09-16...


Rate Limit: {
  limit: 5000,
  cost: 1,
  remaining: 4878,
  used: 122,
  resetAt: '2025-02-03T11:28:35Z',
  nodeCount: 0
}
hasNextPage: true
endCursor: Y3Vyc29yOjI2MA==

Extracted 270 results for 2024-06-02..2024-09-16...


Rate Limit: {
  limit: 5000,
  cost: 1,
  remaining: 4877,
  used: 123,
  resetAt: '2025-02-03T11:28:35Z',
  nodeCount: 0
}
hasNextPage: true
endCursor: Y3Vyc29yOjI3MA==

Extracted 280 results for 2024-06-02..2024-09-16...


Rate Limit: {
  limit: 5000,
  cost: 1,
  remaining: 4876,
  used: 124,
  resetAt: '2025-02-03T11:28:35Z',
  nodeCount: 0
}
hasNextPage: true
endCursor: Y3Vyc29yOjI4MA==

Extracted 290 results for 2024-06-02..2024-09-16...


Rate Limit: {
  limit: 5000,
  cost: 1,
  remaining: 4875,
  used: 125,
  resetAt: '2025-02-03T11:28:35Z',
  nodeCount: 0
}
hasNextPage: true
endCursor: Y3Vyc29yOjI5MA==

Extracted 300 results for 2024-06-02..2024-09-16...


Rate Limit: {
  limit: 5000,
  cost: 1,
  remaining: 4874,
  used: 126,
  resetAt: '2025-02-03T11:28:35Z',
  nodeCount: 0
}
hasNextPage: true
endCursor: Y3Vyc29yOjMwMA==

Extracted 310 results for 2024-06-02..2024-09-16...


Rate Limit: {
  limit: 5000,
  cost: 1,
  remaining: 4873,
  used: 127,
  resetAt: '2025-02-03T11:28:35Z',
  nodeCount: 0
}
hasNextPage: true
endCursor: Y3Vyc29yOjMxMA==

Extracted 320 results for 2024-06-02..2024-09-16...


Rate Limit: {
  limit: 5000,
  cost: 1,
  remaining: 4872,
  used: 128,
  resetAt: '2025-02-03T11:28:35Z',
  nodeCount: 0
}
hasNextPage: true
endCursor: Y3Vyc29yOjMyMA==

Extracted 330 results for 2024-06-02..2024-09-16...


Rate Limit: {
  limit: 5000,
  cost: 1,
  remaining: 4871,
  used: 129,
  resetAt: '2025-02-03T11:28:35Z',
  nodeCount: 0
}
hasNextPage: true
endCursor: Y3Vyc29yOjMzMA==

Extracted 340 results for 2024-06-02..2024-09-16...


Rate Limit: {
  limit: 5000,
  cost: 1,
  remaining: 4870,
  used: 130,
  resetAt: '2025-02-03T11:28:35Z',
  nodeCount: 0
}
hasNextPage: true
endCursor: Y3Vyc29yOjM0MA==

Extracted 350 results for 2024-06-02..2024-09-16...


Rate Limit: {
  limit: 5000,
  cost: 1,
  remaining: 4869,
  used: 131,
  resetAt: '2025-02-03T11:28:35Z',
  nodeCount: 0
}
hasNextPage: true
endCursor: Y3Vyc29yOjM1MA==

Extracted 360 results for 2024-06-02..2024-09-16...


Rate Limit: {
  limit: 5000,
  cost: 1,
  remaining: 4868,
  used: 132,
  resetAt: '2025-02-03T11:28:35Z',
  nodeCount: 0
}
hasNextPage: true
endCursor: Y3Vyc29yOjM2MA==

Extracted 370 results for 2024-06-02..2024-09-16...


Rate Limit: {
  limit: 5000,
  cost: 1,
  remaining: 4867,
  used: 133,
  resetAt: '2025-02-03T11:28:35Z',
  nodeCount: 0
}
hasNextPage: true
endCursor: Y3Vyc29yOjM3MA==

Extracted 380 results for 2024-06-02..2024-09-16...


Rate Limit: {
  limit: 5000,
  cost: 1,
  remaining: 4866,
  used: 134,
  resetAt: '2025-02-03T11:28:35Z',
  nodeCount: 0
}
hasNextPage: true
endCursor: Y3Vyc29yOjM4MA==

Extracted 390 results for 2024-06-02..2024-09-16...


Rate Limit: {
  limit: 5000,
  cost: 1,
  remaining: 4865,
  used: 135,
  resetAt: '2025-02-03T11:28:35Z',
  nodeCount: 0
}
hasNextPage: true
endCursor: Y3Vyc29yOjM5MA==

Extracted 400 results for 2024-06-02..2024-09-16...


Rate Limit: {
  limit: 5000,
  cost: 1,
  remaining: 4864,
  used: 136,
  resetAt: '2025-02-03T11:28:35Z',
  nodeCount: 0
}
hasNextPage: true
endCursor: Y3Vyc29yOjQwMA==

Extracted 410 results for 2024-06-02..2024-09-16...


Rate Limit: {
  limit: 5000,
  cost: 1,
  remaining: 4863,
  used: 137,
  resetAt: '2025-02-03T11:28:35Z',
  nodeCount: 0
}
hasNextPage: true
endCursor: Y3Vyc29yOjQxMA==

Extracted 420 results for 2024-06-02..2024-09-16...


Rate Limit: {
  limit: 5000,
  cost: 1,
  remaining: 4862,
  used: 138,
  resetAt: '2025-02-03T11:28:35Z',
  nodeCount: 0
}
hasNextPage: true
endCursor: Y3Vyc29yOjQyMA==

Extracted 430 results for 2024-06-02..2024-09-16...


Rate Limit: {
  limit: 5000,
  cost: 1,
  remaining: 4861,
  used: 139,
  resetAt: '2025-02-03T11:28:35Z',
  nodeCount: 0
}
hasNextPage: true
endCursor: Y3Vyc29yOjQzMA==

Extracted 440 results for 2024-06-02..2024-09-16...


Rate Limit: {
  limit: 5000,
  cost: 1,
  remaining: 4860,
  used: 140,
  resetAt: '2025-02-03T11:28:35Z',
  nodeCount: 0
}
hasNextPage: true
endCursor: Y3Vyc29yOjQ0MA==

Extracted 450 results for 2024-06-02..2024-09-16...


Rate Limit: {
  limit: 5000,
  cost: 1,
  remaining: 4859,
  used: 141,
  resetAt: '2025-02-03T11:28:35Z',
  nodeCount: 0
}
hasNextPage: true
endCursor: Y3Vyc29yOjQ1MA==

Extracted 460 results for 2024-06-02..2024-09-16...


Rate Limit: {
  limit: 5000,
  cost: 1,
  remaining: 4858,
  used: 142,
  resetAt: '2025-02-03T11:28:35Z',
  nodeCount: 0
}
hasNextPage: true
endCursor: Y3Vyc29yOjQ2MA==

Extracted 470 results for 2024-06-02..2024-09-16...


Rate Limit: {
  limit: 5000,
  cost: 1,
  remaining: 4857,
  used: 143,
  resetAt: '2025-02-03T11:28:35Z',
  nodeCount: 0
}
hasNextPage: true
endCursor: Y3Vyc29yOjQ3MA==

Extracted 480 results for 2024-06-02..2024-09-16...


Rate Limit: {
  limit: 5000,
  cost: 1,
  remaining: 4856,
  used: 144,
  resetAt: '2025-02-03T11:28:35Z',
  nodeCount: 0
}
hasNextPage: true
endCursor: Y3Vyc29yOjQ4MA==

Extracted 490 results for 2024-06-02..2024-09-16...


Rate Limit: {
  limit: 5000,
  cost: 1,
  remaining: 4855,
  used: 145,
  resetAt: '2025-02-03T11:28:35Z',
  nodeCount: 0
}
hasNextPage: true
endCursor: Y3Vyc29yOjQ5MA==

Extracted 500 results for 2024-06-02..2024-09-16...


Rate Limit: {
  limit: 5000,
  cost: 1,
  remaining: 4854,
  used: 146,
  resetAt: '2025-02-03T11:28:35Z',
  nodeCount: 0
}
hasNextPage: true
endCursor: Y3Vyc29yOjUwMA==

Extracted 510 results for 2024-06-02..2024-09-16...


Rate Limit: {
  limit: 5000,
  cost: 1,
  remaining: 4853,
  used: 147,
  resetAt: '2025-02-03T11:28:35Z',
  nodeCount: 0
}
hasNextPage: true
endCursor: Y3Vyc29yOjUxMA==

Extracted 520 results for 2024-06-02..2024-09-16...


Rate Limit: {
  limit: 5000,
  cost: 1,
  remaining: 4852,
  used: 148,
  resetAt: '2025-02-03T11:28:35Z',
  nodeCount: 0
}
hasNextPage: true
endCursor: Y3Vyc29yOjUyMA==

Extracted 530 results for 2024-06-02..2024-09-16...


Rate Limit: {
  limit: 5000,
  cost: 1,
  remaining: 4851,
  used: 149,
  resetAt: '2025-02-03T11:28:35Z',
  nodeCount: 0
}
hasNextPage: true
endCursor: Y3Vyc29yOjUzMA==

Extracted 540 results for 2024-06-02..2024-09-16...


Rate Limit: {
  limit: 5000,
  cost: 1,
  remaining: 4850,
  used: 150,
  resetAt: '2025-02-03T11:28:35Z',
  nodeCount: 0
}
hasNextPage: true
endCursor: Y3Vyc29yOjU0MA==

Extracted 550 results for 2024-06-02..2024-09-16...


Rate Limit: {
  limit: 5000,
  cost: 1,
  remaining: 4849,
  used: 151,
  resetAt: '2025-02-03T11:28:35Z',
  nodeCount: 0
}
hasNextPage: true
endCursor: Y3Vyc29yOjU1MA==

Extracted 560 results for 2024-06-02..2024-09-16...


Rate Limit: {
  limit: 5000,
  cost: 1,
  remaining: 4848,
  used: 152,
  resetAt: '2025-02-03T11:28:35Z',
  nodeCount: 0
}
hasNextPage: true
endCursor: Y3Vyc29yOjU2MA==

Extracted 570 results for 2024-06-02..2024-09-16...


Rate Limit: {
  limit: 5000,
  cost: 1,
  remaining: 4847,
  used: 153,
  resetAt: '2025-02-03T11:28:35Z',
  nodeCount: 0
}
hasNextPage: true
endCursor: Y3Vyc29yOjU3MA==

Extracted 580 results for 2024-06-02..2024-09-16...


Rate Limit: {
  limit: 5000,
  cost: 1,
  remaining: 4846,
  used: 154,
  resetAt: '2025-02-03T11:28:35Z',
  nodeCount: 0
}
hasNextPage: true
endCursor: Y3Vyc29yOjU4MA==

Extracted 590 results for 2024-06-02..2024-09-16...


Rate Limit: {
  limit: 5000,
  cost: 1,
  remaining: 4845,
  used: 155,
  resetAt: '2025-02-03T11:28:35Z',
  nodeCount: 0
}
hasNextPage: true
endCursor: Y3Vyc29yOjU5MA==

Extracted 600 results for 2024-06-02..2024-09-16...


Rate Limit: {
  limit: 5000,
  cost: 1,
  remaining: 4844,
  used: 156,
  resetAt: '2025-02-03T11:28:35Z',
  nodeCount: 0
}
hasNextPage: true
endCursor: Y3Vyc29yOjYwMA==

Extracted 610 results for 2024-06-02..2024-09-16...


Rate Limit: {
  limit: 5000,
  cost: 1,
  remaining: 4843,
  used: 157,
  resetAt: '2025-02-03T11:28:35Z',
  nodeCount: 0
}
hasNextPage: true
endCursor: Y3Vyc29yOjYxMA==

Extracted 620 results for 2024-06-02..2024-09-16...


Rate Limit: {
  limit: 5000,
  cost: 1,
  remaining: 4842,
  used: 158,
  resetAt: '2025-02-03T11:28:35Z',
  nodeCount: 0
}
hasNextPage: true
endCursor: Y3Vyc29yOjYyMA==

Extracted 630 results for 2024-06-02..2024-09-16...


Rate Limit: {
  limit: 5000,
  cost: 1,
  remaining: 4841,
  used: 159,
  resetAt: '2025-02-03T11:28:35Z',
  nodeCount: 0
}
hasNextPage: false
endCursor: Y3Vyc29yOjYzMA==

Extracted 630 results for 2024-06-02..2024-09-16...
Checking if date range should be split: stars:>10 language:java size:>=20 mirror:false template:false NOT android created:2024-09-17..2025-01-01
{ search: { repositoryCount: 2825 } }
Results: 2825

Splitting 2024-09-17..2025-01-01 into 106 days...
Checking if date range should be split: stars:>10 language:java size:>=20 mirror:false template:false NOT android created:2024-09-17..2024-11-09
{ search: { repositoryCount: 281 } }
Results: 281

Extracted 10 results for 2024-09-17..2024-11-09...


Rate Limit: {
  limit: 5000,
  cost: 1,
  remaining: 4838,
  used: 162,
  resetAt: '2025-02-03T11:28:35Z',
  nodeCount: 0
}
hasNextPage: true
endCursor: Y3Vyc29yOjEw

Extracted 20 results for 2024-09-17..2024-11-09...


Rate Limit: {
  limit: 5000,
  cost: 1,
  remaining: 4837,
  used: 163,
  resetAt: '2025-02-03T11:28:35Z',
  nodeCount: 0
}
hasNextPage: true
endCursor: Y3Vyc29yOjIw

Extracted 30 results for 2024-09-17..2024-11-09...


Rate Limit: {
  limit: 5000,
  cost: 1,
  remaining: 4836,
  used: 164,
  resetAt: '2025-02-03T11:28:35Z',
  nodeCount: 0
}
hasNextPage: true
endCursor: Y3Vyc29yOjMw

Extracted 40 results for 2024-09-17..2024-11-09...


Rate Limit: {
  limit: 5000,
  cost: 1,
  remaining: 4835,
  used: 165,
  resetAt: '2025-02-03T11:28:35Z',
  nodeCount: 0
}
hasNextPage: true
endCursor: Y3Vyc29yOjQw

Extracted 50 results for 2024-09-17..2024-11-09...


Rate Limit: {
  limit: 5000,
  cost: 1,
  remaining: 4834,
  used: 166,
  resetAt: '2025-02-03T11:28:35Z',
  nodeCount: 0
}
hasNextPage: true
endCursor: Y3Vyc29yOjUw

Extracted 60 results for 2024-09-17..2024-11-09...


Rate Limit: {
  limit: 5000,
  cost: 1,
  remaining: 4833,
  used: 167,
  resetAt: '2025-02-03T11:28:35Z',
  nodeCount: 0
}
hasNextPage: true
endCursor: Y3Vyc29yOjYw

Extracted 70 results for 2024-09-17..2024-11-09...


Rate Limit: {
  limit: 5000,
  cost: 1,
  remaining: 4832,
  used: 168,
  resetAt: '2025-02-03T11:28:35Z',
  nodeCount: 0
}
hasNextPage: true
endCursor: Y3Vyc29yOjcw

Extracted 80 results for 2024-09-17..2024-11-09...


Rate Limit: {
  limit: 5000,
  cost: 1,
  remaining: 4831,
  used: 169,
  resetAt: '2025-02-03T11:28:35Z',
  nodeCount: 0
}
hasNextPage: true
endCursor: Y3Vyc29yOjgw

Extracted 90 results for 2024-09-17..2024-11-09...


Rate Limit: {
  limit: 5000,
  cost: 1,
  remaining: 4830,
  used: 170,
  resetAt: '2025-02-03T11:28:35Z',
  nodeCount: 0
}
hasNextPage: true
endCursor: Y3Vyc29yOjkw

Extracted 100 results for 2024-09-17..2024-11-09...


Rate Limit: {
  limit: 5000,
  cost: 1,
  remaining: 4829,
  used: 171,
  resetAt: '2025-02-03T11:28:35Z',
  nodeCount: 0
}
hasNextPage: true
endCursor: Y3Vyc29yOjEwMA==

Extracted 110 results for 2024-09-17..2024-11-09...


Rate Limit: {
  limit: 5000,
  cost: 1,
  remaining: 4828,
  used: 172,
  resetAt: '2025-02-03T11:28:35Z',
  nodeCount: 0
}
hasNextPage: true
endCursor: Y3Vyc29yOjExMA==

Extracted 120 results for 2024-09-17..2024-11-09...


Rate Limit: {
  limit: 5000,
  cost: 1,
  remaining: 4827,
  used: 173,
  resetAt: '2025-02-03T11:28:35Z',
  nodeCount: 0
}
hasNextPage: true
endCursor: Y3Vyc29yOjEyMA==

Extracted 130 results for 2024-09-17..2024-11-09...


Rate Limit: {
  limit: 5000,
  cost: 1,
  remaining: 4826,
  used: 174,
  resetAt: '2025-02-03T11:28:35Z',
  nodeCount: 0
}
hasNextPage: true
endCursor: Y3Vyc29yOjEzMA==

Extracted 140 results for 2024-09-17..2024-11-09...


Rate Limit: {
  limit: 5000,
  cost: 1,
  remaining: 4825,
  used: 175,
  resetAt: '2025-02-03T11:28:35Z',
  nodeCount: 0
}
hasNextPage: true
endCursor: Y3Vyc29yOjE0MA==

Extracted 150 results for 2024-09-17..2024-11-09...


Rate Limit: {
  limit: 5000,
  cost: 1,
  remaining: 4824,
  used: 176,
  resetAt: '2025-02-03T11:28:35Z',
  nodeCount: 0
}
hasNextPage: true
endCursor: Y3Vyc29yOjE1MA==

Extracted 160 results for 2024-09-17..2024-11-09...


Rate Limit: {
  limit: 5000,
  cost: 1,
  remaining: 4823,
  used: 177,
  resetAt: '2025-02-03T11:28:35Z',
  nodeCount: 0
}
hasNextPage: true
endCursor: Y3Vyc29yOjE2MA==

Extracted 170 results for 2024-09-17..2024-11-09...


Rate Limit: {
  limit: 5000,
  cost: 1,
  remaining: 4822,
  used: 178,
  resetAt: '2025-02-03T11:28:35Z',
  nodeCount: 0
}
hasNextPage: true
endCursor: Y3Vyc29yOjE3MA==

Extracted 180 results for 2024-09-17..2024-11-09...


Rate Limit: {
  limit: 5000,
  cost: 1,
  remaining: 4821,
  used: 179,
  resetAt: '2025-02-03T11:28:35Z',
  nodeCount: 0
}
hasNextPage: true
endCursor: Y3Vyc29yOjE4MA==

Extracted 190 results for 2024-09-17..2024-11-09...


Rate Limit: {
  limit: 5000,
  cost: 1,
  remaining: 4820,
  used: 180,
  resetAt: '2025-02-03T11:28:35Z',
  nodeCount: 0
}
hasNextPage: true
endCursor: Y3Vyc29yOjE5MA==

Extracted 200 results for 2024-09-17..2024-11-09...


Rate Limit: {
  limit: 5000,
  cost: 1,
  remaining: 4819,
  used: 181,
  resetAt: '2025-02-03T11:28:35Z',
  nodeCount: 0
}
hasNextPage: true
endCursor: Y3Vyc29yOjIwMA==

Extracted 210 results for 2024-09-17..2024-11-09...


Rate Limit: {
  limit: 5000,
  cost: 1,
  remaining: 4818,
  used: 182,
  resetAt: '2025-02-03T11:28:35Z',
  nodeCount: 0
}
hasNextPage: true
endCursor: Y3Vyc29yOjIxMA==

Extracted 220 results for 2024-09-17..2024-11-09...


Rate Limit: {
  limit: 5000,
  cost: 1,
  remaining: 4817,
  used: 183,
  resetAt: '2025-02-03T11:28:35Z',
  nodeCount: 0
}
hasNextPage: true
endCursor: Y3Vyc29yOjIyMA==

Extracted 230 results for 2024-09-17..2024-11-09...


Rate Limit: {
  limit: 5000,
  cost: 1,
  remaining: 4816,
  used: 184,
  resetAt: '2025-02-03T11:28:35Z',
  nodeCount: 0
}
hasNextPage: true
endCursor: Y3Vyc29yOjIzMA==

Extracted 240 results for 2024-09-17..2024-11-09...


Rate Limit: {
  limit: 5000,
  cost: 1,
  remaining: 4815,
  used: 185,
  resetAt: '2025-02-03T11:28:35Z',
  nodeCount: 0
}
hasNextPage: true
endCursor: Y3Vyc29yOjI0MA==

Extracted 250 results for 2024-09-17..2024-11-09...


Rate Limit: {
  limit: 5000,
  cost: 1,
  remaining: 4814,
  used: 186,
  resetAt: '2025-02-03T11:28:35Z',
  nodeCount: 0
}
hasNextPage: true
endCursor: Y3Vyc29yOjI1MA==

Extracted 260 results for 2024-09-17..2024-11-09...


Rate Limit: {
  limit: 5000,
  cost: 1,
  remaining: 4813,
  used: 187,
  resetAt: '2025-02-03T11:28:35Z',
  nodeCount: 0
}
hasNextPage: true
endCursor: Y3Vyc29yOjI2MA==

Extracted 270 results for 2024-09-17..2024-11-09...


Rate Limit: {
  limit: 5000,
  cost: 1,
  remaining: 4812,
  used: 188,
  resetAt: '2025-02-03T11:28:35Z',
  nodeCount: 0
}
hasNextPage: true
endCursor: Y3Vyc29yOjI3MA==

Extracted 280 results for 2024-09-17..2024-11-09...


Rate Limit: {
  limit: 5000,
  cost: 1,
  remaining: 4811,
  used: 189,
  resetAt: '2025-02-03T11:28:35Z',
  nodeCount: 0
}
hasNextPage: true
endCursor: Y3Vyc29yOjI4MA==

Extracted 281 results for 2024-09-17..2024-11-09...


Rate Limit: {
  limit: 5000,
  cost: 1,
  remaining: 4810,
  used: 190,
  resetAt: '2025-02-03T11:28:35Z',
  nodeCount: 0
}
hasNextPage: false
endCursor: Y3Vyc29yOjI4MQ==

Extracted 911 results for 2024-09-17..2024-11-09...
Checking if date range should be split: stars:>10 language:java size:>=20 mirror:false template:false NOT android created:2024-11-10..2025-01-01
{ search: { repositoryCount: 2544 } }
Results: 2544

Splitting 2024-11-10..2025-01-01 into 52 days...
Checking if date range should be split: stars:>10 language:java size:>=20 mirror:false template:false NOT android created:2024-11-10..2024-12-06
{ search: { repositoryCount: 2474 } }
Results: 2474

Splitting 2024-11-10..2024-12-06 into 26 days...
Checking if date range should be split: stars:>10 language:java size:>=20 mirror:false template:false NOT android created:2024-11-10..2024-11-23
{ search: { repositoryCount: 1111 } }
Results: 1111

Splitting 2024-11-10..2024-11-23 into 13 days...
Checking if date range should be split: stars:>10 language:java size:>=20 mirror:false template:false NOT android created:2024-11-10..2024-11-17
{ search: { repositoryCount: 1094 } }
Results: 1094

Splitting 2024-11-10..2024-11-17 into 7 days...
Checking if date range should be split: stars:>10 language:java size:>=20 mirror:false template:false NOT android created:2024-11-10..2024-11-14
{ search: { repositoryCount: 1085 } }
Results: 1085

Splitting 2024-11-10..2024-11-14 into 4 days...
Checking if date range should be split: stars:>10 language:java size:>=20 mirror:false template:false NOT android created:2024-11-10..2024-11-12
{ search: { repositoryCount: 1079 } }
Results: 1079

Splitting 2024-11-10..2024-11-12 into 2 days...
Checking if date range should be split: stars:>10 language:java size:>=20 mirror:false template:false NOT android created:2024-11-10..2024-11-11
{ search: { repositoryCount: 810 } }
Results: 810

Extracted 10 results for 2024-11-10..2024-11-11...


Rate Limit: {
  limit: 5000,
  cost: 1,
  remaining: 4802,
  used: 198,
  resetAt: '2025-02-03T11:28:35Z',
  nodeCount: 0
}
hasNextPage: true
endCursor: Y3Vyc29yOjEw

Extracted 20 results for 2024-11-10..2024-11-11...


Rate Limit: {
  limit: 5000,
  cost: 1,
  remaining: 4801,
  used: 199,
  resetAt: '2025-02-03T11:28:35Z',
  nodeCount: 0
}
hasNextPage: true
endCursor: Y3Vyc29yOjIw

Extracted 30 results for 2024-11-10..2024-11-11...


Rate Limit: {
  limit: 5000,
  cost: 1,
  remaining: 4800,
  used: 200,
  resetAt: '2025-02-03T11:28:35Z',
  nodeCount: 0
}
hasNextPage: true
endCursor: Y3Vyc29yOjMw

Extracted 40 results for 2024-11-10..2024-11-11...


Rate Limit: {
  limit: 5000,
  cost: 1,
  remaining: 4799,
  used: 201,
  resetAt: '2025-02-03T11:28:35Z',
  nodeCount: 0
}
hasNextPage: true
endCursor: Y3Vyc29yOjQw

Extracted 50 results for 2024-11-10..2024-11-11...


Rate Limit: {
  limit: 5000,
  cost: 1,
  remaining: 4798,
  used: 202,
  resetAt: '2025-02-03T11:28:35Z',
  nodeCount: 0
}
hasNextPage: true
endCursor: Y3Vyc29yOjUw

Extracted 60 results for 2024-11-10..2024-11-11...


Rate Limit: {
  limit: 5000,
  cost: 1,
  remaining: 4797,
  used: 203,
  resetAt: '2025-02-03T11:28:35Z',
  nodeCount: 0
}
hasNextPage: true
endCursor: Y3Vyc29yOjYw

Extracted 70 results for 2024-11-10..2024-11-11...


Rate Limit: {
  limit: 5000,
  cost: 1,
  remaining: 4796,
  used: 204,
  resetAt: '2025-02-03T11:28:35Z',
  nodeCount: 0
}
hasNextPage: true
endCursor: Y3Vyc29yOjcw

Extracted 80 results for 2024-11-10..2024-11-11...


Rate Limit: {
  limit: 5000,
  cost: 1,
  remaining: 4795,
  used: 205,
  resetAt: '2025-02-03T11:28:35Z',
  nodeCount: 0
}
hasNextPage: true
endCursor: Y3Vyc29yOjgw

Extracted 90 results for 2024-11-10..2024-11-11...


Rate Limit: {
  limit: 5000,
  cost: 1,
  remaining: 4794,
  used: 206,
  resetAt: '2025-02-03T11:28:35Z',
  nodeCount: 0
}
hasNextPage: true
endCursor: Y3Vyc29yOjkw

Extracted 100 results for 2024-11-10..2024-11-11...


Rate Limit: {
  limit: 5000,
  cost: 1,
  remaining: 4793,
  used: 207,
  resetAt: '2025-02-03T11:28:35Z',
  nodeCount: 0
}
hasNextPage: true
endCursor: Y3Vyc29yOjEwMA==

Extracted 110 results for 2024-11-10..2024-11-11...


Rate Limit: {
  limit: 5000,
  cost: 1,
  remaining: 4792,
  used: 208,
  resetAt: '2025-02-03T11:28:35Z',
  nodeCount: 0
}
hasNextPage: true
endCursor: Y3Vyc29yOjExMA==

Extracted 120 results for 2024-11-10..2024-11-11...


Rate Limit: {
  limit: 5000,
  cost: 1,
  remaining: 4791,
  used: 209,
  resetAt: '2025-02-03T11:28:35Z',
  nodeCount: 0
}
hasNextPage: true
endCursor: Y3Vyc29yOjEyMA==

Extracted 130 results for 2024-11-10..2024-11-11...


Rate Limit: {
  limit: 5000,
  cost: 1,
  remaining: 4790,
  used: 210,
  resetAt: '2025-02-03T11:28:35Z',
  nodeCount: 0
}
hasNextPage: true
endCursor: Y3Vyc29yOjEzMA==

Extracted 140 results for 2024-11-10..2024-11-11...


Rate Limit: {
  limit: 5000,
  cost: 1,
  remaining: 4789,
  used: 211,
  resetAt: '2025-02-03T11:28:35Z',
  nodeCount: 0
}
hasNextPage: true
endCursor: Y3Vyc29yOjE0MA==

Extracted 150 results for 2024-11-10..2024-11-11...


Rate Limit: {
  limit: 5000,
  cost: 1,
  remaining: 4788,
  used: 212,
  resetAt: '2025-02-03T11:28:35Z',
  nodeCount: 0
}
hasNextPage: true
endCursor: Y3Vyc29yOjE1MA==

Extracted 160 results for 2024-11-10..2024-11-11...


Rate Limit: {
  limit: 5000,
  cost: 1,
  remaining: 4787,
  used: 213,
  resetAt: '2025-02-03T11:28:35Z',
  nodeCount: 0
}
hasNextPage: true
endCursor: Y3Vyc29yOjE2MA==

Extracted 170 results for 2024-11-10..2024-11-11...


Rate Limit: {
  limit: 5000,
  cost: 1,
  remaining: 4786,
  used: 214,
  resetAt: '2025-02-03T11:28:35Z',
  nodeCount: 0
}
hasNextPage: true
endCursor: Y3Vyc29yOjE3MA==

Extracted 180 results for 2024-11-10..2024-11-11...


Rate Limit: {
  limit: 5000,
  cost: 1,
  remaining: 4785,
  used: 215,
  resetAt: '2025-02-03T11:28:35Z',
  nodeCount: 0
}
hasNextPage: true
endCursor: Y3Vyc29yOjE4MA==

Extracted 190 results for 2024-11-10..2024-11-11...


Rate Limit: {
  limit: 5000,
  cost: 1,
  remaining: 4784,
  used: 216,
  resetAt: '2025-02-03T11:28:35Z',
  nodeCount: 0
}
hasNextPage: true
endCursor: Y3Vyc29yOjE5MA==

Extracted 200 results for 2024-11-10..2024-11-11...


Rate Limit: {
  limit: 5000,
  cost: 1,
  remaining: 4783,
  used: 217,
  resetAt: '2025-02-03T11:28:35Z',
  nodeCount: 0
}
hasNextPage: true
endCursor: Y3Vyc29yOjIwMA==

Extracted 210 results for 2024-11-10..2024-11-11...


Rate Limit: {
  limit: 5000,
  cost: 1,
  remaining: 4782,
  used: 218,
  resetAt: '2025-02-03T11:28:35Z',
  nodeCount: 0
}
hasNextPage: true
endCursor: Y3Vyc29yOjIxMA==

Extracted 220 results for 2024-11-10..2024-11-11...


Rate Limit: {
  limit: 5000,
  cost: 1,
  remaining: 4781,
  used: 219,
  resetAt: '2025-02-03T11:28:35Z',
  nodeCount: 0
}
hasNextPage: true
endCursor: Y3Vyc29yOjIyMA==

Extracted 230 results for 2024-11-10..2024-11-11...


Rate Limit: {
  limit: 5000,
  cost: 1,
  remaining: 4780,
  used: 220,
  resetAt: '2025-02-03T11:28:35Z',
  nodeCount: 0
}
hasNextPage: true
endCursor: Y3Vyc29yOjIzMA==

Extracted 240 results for 2024-11-10..2024-11-11...


Rate Limit: {
  limit: 5000,
  cost: 1,
  remaining: 4779,
  used: 221,
  resetAt: '2025-02-03T11:28:35Z',
  nodeCount: 0
}
hasNextPage: true
endCursor: Y3Vyc29yOjI0MA==

Extracted 250 results for 2024-11-10..2024-11-11...


Rate Limit: {
  limit: 5000,
  cost: 1,
  remaining: 4778,
  used: 222,
  resetAt: '2025-02-03T11:28:35Z',
  nodeCount: 0
}
hasNextPage: true
endCursor: Y3Vyc29yOjI1MA==

Extracted 260 results for 2024-11-10..2024-11-11...


Rate Limit: {
  limit: 5000,
  cost: 1,
  remaining: 4777,
  used: 223,
  resetAt: '2025-02-03T11:28:35Z',
  nodeCount: 0
}
hasNextPage: true
endCursor: Y3Vyc29yOjI2MA==

Extracted 270 results for 2024-11-10..2024-11-11...


Rate Limit: {
  limit: 5000,
  cost: 1,
  remaining: 4776,
  used: 224,
  resetAt: '2025-02-03T11:28:35Z',
  nodeCount: 0
}
hasNextPage: true
endCursor: Y3Vyc29yOjI3MA==

Extracted 280 results for 2024-11-10..2024-11-11...


Rate Limit: {
  limit: 5000,
  cost: 1,
  remaining: 4775,
  used: 225,
  resetAt: '2025-02-03T11:28:35Z',
  nodeCount: 0
}
hasNextPage: true
endCursor: Y3Vyc29yOjI4MA==

Extracted 290 results for 2024-11-10..2024-11-11...


Rate Limit: {
  limit: 5000,
  cost: 1,
  remaining: 4774,
  used: 226,
  resetAt: '2025-02-03T11:28:35Z',
  nodeCount: 0
}
hasNextPage: true
endCursor: Y3Vyc29yOjI5MA==

Extracted 300 results for 2024-11-10..2024-11-11...


Rate Limit: {
  limit: 5000,
  cost: 1,
  remaining: 4773,
  used: 227,
  resetAt: '2025-02-03T11:28:35Z',
  nodeCount: 0
}
hasNextPage: true
endCursor: Y3Vyc29yOjMwMA==

Extracted 310 results for 2024-11-10..2024-11-11...


Rate Limit: {
  limit: 5000,
  cost: 1,
  remaining: 4772,
  used: 228,
  resetAt: '2025-02-03T11:28:35Z',
  nodeCount: 0
}
hasNextPage: true
endCursor: Y3Vyc29yOjMxMA==

Extracted 320 results for 2024-11-10..2024-11-11...


Rate Limit: {
  limit: 5000,
  cost: 1,
  remaining: 4771,
  used: 229,
  resetAt: '2025-02-03T11:28:35Z',
  nodeCount: 0
}
hasNextPage: true
endCursor: Y3Vyc29yOjMyMA==

Extracted 330 results for 2024-11-10..2024-11-11...


Rate Limit: {
  limit: 5000,
  cost: 1,
  remaining: 4770,
  used: 230,
  resetAt: '2025-02-03T11:28:35Z',
  nodeCount: 0
}
hasNextPage: true
endCursor: Y3Vyc29yOjMzMA==

Extracted 340 results for 2024-11-10..2024-11-11...


Rate Limit: {
  limit: 5000,
  cost: 1,
  remaining: 4769,
  used: 231,
  resetAt: '2025-02-03T11:28:35Z',
  nodeCount: 0
}
hasNextPage: true
endCursor: Y3Vyc29yOjM0MA==

Extracted 350 results for 2024-11-10..2024-11-11...


Rate Limit: {
  limit: 5000,
  cost: 1,
  remaining: 4768,
  used: 232,
  resetAt: '2025-02-03T11:28:35Z',
  nodeCount: 0
}
hasNextPage: true
endCursor: Y3Vyc29yOjM1MA==

Extracted 360 results for 2024-11-10..2024-11-11...


Rate Limit: {
  limit: 5000,
  cost: 1,
  remaining: 4767,
  used: 233,
  resetAt: '2025-02-03T11:28:35Z',
  nodeCount: 0
}
hasNextPage: true
endCursor: Y3Vyc29yOjM2MA==

Extracted 370 results for 2024-11-10..2024-11-11...


Rate Limit: {
  limit: 5000,
  cost: 1,
  remaining: 4766,
  used: 234,
  resetAt: '2025-02-03T11:28:35Z',
  nodeCount: 0
}
hasNextPage: true
endCursor: Y3Vyc29yOjM3MA==

Extracted 380 results for 2024-11-10..2024-11-11...


Rate Limit: {
  limit: 5000,
  cost: 1,
  remaining: 4765,
  used: 235,
  resetAt: '2025-02-03T11:28:35Z',
  nodeCount: 0
}
hasNextPage: true
endCursor: Y3Vyc29yOjM4MA==

Extracted 390 results for 2024-11-10..2024-11-11...


Rate Limit: {
  limit: 5000,
  cost: 1,
  remaining: 4764,
  used: 236,
  resetAt: '2025-02-03T11:28:35Z',
  nodeCount: 0
}
hasNextPage: true
endCursor: Y3Vyc29yOjM5MA==

Extracted 400 results for 2024-11-10..2024-11-11...


Rate Limit: {
  limit: 5000,
  cost: 1,
  remaining: 4763,
  used: 237,
  resetAt: '2025-02-03T11:28:35Z',
  nodeCount: 0
}
hasNextPage: true
endCursor: Y3Vyc29yOjQwMA==

Extracted 410 results for 2024-11-10..2024-11-11...


Rate Limit: {
  limit: 5000,
  cost: 1,
  remaining: 4762,
  used: 238,
  resetAt: '2025-02-03T11:28:35Z',
  nodeCount: 0
}
hasNextPage: true
endCursor: Y3Vyc29yOjQxMA==

Extracted 420 results for 2024-11-10..2024-11-11...


Rate Limit: {
  limit: 5000,
  cost: 1,
  remaining: 4761,
  used: 239,
  resetAt: '2025-02-03T11:28:35Z',
  nodeCount: 0
}
hasNextPage: true
endCursor: Y3Vyc29yOjQyMA==

Extracted 430 results for 2024-11-10..2024-11-11...


Rate Limit: {
  limit: 5000,
  cost: 1,
  remaining: 4760,
  used: 240,
  resetAt: '2025-02-03T11:28:35Z',
  nodeCount: 0
}
hasNextPage: true
endCursor: Y3Vyc29yOjQzMA==

Extracted 440 results for 2024-11-10..2024-11-11...


Rate Limit: {
  limit: 5000,
  cost: 1,
  remaining: 4759,
  used: 241,
  resetAt: '2025-02-03T11:28:35Z',
  nodeCount: 0
}
hasNextPage: true
endCursor: Y3Vyc29yOjQ0MA==

Extracted 450 results for 2024-11-10..2024-11-11...


Rate Limit: {
  limit: 5000,
  cost: 1,
  remaining: 4758,
  used: 242,
  resetAt: '2025-02-03T11:28:35Z',
  nodeCount: 0
}
hasNextPage: true
endCursor: Y3Vyc29yOjQ1MA==

Extracted 460 results for 2024-11-10..2024-11-11...


Rate Limit: {
  limit: 5000,
  cost: 1,
  remaining: 4757,
  used: 243,
  resetAt: '2025-02-03T11:28:35Z',
  nodeCount: 0
}
hasNextPage: true
endCursor: Y3Vyc29yOjQ2MA==

Extracted 470 results for 2024-11-10..2024-11-11...


Rate Limit: {
  limit: 5000,
  cost: 1,
  remaining: 4756,
  used: 244,
  resetAt: '2025-02-03T11:28:35Z',
  nodeCount: 0
}
hasNextPage: true
endCursor: Y3Vyc29yOjQ3MA==

Extracted 480 results for 2024-11-10..2024-11-11...


Rate Limit: {
  limit: 5000,
  cost: 1,
  remaining: 4755,
  used: 245,
  resetAt: '2025-02-03T11:28:35Z',
  nodeCount: 0
}
hasNextPage: true
endCursor: Y3Vyc29yOjQ4MA==

Extracted 490 results for 2024-11-10..2024-11-11...


Rate Limit: {
  limit: 5000,
  cost: 1,
  remaining: 4754,
  used: 246,
  resetAt: '2025-02-03T11:28:35Z',
  nodeCount: 0
}
hasNextPage: true
endCursor: Y3Vyc29yOjQ5MA==

Extracted 500 results for 2024-11-10..2024-11-11...


Rate Limit: {
  limit: 5000,
  cost: 1,
  remaining: 4753,
  used: 247,
  resetAt: '2025-02-03T11:28:35Z',
  nodeCount: 0
}
hasNextPage: true
endCursor: Y3Vyc29yOjUwMA==

Extracted 510 results for 2024-11-10..2024-11-11...


Rate Limit: {
  limit: 5000,
  cost: 1,
  remaining: 4752,
  used: 248,
  resetAt: '2025-02-03T11:28:35Z',
  nodeCount: 0
}
hasNextPage: true
endCursor: Y3Vyc29yOjUxMA==

Extracted 520 results for 2024-11-10..2024-11-11...


Rate Limit: {
  limit: 5000,
  cost: 1,
  remaining: 4751,
  used: 249,
  resetAt: '2025-02-03T11:28:35Z',
  nodeCount: 0
}
hasNextPage: true
endCursor: Y3Vyc29yOjUyMA==

Extracted 530 results for 2024-11-10..2024-11-11...


Rate Limit: {
  limit: 5000,
  cost: 1,
  remaining: 4750,
  used: 250,
  resetAt: '2025-02-03T11:28:35Z',
  nodeCount: 0
}
hasNextPage: true
endCursor: Y3Vyc29yOjUzMA==

Extracted 540 results for 2024-11-10..2024-11-11...


Rate Limit: {
  limit: 5000,
  cost: 1,
  remaining: 4749,
  used: 251,
  resetAt: '2025-02-03T11:28:35Z',
  nodeCount: 0
}
hasNextPage: true
endCursor: Y3Vyc29yOjU0MA==

Extracted 550 results for 2024-11-10..2024-11-11...


Rate Limit: {
  limit: 5000,
  cost: 1,
  remaining: 4748,
  used: 252,
  resetAt: '2025-02-03T11:28:35Z',
  nodeCount: 0
}
hasNextPage: true
endCursor: Y3Vyc29yOjU1MA==

Extracted 560 results for 2024-11-10..2024-11-11...


Rate Limit: {
  limit: 5000,
  cost: 1,
  remaining: 4747,
  used: 253,
  resetAt: '2025-02-03T11:28:35Z',
  nodeCount: 0
}
hasNextPage: true
endCursor: Y3Vyc29yOjU2MA==

Extracted 570 results for 2024-11-10..2024-11-11...


Rate Limit: {
  limit: 5000,
  cost: 1,
  remaining: 4746,
  used: 254,
  resetAt: '2025-02-03T11:28:35Z',
  nodeCount: 0
}
hasNextPage: true
endCursor: Y3Vyc29yOjU3MA==

Extracted 580 results for 2024-11-10..2024-11-11...


Rate Limit: {
  limit: 5000,
  cost: 1,
  remaining: 4745,
  used: 255,
  resetAt: '2025-02-03T11:28:35Z',
  nodeCount: 0
}
hasNextPage: true
endCursor: Y3Vyc29yOjU4MA==

Extracted 590 results for 2024-11-10..2024-11-11...


Rate Limit: {
  limit: 5000,
  cost: 1,
  remaining: 4744,
  used: 256,
  resetAt: '2025-02-03T11:28:35Z',
  nodeCount: 0
}
hasNextPage: true
endCursor: Y3Vyc29yOjU5MA==

Extracted 600 results for 2024-11-10..2024-11-11...


Rate Limit: {
  limit: 5000,
  cost: 1,
  remaining: 4743,
  used: 257,
  resetAt: '2025-02-03T11:28:35Z',
  nodeCount: 0
}
hasNextPage: true
endCursor: Y3Vyc29yOjYwMA==

Extracted 610 results for 2024-11-10..2024-11-11...


Rate Limit: {
  limit: 5000,
  cost: 1,
  remaining: 4742,
  used: 258,
  resetAt: '2025-02-03T11:28:35Z',
  nodeCount: 0
}
hasNextPage: true
endCursor: Y3Vyc29yOjYxMA==

Extracted 620 results for 2024-11-10..2024-11-11...


Rate Limit: {
  limit: 5000,
  cost: 1,
  remaining: 4741,
  used: 259,
  resetAt: '2025-02-03T11:28:35Z',
  nodeCount: 0
}
hasNextPage: true
endCursor: Y3Vyc29yOjYyMA==

Extracted 630 results for 2024-11-10..2024-11-11...


Rate Limit: {
  limit: 5000,
  cost: 1,
  remaining: 4740,
  used: 260,
  resetAt: '2025-02-03T11:28:35Z',
  nodeCount: 0
}
hasNextPage: true
endCursor: Y3Vyc29yOjYzMA==

Extracted 640 results for 2024-11-10..2024-11-11...


Rate Limit: {
  limit: 5000,
  cost: 1,
  remaining: 4739,
  used: 261,
  resetAt: '2025-02-03T11:28:35Z',
  nodeCount: 0
}
hasNextPage: true
endCursor: Y3Vyc29yOjY0MA==

Extracted 650 results for 2024-11-10..2024-11-11...


Rate Limit: {
  limit: 5000,
  cost: 1,
  remaining: 4738,
  used: 262,
  resetAt: '2025-02-03T11:28:35Z',
  nodeCount: 0
}
hasNextPage: true
endCursor: Y3Vyc29yOjY1MA==

Extracted 660 results for 2024-11-10..2024-11-11...


Rate Limit: {
  limit: 5000,
  cost: 1,
  remaining: 4737,
  used: 263,
  resetAt: '2025-02-03T11:28:35Z',
  nodeCount: 0
}
hasNextPage: true
endCursor: Y3Vyc29yOjY2MA==

Extracted 670 results for 2024-11-10..2024-11-11...


Rate Limit: {
  limit: 5000,
  cost: 1,
  remaining: 4736,
  used: 264,
  resetAt: '2025-02-03T11:28:35Z',
  nodeCount: 0
}
hasNextPage: true
endCursor: Y3Vyc29yOjY3MA==

Extracted 680 results for 2024-11-10..2024-11-11...


Rate Limit: {
  limit: 5000,
  cost: 1,
  remaining: 4735,
  used: 265,
  resetAt: '2025-02-03T11:28:35Z',
  nodeCount: 0
}
hasNextPage: true
endCursor: Y3Vyc29yOjY4MA==

Extracted 690 results for 2024-11-10..2024-11-11...


Rate Limit: {
  limit: 5000,
  cost: 1,
  remaining: 4734,
  used: 266,
  resetAt: '2025-02-03T11:28:35Z',
  nodeCount: 0
}
hasNextPage: true
endCursor: Y3Vyc29yOjY5MA==

Extracted 700 results for 2024-11-10..2024-11-11...


Rate Limit: {
  limit: 5000,
  cost: 1,
  remaining: 4733,
  used: 267,
  resetAt: '2025-02-03T11:28:35Z',
  nodeCount: 0
}
hasNextPage: true
endCursor: Y3Vyc29yOjcwMA==

Extracted 710 results for 2024-11-10..2024-11-11...


Rate Limit: {
  limit: 5000,
  cost: 1,
  remaining: 4732,
  used: 268,
  resetAt: '2025-02-03T11:28:35Z',
  nodeCount: 0
}
hasNextPage: true
endCursor: Y3Vyc29yOjcxMA==

Extracted 720 results for 2024-11-10..2024-11-11...


Rate Limit: {
  limit: 5000,
  cost: 1,
  remaining: 4731,
  used: 269,
  resetAt: '2025-02-03T11:28:35Z',
  nodeCount: 0
}
hasNextPage: true
endCursor: Y3Vyc29yOjcyMA==

Extracted 730 results for 2024-11-10..2024-11-11...


Rate Limit: {
  limit: 5000,
  cost: 1,
  remaining: 4730,
  used: 270,
  resetAt: '2025-02-03T11:28:35Z',
  nodeCount: 0
}
hasNextPage: true
endCursor: Y3Vyc29yOjczMA==

Extracted 740 results for 2024-11-10..2024-11-11...


Rate Limit: {
  limit: 5000,
  cost: 1,
  remaining: 4729,
  used: 271,
  resetAt: '2025-02-03T11:28:35Z',
  nodeCount: 0
}
hasNextPage: true
endCursor: Y3Vyc29yOjc0MA==

Extracted 750 results for 2024-11-10..2024-11-11...


Rate Limit: {
  limit: 5000,
  cost: 1,
  remaining: 4728,
  used: 272,
  resetAt: '2025-02-03T11:28:35Z',
  nodeCount: 0
}
hasNextPage: true
endCursor: Y3Vyc29yOjc1MA==

Extracted 760 results for 2024-11-10..2024-11-11...


Rate Limit: {
  limit: 5000,
  cost: 1,
  remaining: 4727,
  used: 273,
  resetAt: '2025-02-03T11:28:35Z',
  nodeCount: 0
}
hasNextPage: true
endCursor: Y3Vyc29yOjc2MA==

Extracted 770 results for 2024-11-10..2024-11-11...


Rate Limit: {
  limit: 5000,
  cost: 1,
  remaining: 4726,
  used: 274,
  resetAt: '2025-02-03T11:28:35Z',
  nodeCount: 0
}
hasNextPage: true
endCursor: Y3Vyc29yOjc3MA==

Extracted 780 results for 2024-11-10..2024-11-11...


Rate Limit: {
  limit: 5000,
  cost: 1,
  remaining: 4725,
  used: 275,
  resetAt: '2025-02-03T11:28:35Z',
  nodeCount: 0
}
hasNextPage: true
endCursor: Y3Vyc29yOjc4MA==

Extracted 790 results for 2024-11-10..2024-11-11...


Rate Limit: {
  limit: 5000,
  cost: 1,
  remaining: 4724,
  used: 276,
  resetAt: '2025-02-03T11:28:35Z',
  nodeCount: 0
}
hasNextPage: true
endCursor: Y3Vyc29yOjc5MA==

Extracted 800 results for 2024-11-10..2024-11-11...


Rate Limit: {
  limit: 5000,
  cost: 1,
  remaining: 4723,
  used: 277,
  resetAt: '2025-02-03T11:28:35Z',
  nodeCount: 0
}
hasNextPage: true
endCursor: Y3Vyc29yOjgwMA==

Extracted 810 results for 2024-11-10..2024-11-11...


Rate Limit: {
  limit: 5000,
  cost: 1,
  remaining: 4722,
  used: 278,
  resetAt: '2025-02-03T11:28:35Z',
  nodeCount: 0
}
hasNextPage: false
endCursor: Y3Vyc29yOjgxMA==

Extracted 1721 results for 2024-11-10..2024-11-11...
Checking if date range should be split: stars:>10 language:java size:>=20 mirror:false template:false NOT android created:2024-11-12..2025-01-01
{ search: { repositoryCount: 1734 } }
Results: 1734

Splitting 2024-11-12..2025-01-01 into 50 days...
Checking if date range should be split: stars:>10 language:java size:>=20 mirror:false template:false NOT android created:2024-11-12..2024-12-07
{ search: { repositoryCount: 1666 } }
Results: 1666

Splitting 2024-11-12..2024-12-07 into 25 days...
Checking if date range should be split: stars:>10 language:java size:>=20 mirror:false template:false NOT android created:2024-11-12..2024-11-25
{ search: { repositoryCount: 575 } }
Results: 575

Extracted 10 results for 2024-11-12..2024-11-25...


Rate Limit: {
  limit: 5000,
  cost: 1,
  remaining: 4718,
  used: 282,
  resetAt: '2025-02-03T11:28:35Z',
  nodeCount: 0
}
hasNextPage: true
endCursor: Y3Vyc29yOjEw

Extracted 20 results for 2024-11-12..2024-11-25...


Rate Limit: {
  limit: 5000,
  cost: 1,
  remaining: 4717,
  used: 283,
  resetAt: '2025-02-03T11:28:35Z',
  nodeCount: 0
}
hasNextPage: true
endCursor: Y3Vyc29yOjIw

Extracted 30 results for 2024-11-12..2024-11-25...


Rate Limit: {
  limit: 5000,
  cost: 1,
  remaining: 4716,
  used: 284,
  resetAt: '2025-02-03T11:28:35Z',
  nodeCount: 0
}
hasNextPage: true
endCursor: Y3Vyc29yOjMw

Extracted 40 results for 2024-11-12..2024-11-25...


Rate Limit: {
  limit: 5000,
  cost: 1,
  remaining: 4715,
  used: 285,
  resetAt: '2025-02-03T11:28:35Z',
  nodeCount: 0
}
hasNextPage: true
endCursor: Y3Vyc29yOjQw

Extracted 50 results for 2024-11-12..2024-11-25...


Rate Limit: {
  limit: 5000,
  cost: 1,
  remaining: 4714,
  used: 286,
  resetAt: '2025-02-03T11:28:35Z',
  nodeCount: 0
}
hasNextPage: true
endCursor: Y3Vyc29yOjUw

Extracted 60 results for 2024-11-12..2024-11-25...


Rate Limit: {
  limit: 5000,
  cost: 1,
  remaining: 4713,
  used: 287,
  resetAt: '2025-02-03T11:28:35Z',
  nodeCount: 0
}
hasNextPage: true
endCursor: Y3Vyc29yOjYw

Extracted 70 results for 2024-11-12..2024-11-25...


Rate Limit: {
  limit: 5000,
  cost: 1,
  remaining: 4712,
  used: 288,
  resetAt: '2025-02-03T11:28:35Z',
  nodeCount: 0
}
hasNextPage: true
endCursor: Y3Vyc29yOjcw

Extracted 80 results for 2024-11-12..2024-11-25...


Rate Limit: {
  limit: 5000,
  cost: 1,
  remaining: 4711,
  used: 289,
  resetAt: '2025-02-03T11:28:35Z',
  nodeCount: 0
}
hasNextPage: true
endCursor: Y3Vyc29yOjgw

Extracted 90 results for 2024-11-12..2024-11-25...


Rate Limit: {
  limit: 5000,
  cost: 1,
  remaining: 4710,
  used: 290,
  resetAt: '2025-02-03T11:28:35Z',
  nodeCount: 0
}
hasNextPage: true
endCursor: Y3Vyc29yOjkw

Extracted 100 results for 2024-11-12..2024-11-25...


Rate Limit: {
  limit: 5000,
  cost: 1,
  remaining: 4709,
  used: 291,
  resetAt: '2025-02-03T11:28:35Z',
  nodeCount: 0
}
hasNextPage: true
endCursor: Y3Vyc29yOjEwMA==

Extracted 110 results for 2024-11-12..2024-11-25...


Rate Limit: {
  limit: 5000,
  cost: 1,
  remaining: 4708,
  used: 292,
  resetAt: '2025-02-03T11:28:35Z',
  nodeCount: 0
}
hasNextPage: true
endCursor: Y3Vyc29yOjExMA==

Extracted 120 results for 2024-11-12..2024-11-25...


Rate Limit: {
  limit: 5000,
  cost: 1,
  remaining: 4707,
  used: 293,
  resetAt: '2025-02-03T11:28:35Z',
  nodeCount: 0
}
hasNextPage: true
endCursor: Y3Vyc29yOjEyMA==

Extracted 130 results for 2024-11-12..2024-11-25...


Rate Limit: {
  limit: 5000,
  cost: 1,
  remaining: 4706,
  used: 294,
  resetAt: '2025-02-03T11:28:35Z',
  nodeCount: 0
}
hasNextPage: true
endCursor: Y3Vyc29yOjEzMA==

Extracted 140 results for 2024-11-12..2024-11-25...


Rate Limit: {
  limit: 5000,
  cost: 1,
  remaining: 4705,
  used: 295,
  resetAt: '2025-02-03T11:28:35Z',
  nodeCount: 0
}
hasNextPage: true
endCursor: Y3Vyc29yOjE0MA==

Extracted 150 results for 2024-11-12..2024-11-25...


Rate Limit: {
  limit: 5000,
  cost: 1,
  remaining: 4704,
  used: 296,
  resetAt: '2025-02-03T11:28:35Z',
  nodeCount: 0
}
hasNextPage: true
endCursor: Y3Vyc29yOjE1MA==

Extracted 160 results for 2024-11-12..2024-11-25...


Rate Limit: {
  limit: 5000,
  cost: 1,
  remaining: 4703,
  used: 297,
  resetAt: '2025-02-03T11:28:35Z',
  nodeCount: 0
}
hasNextPage: true
endCursor: Y3Vyc29yOjE2MA==

Extracted 170 results for 2024-11-12..2024-11-25...


Rate Limit: {
  limit: 5000,
  cost: 1,
  remaining: 4702,
  used: 298,
  resetAt: '2025-02-03T11:28:35Z',
  nodeCount: 0
}
hasNextPage: true
endCursor: Y3Vyc29yOjE3MA==

Extracted 180 results for 2024-11-12..2024-11-25...


Rate Limit: {
  limit: 5000,
  cost: 1,
  remaining: 4701,
  used: 299,
  resetAt: '2025-02-03T11:28:35Z',
  nodeCount: 0
}
hasNextPage: true
endCursor: Y3Vyc29yOjE4MA==

Extracted 190 results for 2024-11-12..2024-11-25...


Rate Limit: {
  limit: 5000,
  cost: 1,
  remaining: 4700,
  used: 300,
  resetAt: '2025-02-03T11:28:35Z',
  nodeCount: 0
}
hasNextPage: true
endCursor: Y3Vyc29yOjE5MA==

Extracted 200 results for 2024-11-12..2024-11-25...


Rate Limit: {
  limit: 5000,
  cost: 1,
  remaining: 4699,
  used: 301,
  resetAt: '2025-02-03T11:28:35Z',
  nodeCount: 0
}
hasNextPage: true
endCursor: Y3Vyc29yOjIwMA==

Extracted 210 results for 2024-11-12..2024-11-25...


Rate Limit: {
  limit: 5000,
  cost: 1,
  remaining: 4698,
  used: 302,
  resetAt: '2025-02-03T11:28:35Z',
  nodeCount: 0
}
hasNextPage: true
endCursor: Y3Vyc29yOjIxMA==

Extracted 220 results for 2024-11-12..2024-11-25...


Rate Limit: {
  limit: 5000,
  cost: 1,
  remaining: 4697,
  used: 303,
  resetAt: '2025-02-03T11:28:35Z',
  nodeCount: 0
}
hasNextPage: true
endCursor: Y3Vyc29yOjIyMA==

Extracted 230 results for 2024-11-12..2024-11-25...


Rate Limit: {
  limit: 5000,
  cost: 1,
  remaining: 4696,
  used: 304,
  resetAt: '2025-02-03T11:28:35Z',
  nodeCount: 0
}
hasNextPage: true
endCursor: Y3Vyc29yOjIzMA==

Extracted 240 results for 2024-11-12..2024-11-25...


Rate Limit: {
  limit: 5000,
  cost: 1,
  remaining: 4695,
  used: 305,
  resetAt: '2025-02-03T11:28:35Z',
  nodeCount: 0
}
hasNextPage: true
endCursor: Y3Vyc29yOjI0MA==

Extracted 250 results for 2024-11-12..2024-11-25...


Rate Limit: {
  limit: 5000,
  cost: 1,
  remaining: 4694,
  used: 306,
  resetAt: '2025-02-03T11:28:35Z',
  nodeCount: 0
}
hasNextPage: true
endCursor: Y3Vyc29yOjI1MA==

Extracted 260 results for 2024-11-12..2024-11-25...


Rate Limit: {
  limit: 5000,
  cost: 1,
  remaining: 4693,
  used: 307,
  resetAt: '2025-02-03T11:28:35Z',
  nodeCount: 0
}
hasNextPage: true
endCursor: Y3Vyc29yOjI2MA==

Extracted 270 results for 2024-11-12..2024-11-25...


Rate Limit: {
  limit: 5000,
  cost: 1,
  remaining: 4692,
  used: 308,
  resetAt: '2025-02-03T11:28:35Z',
  nodeCount: 0
}
hasNextPage: true
endCursor: Y3Vyc29yOjI3MA==

Extracted 280 results for 2024-11-12..2024-11-25...


Rate Limit: {
  limit: 5000,
  cost: 1,
  remaining: 4691,
  used: 309,
  resetAt: '2025-02-03T11:28:35Z',
  nodeCount: 0
}
hasNextPage: true
endCursor: Y3Vyc29yOjI4MA==

Extracted 290 results for 2024-11-12..2024-11-25...


Rate Limit: {
  limit: 5000,
  cost: 1,
  remaining: 4690,
  used: 310,
  resetAt: '2025-02-03T11:28:35Z',
  nodeCount: 0
}
hasNextPage: true
endCursor: Y3Vyc29yOjI5MA==

Extracted 300 results for 2024-11-12..2024-11-25...


Rate Limit: {
  limit: 5000,
  cost: 1,
  remaining: 4689,
  used: 311,
  resetAt: '2025-02-03T11:28:35Z',
  nodeCount: 0
}
hasNextPage: true
endCursor: Y3Vyc29yOjMwMA==

Extracted 310 results for 2024-11-12..2024-11-25...


Rate Limit: {
  limit: 5000,
  cost: 1,
  remaining: 4688,
  used: 312,
  resetAt: '2025-02-03T11:28:35Z',
  nodeCount: 0
}
hasNextPage: true
endCursor: Y3Vyc29yOjMxMA==

Extracted 320 results for 2024-11-12..2024-11-25...


Rate Limit: {
  limit: 5000,
  cost: 1,
  remaining: 4687,
  used: 313,
  resetAt: '2025-02-03T11:28:35Z',
  nodeCount: 0
}
hasNextPage: true
endCursor: Y3Vyc29yOjMyMA==

Extracted 330 results for 2024-11-12..2024-11-25...


Rate Limit: {
  limit: 5000,
  cost: 1,
  remaining: 4686,
  used: 314,
  resetAt: '2025-02-03T11:28:35Z',
  nodeCount: 0
}
hasNextPage: true
endCursor: Y3Vyc29yOjMzMA==

Extracted 340 results for 2024-11-12..2024-11-25...


Rate Limit: {
  limit: 5000,
  cost: 1,
  remaining: 4685,
  used: 315,
  resetAt: '2025-02-03T11:28:35Z',
  nodeCount: 0
}
hasNextPage: true
endCursor: Y3Vyc29yOjM0MA==

Extracted 350 results for 2024-11-12..2024-11-25...


Rate Limit: {
  limit: 5000,
  cost: 1,
  remaining: 4684,
  used: 316,
  resetAt: '2025-02-03T11:28:35Z',
  nodeCount: 0
}
hasNextPage: true
endCursor: Y3Vyc29yOjM1MA==

Extracted 360 results for 2024-11-12..2024-11-25...


Rate Limit: {
  limit: 5000,
  cost: 1,
  remaining: 4683,
  used: 317,
  resetAt: '2025-02-03T11:28:35Z',
  nodeCount: 0
}
hasNextPage: true
endCursor: Y3Vyc29yOjM2MA==

Extracted 370 results for 2024-11-12..2024-11-25...


Rate Limit: {
  limit: 5000,
  cost: 1,
  remaining: 4682,
  used: 318,
  resetAt: '2025-02-03T11:28:35Z',
  nodeCount: 0
}
hasNextPage: true
endCursor: Y3Vyc29yOjM3MA==

Extracted 380 results for 2024-11-12..2024-11-25...


Rate Limit: {
  limit: 5000,
  cost: 1,
  remaining: 4681,
  used: 319,
  resetAt: '2025-02-03T11:28:35Z',
  nodeCount: 0
}
hasNextPage: true
endCursor: Y3Vyc29yOjM4MA==

Extracted 390 results for 2024-11-12..2024-11-25...


Rate Limit: {
  limit: 5000,
  cost: 1,
  remaining: 4680,
  used: 320,
  resetAt: '2025-02-03T11:28:35Z',
  nodeCount: 0
}
hasNextPage: true
endCursor: Y3Vyc29yOjM5MA==

Extracted 400 results for 2024-11-12..2024-11-25...


Rate Limit: {
  limit: 5000,
  cost: 1,
  remaining: 4679,
  used: 321,
  resetAt: '2025-02-03T11:28:35Z',
  nodeCount: 0
}
hasNextPage: true
endCursor: Y3Vyc29yOjQwMA==

Extracted 410 results for 2024-11-12..2024-11-25...


Rate Limit: {
  limit: 5000,
  cost: 1,
  remaining: 4678,
  used: 322,
  resetAt: '2025-02-03T11:28:35Z',
  nodeCount: 0
}
hasNextPage: true
endCursor: Y3Vyc29yOjQxMA==

Extracted 420 results for 2024-11-12..2024-11-25...


Rate Limit: {
  limit: 5000,
  cost: 1,
  remaining: 4677,
  used: 323,
  resetAt: '2025-02-03T11:28:35Z',
  nodeCount: 0
}
hasNextPage: true
endCursor: Y3Vyc29yOjQyMA==

Extracted 430 results for 2024-11-12..2024-11-25...


Rate Limit: {
  limit: 5000,
  cost: 1,
  remaining: 4676,
  used: 324,
  resetAt: '2025-02-03T11:28:35Z',
  nodeCount: 0
}
hasNextPage: true
endCursor: Y3Vyc29yOjQzMA==

Extracted 440 results for 2024-11-12..2024-11-25...


Rate Limit: {
  limit: 5000,
  cost: 1,
  remaining: 4675,
  used: 325,
  resetAt: '2025-02-03T11:28:35Z',
  nodeCount: 0
}
hasNextPage: true
endCursor: Y3Vyc29yOjQ0MA==

Extracted 450 results for 2024-11-12..2024-11-25...


Rate Limit: {
  limit: 5000,
  cost: 1,
  remaining: 4674,
  used: 326,
  resetAt: '2025-02-03T11:28:35Z',
  nodeCount: 0
}
hasNextPage: true
endCursor: Y3Vyc29yOjQ1MA==

Extracted 460 results for 2024-11-12..2024-11-25...


Rate Limit: {
  limit: 5000,
  cost: 1,
  remaining: 4673,
  used: 327,
  resetAt: '2025-02-03T11:28:35Z',
  nodeCount: 0
}
hasNextPage: true
endCursor: Y3Vyc29yOjQ2MA==

Extracted 470 results for 2024-11-12..2024-11-25...


Rate Limit: {
  limit: 5000,
  cost: 1,
  remaining: 4672,
  used: 328,
  resetAt: '2025-02-03T11:28:35Z',
  nodeCount: 0
}
hasNextPage: true
endCursor: Y3Vyc29yOjQ3MA==

Extracted 480 results for 2024-11-12..2024-11-25...


Rate Limit: {
  limit: 5000,
  cost: 1,
  remaining: 4671,
  used: 329,
  resetAt: '2025-02-03T11:28:35Z',
  nodeCount: 0
}
hasNextPage: true
endCursor: Y3Vyc29yOjQ4MA==

Extracted 490 results for 2024-11-12..2024-11-25...


Rate Limit: {
  limit: 5000,
  cost: 1,
  remaining: 4670,
  used: 330,
  resetAt: '2025-02-03T11:28:35Z',
  nodeCount: 0
}
hasNextPage: true
endCursor: Y3Vyc29yOjQ5MA==

Extracted 500 results for 2024-11-12..2024-11-25...


Rate Limit: {
  limit: 5000,
  cost: 1,
  remaining: 4669,
  used: 331,
  resetAt: '2025-02-03T11:28:35Z',
  nodeCount: 0
}
hasNextPage: true
endCursor: Y3Vyc29yOjUwMA==

Extracted 510 results for 2024-11-12..2024-11-25...


Rate Limit: {
  limit: 5000,
  cost: 1,
  remaining: 4668,
  used: 332,
  resetAt: '2025-02-03T11:28:35Z',
  nodeCount: 0
}
hasNextPage: true
endCursor: Y3Vyc29yOjUxMA==

Extracted 520 results for 2024-11-12..2024-11-25...


Rate Limit: {
  limit: 5000,
  cost: 1,
  remaining: 4667,
  used: 333,
  resetAt: '2025-02-03T11:28:35Z',
  nodeCount: 0
}
hasNextPage: true
endCursor: Y3Vyc29yOjUyMA==

Extracted 530 results for 2024-11-12..2024-11-25...


Rate Limit: {
  limit: 5000,
  cost: 1,
  remaining: 4666,
  used: 334,
  resetAt: '2025-02-03T11:28:35Z',
  nodeCount: 0
}
hasNextPage: true
endCursor: Y3Vyc29yOjUzMA==

Extracted 540 results for 2024-11-12..2024-11-25...


Rate Limit: {
  limit: 5000,
  cost: 1,
  remaining: 4665,
  used: 335,
  resetAt: '2025-02-03T11:28:35Z',
  nodeCount: 0
}
hasNextPage: true
endCursor: Y3Vyc29yOjU0MA==

Extracted 550 results for 2024-11-12..2024-11-25...


Rate Limit: {
  limit: 5000,
  cost: 1,
  remaining: 4664,
  used: 336,
  resetAt: '2025-02-03T11:28:35Z',
  nodeCount: 0
}
hasNextPage: true
endCursor: Y3Vyc29yOjU1MA==

Extracted 560 results for 2024-11-12..2024-11-25...


Rate Limit: {
  limit: 5000,
  cost: 1,
  remaining: 4663,
  used: 337,
  resetAt: '2025-02-03T11:28:35Z',
  nodeCount: 0
}
hasNextPage: true
endCursor: Y3Vyc29yOjU2MA==

Extracted 570 results for 2024-11-12..2024-11-25...


Rate Limit: {
  limit: 5000,
  cost: 1,
  remaining: 4662,
  used: 338,
  resetAt: '2025-02-03T11:28:35Z',
  nodeCount: 0
}
hasNextPage: true
endCursor: Y3Vyc29yOjU3MA==

Extracted 575 results for 2024-11-12..2024-11-25...


Rate Limit: {
  limit: 5000,
  cost: 1,
  remaining: 4661,
  used: 339,
  resetAt: '2025-02-03T11:28:35Z',
  nodeCount: 0
}
hasNextPage: false
endCursor: Y3Vyc29yOjU3NQ==

Extracted 2296 results for 2024-11-12..2024-11-25...
Checking if date range should be split: stars:>10 language:java size:>=20 mirror:false template:false NOT android created:2024-11-26..2025-01-01
{ search: { repositoryCount: 1159 } }
Results: 1159

Splitting 2024-11-26..2025-01-01 into 36 days...
Checking if date range should be split: stars:>10 language:java size:>=20 mirror:false template:false NOT android created:2024-11-26..2024-12-14
{ search: { repositoryCount: 1122 } }
Results: 1122

Splitting 2024-11-26..2024-12-14 into 18 days...
Checking if date range should be split: stars:>10 language:java size:>=20 mirror:false template:false NOT android created:2024-11-26..2024-12-05
{ search: { repositoryCount: 1087 } }
Results: 1087

Splitting 2024-11-26..2024-12-05 into 9 days...
Checking if date range should be split: stars:>10 language:java size:>=20 mirror:false template:false NOT android created:2024-11-26..2024-11-30
{ search: { repositoryCount: 1069 } }
Results: 1069

Splitting 2024-11-26..2024-11-30 into 5 days...
Checking if date range should be split: stars:>10 language:java size:>=20 mirror:false template:false NOT android created:2024-11-26..2024-11-28
{ search: { repositoryCount: 1062 } }
Results: 1062

Splitting 2024-11-26..2024-11-28 into 3 days...
Checking if date range should be split: stars:>10 language:java size:>=20 mirror:false template:false NOT android created:2024-11-26..2024-11-27
{ search: { repositoryCount: 1057 } }
Results: 1057

Splitting 2024-11-26..2024-11-27 into 2 days...
Checking if date range should be split: stars:>10 language:java size:>=20 mirror:false template:false NOT android created:2024-11-26..2024-11-27
{ search: { repositoryCount: 1057 } }
Results: 1057

Splitting 2024-11-26..2024-11-27 into 1 days...
Checking if date range should be split: stars:>10 language:java size:>=20 mirror:false template:false NOT android created:2024-11-26..2024-11-26
{ search: { repositoryCount: 935 } }
Results: 935

Extracted 10 results for 2024-11-26..2024-11-26...


Rate Limit: {
  limit: 5000,
  cost: 1,
  remaining: 4652,
  used: 348,
  resetAt: '2025-02-03T11:28:35Z',
  nodeCount: 0
}
hasNextPage: true
endCursor: Y3Vyc29yOjEw

Extracted 20 results for 2024-11-26..2024-11-26...


Rate Limit: {
  limit: 5000,
  cost: 1,
  remaining: 4651,
  used: 349,
  resetAt: '2025-02-03T11:28:35Z',
  nodeCount: 0
}
hasNextPage: true
endCursor: Y3Vyc29yOjIw

Extracted 30 results for 2024-11-26..2024-11-26...


Rate Limit: {
  limit: 5000,
  cost: 1,
  remaining: 4650,
  used: 350,
  resetAt: '2025-02-03T11:28:35Z',
  nodeCount: 0
}
hasNextPage: true
endCursor: Y3Vyc29yOjMw

Extracted 40 results for 2024-11-26..2024-11-26...


Rate Limit: {
  limit: 5000,
  cost: 1,
  remaining: 4649,
  used: 351,
  resetAt: '2025-02-03T11:28:35Z',
  nodeCount: 0
}
hasNextPage: true
endCursor: Y3Vyc29yOjQw

Extracted 50 results for 2024-11-26..2024-11-26...


Rate Limit: {
  limit: 5000,
  cost: 1,
  remaining: 4648,
  used: 352,
  resetAt: '2025-02-03T11:28:35Z',
  nodeCount: 0
}
hasNextPage: true
endCursor: Y3Vyc29yOjUw

Extracted 60 results for 2024-11-26..2024-11-26...


Rate Limit: {
  limit: 5000,
  cost: 1,
  remaining: 4647,
  used: 353,
  resetAt: '2025-02-03T11:28:35Z',
  nodeCount: 0
}
hasNextPage: true
endCursor: Y3Vyc29yOjYw

Extracted 70 results for 2024-11-26..2024-11-26...


Rate Limit: {
  limit: 5000,
  cost: 1,
  remaining: 4646,
  used: 354,
  resetAt: '2025-02-03T11:28:35Z',
  nodeCount: 0
}
hasNextPage: true
endCursor: Y3Vyc29yOjcw

Extracted 80 results for 2024-11-26..2024-11-26...


Rate Limit: {
  limit: 5000,
  cost: 1,
  remaining: 4645,
  used: 355,
  resetAt: '2025-02-03T11:28:35Z',
  nodeCount: 0
}
hasNextPage: true
endCursor: Y3Vyc29yOjgw

Extracted 90 results for 2024-11-26..2024-11-26...


Rate Limit: {
  limit: 5000,
  cost: 1,
  remaining: 4644,
  used: 356,
  resetAt: '2025-02-03T11:28:35Z',
  nodeCount: 0
}
hasNextPage: true
endCursor: Y3Vyc29yOjkw

Extracted 100 results for 2024-11-26..2024-11-26...


Rate Limit: {
  limit: 5000,
  cost: 1,
  remaining: 4643,
  used: 357,
  resetAt: '2025-02-03T11:28:35Z',
  nodeCount: 0
}
hasNextPage: true
endCursor: Y3Vyc29yOjEwMA==

Extracted 110 results for 2024-11-26..2024-11-26...


Rate Limit: {
  limit: 5000,
  cost: 1,
  remaining: 4642,
  used: 358,
  resetAt: '2025-02-03T11:28:35Z',
  nodeCount: 0
}
hasNextPage: true
endCursor: Y3Vyc29yOjExMA==

Extracted 120 results for 2024-11-26..2024-11-26...


Rate Limit: {
  limit: 5000,
  cost: 1,
  remaining: 4641,
  used: 359,
  resetAt: '2025-02-03T11:28:35Z',
  nodeCount: 0
}
hasNextPage: true
endCursor: Y3Vyc29yOjEyMA==

Extracted 130 results for 2024-11-26..2024-11-26...


Rate Limit: {
  limit: 5000,
  cost: 1,
  remaining: 4640,
  used: 360,
  resetAt: '2025-02-03T11:28:35Z',
  nodeCount: 0
}
hasNextPage: true
endCursor: Y3Vyc29yOjEzMA==

Extracted 140 results for 2024-11-26..2024-11-26...


Rate Limit: {
  limit: 5000,
  cost: 1,
  remaining: 4639,
  used: 361,
  resetAt: '2025-02-03T11:28:35Z',
  nodeCount: 0
}
hasNextPage: true
endCursor: Y3Vyc29yOjE0MA==

Extracted 150 results for 2024-11-26..2024-11-26...


Rate Limit: {
  limit: 5000,
  cost: 1,
  remaining: 4638,
  used: 362,
  resetAt: '2025-02-03T11:28:35Z',
  nodeCount: 0
}
hasNextPage: true
endCursor: Y3Vyc29yOjE1MA==

Extracted 160 results for 2024-11-26..2024-11-26...


Rate Limit: {
  limit: 5000,
  cost: 1,
  remaining: 4637,
  used: 363,
  resetAt: '2025-02-03T11:28:35Z',
  nodeCount: 0
}
hasNextPage: true
endCursor: Y3Vyc29yOjE2MA==

Extracted 170 results for 2024-11-26..2024-11-26...


Rate Limit: {
  limit: 5000,
  cost: 1,
  remaining: 4636,
  used: 364,
  resetAt: '2025-02-03T11:28:35Z',
  nodeCount: 0
}
hasNextPage: true
endCursor: Y3Vyc29yOjE3MA==

Extracted 180 results for 2024-11-26..2024-11-26...


Rate Limit: {
  limit: 5000,
  cost: 1,
  remaining: 4635,
  used: 365,
  resetAt: '2025-02-03T11:28:35Z',
  nodeCount: 0
}
hasNextPage: true
endCursor: Y3Vyc29yOjE4MA==

Extracted 190 results for 2024-11-26..2024-11-26...


Rate Limit: {
  limit: 5000,
  cost: 1,
  remaining: 4634,
  used: 366,
  resetAt: '2025-02-03T11:28:35Z',
  nodeCount: 0
}
hasNextPage: true
endCursor: Y3Vyc29yOjE5MA==

Extracted 200 results for 2024-11-26..2024-11-26...


Rate Limit: {
  limit: 5000,
  cost: 1,
  remaining: 4633,
  used: 367,
  resetAt: '2025-02-03T11:28:35Z',
  nodeCount: 0
}
hasNextPage: true
endCursor: Y3Vyc29yOjIwMA==

Extracted 210 results for 2024-11-26..2024-11-26...


Rate Limit: {
  limit: 5000,
  cost: 1,
  remaining: 4632,
  used: 368,
  resetAt: '2025-02-03T11:28:35Z',
  nodeCount: 0
}
hasNextPage: true
endCursor: Y3Vyc29yOjIxMA==

Extracted 220 results for 2024-11-26..2024-11-26...


Rate Limit: {
  limit: 5000,
  cost: 1,
  remaining: 4631,
  used: 369,
  resetAt: '2025-02-03T11:28:35Z',
  nodeCount: 0
}
hasNextPage: true
endCursor: Y3Vyc29yOjIyMA==

Extracted 230 results for 2024-11-26..2024-11-26...


Rate Limit: {
  limit: 5000,
  cost: 1,
  remaining: 4630,
  used: 370,
  resetAt: '2025-02-03T11:28:35Z',
  nodeCount: 0
}
hasNextPage: true
endCursor: Y3Vyc29yOjIzMA==

Extracted 240 results for 2024-11-26..2024-11-26...


Rate Limit: {
  limit: 5000,
  cost: 1,
  remaining: 4629,
  used: 371,
  resetAt: '2025-02-03T11:28:35Z',
  nodeCount: 0
}
hasNextPage: true
endCursor: Y3Vyc29yOjI0MA==

Extracted 250 results for 2024-11-26..2024-11-26...


Rate Limit: {
  limit: 5000,
  cost: 1,
  remaining: 4628,
  used: 372,
  resetAt: '2025-02-03T11:28:35Z',
  nodeCount: 0
}
hasNextPage: true
endCursor: Y3Vyc29yOjI1MA==

Extracted 260 results for 2024-11-26..2024-11-26...


Rate Limit: {
  limit: 5000,
  cost: 1,
  remaining: 4627,
  used: 373,
  resetAt: '2025-02-03T11:28:35Z',
  nodeCount: 0
}
hasNextPage: true
endCursor: Y3Vyc29yOjI2MA==

Extracted 270 results for 2024-11-26..2024-11-26...


Rate Limit: {
  limit: 5000,
  cost: 1,
  remaining: 4626,
  used: 374,
  resetAt: '2025-02-03T11:28:35Z',
  nodeCount: 0
}
hasNextPage: true
endCursor: Y3Vyc29yOjI3MA==

Extracted 280 results for 2024-11-26..2024-11-26...


Rate Limit: {
  limit: 5000,
  cost: 1,
  remaining: 4625,
  used: 375,
  resetAt: '2025-02-03T11:28:35Z',
  nodeCount: 0
}
hasNextPage: true
endCursor: Y3Vyc29yOjI4MA==

Extracted 290 results for 2024-11-26..2024-11-26...


Rate Limit: {
  limit: 5000,
  cost: 1,
  remaining: 4624,
  used: 376,
  resetAt: '2025-02-03T11:28:35Z',
  nodeCount: 0
}
hasNextPage: true
endCursor: Y3Vyc29yOjI5MA==

Extracted 300 results for 2024-11-26..2024-11-26...


Rate Limit: {
  limit: 5000,
  cost: 1,
  remaining: 4623,
  used: 377,
  resetAt: '2025-02-03T11:28:35Z',
  nodeCount: 0
}
hasNextPage: true
endCursor: Y3Vyc29yOjMwMA==

Extracted 310 results for 2024-11-26..2024-11-26...


Rate Limit: {
  limit: 5000,
  cost: 1,
  remaining: 4622,
  used: 378,
  resetAt: '2025-02-03T11:28:35Z',
  nodeCount: 0
}
hasNextPage: true
endCursor: Y3Vyc29yOjMxMA==

Extracted 320 results for 2024-11-26..2024-11-26...


Rate Limit: {
  limit: 5000,
  cost: 1,
  remaining: 4621,
  used: 379,
  resetAt: '2025-02-03T11:28:35Z',
  nodeCount: 0
}
hasNextPage: true
endCursor: Y3Vyc29yOjMyMA==

Extracted 330 results for 2024-11-26..2024-11-26...


Rate Limit: {
  limit: 5000,
  cost: 1,
  remaining: 4620,
  used: 380,
  resetAt: '2025-02-03T11:28:35Z',
  nodeCount: 0
}
hasNextPage: true
endCursor: Y3Vyc29yOjMzMA==

Extracted 340 results for 2024-11-26..2024-11-26...


Rate Limit: {
  limit: 5000,
  cost: 1,
  remaining: 4619,
  used: 381,
  resetAt: '2025-02-03T11:28:35Z',
  nodeCount: 0
}
hasNextPage: true
endCursor: Y3Vyc29yOjM0MA==

Extracted 350 results for 2024-11-26..2024-11-26...


Rate Limit: {
  limit: 5000,
  cost: 1,
  remaining: 4618,
  used: 382,
  resetAt: '2025-02-03T11:28:35Z',
  nodeCount: 0
}
hasNextPage: true
endCursor: Y3Vyc29yOjM1MA==

Extracted 360 results for 2024-11-26..2024-11-26...


Rate Limit: {
  limit: 5000,
  cost: 1,
  remaining: 4617,
  used: 383,
  resetAt: '2025-02-03T11:28:35Z',
  nodeCount: 0
}
hasNextPage: true
endCursor: Y3Vyc29yOjM2MA==

Extracted 370 results for 2024-11-26..2024-11-26...


Rate Limit: {
  limit: 5000,
  cost: 1,
  remaining: 4616,
  used: 384,
  resetAt: '2025-02-03T11:28:35Z',
  nodeCount: 0
}
hasNextPage: true
endCursor: Y3Vyc29yOjM3MA==

Extracted 380 results for 2024-11-26..2024-11-26...


Rate Limit: {
  limit: 5000,
  cost: 1,
  remaining: 4615,
  used: 385,
  resetAt: '2025-02-03T11:28:35Z',
  nodeCount: 0
}
hasNextPage: true
endCursor: Y3Vyc29yOjM4MA==

Extracted 390 results for 2024-11-26..2024-11-26...


Rate Limit: {
  limit: 5000,
  cost: 1,
  remaining: 4614,
  used: 386,
  resetAt: '2025-02-03T11:28:35Z',
  nodeCount: 0
}
hasNextPage: true
endCursor: Y3Vyc29yOjM5MA==

Extracted 400 results for 2024-11-26..2024-11-26...


Rate Limit: {
  limit: 5000,
  cost: 1,
  remaining: 4613,
  used: 387,
  resetAt: '2025-02-03T11:28:35Z',
  nodeCount: 0
}
hasNextPage: true
endCursor: Y3Vyc29yOjQwMA==

Extracted 410 results for 2024-11-26..2024-11-26...


Rate Limit: {
  limit: 5000,
  cost: 1,
  remaining: 4612,
  used: 388,
  resetAt: '2025-02-03T11:28:35Z',
  nodeCount: 0
}
hasNextPage: true
endCursor: Y3Vyc29yOjQxMA==

Extracted 420 results for 2024-11-26..2024-11-26...


Rate Limit: {
  limit: 5000,
  cost: 1,
  remaining: 4611,
  used: 389,
  resetAt: '2025-02-03T11:28:35Z',
  nodeCount: 0
}
hasNextPage: true
endCursor: Y3Vyc29yOjQyMA==

Extracted 430 results for 2024-11-26..2024-11-26...


Rate Limit: {
  limit: 5000,
  cost: 1,
  remaining: 4610,
  used: 390,
  resetAt: '2025-02-03T11:28:35Z',
  nodeCount: 0
}
hasNextPage: true
endCursor: Y3Vyc29yOjQzMA==

Extracted 440 results for 2024-11-26..2024-11-26...


Rate Limit: {
  limit: 5000,
  cost: 1,
  remaining: 4609,
  used: 391,
  resetAt: '2025-02-03T11:28:35Z',
  nodeCount: 0
}
hasNextPage: true
endCursor: Y3Vyc29yOjQ0MA==

Extracted 450 results for 2024-11-26..2024-11-26...


Rate Limit: {
  limit: 5000,
  cost: 1,
  remaining: 4608,
  used: 392,
  resetAt: '2025-02-03T11:28:35Z',
  nodeCount: 0
}
hasNextPage: true
endCursor: Y3Vyc29yOjQ1MA==

Extracted 460 results for 2024-11-26..2024-11-26...


Rate Limit: {
  limit: 5000,
  cost: 1,
  remaining: 4607,
  used: 393,
  resetAt: '2025-02-03T11:28:35Z',
  nodeCount: 0
}
hasNextPage: true
endCursor: Y3Vyc29yOjQ2MA==

Extracted 470 results for 2024-11-26..2024-11-26...


Rate Limit: {
  limit: 5000,
  cost: 1,
  remaining: 4606,
  used: 394,
  resetAt: '2025-02-03T11:28:35Z',
  nodeCount: 0
}
hasNextPage: true
endCursor: Y3Vyc29yOjQ3MA==

Extracted 480 results for 2024-11-26..2024-11-26...


Rate Limit: {
  limit: 5000,
  cost: 1,
  remaining: 4605,
  used: 395,
  resetAt: '2025-02-03T11:28:35Z',
  nodeCount: 0
}
hasNextPage: true
endCursor: Y3Vyc29yOjQ4MA==

Extracted 490 results for 2024-11-26..2024-11-26...


Rate Limit: {
  limit: 5000,
  cost: 1,
  remaining: 4604,
  used: 396,
  resetAt: '2025-02-03T11:28:35Z',
  nodeCount: 0
}
hasNextPage: true
endCursor: Y3Vyc29yOjQ5MA==

Extracted 500 results for 2024-11-26..2024-11-26...


Rate Limit: {
  limit: 5000,
  cost: 1,
  remaining: 4603,
  used: 397,
  resetAt: '2025-02-03T11:28:35Z',
  nodeCount: 0
}
hasNextPage: true
endCursor: Y3Vyc29yOjUwMA==

Extracted 510 results for 2024-11-26..2024-11-26...


Rate Limit: {
  limit: 5000,
  cost: 1,
  remaining: 4602,
  used: 398,
  resetAt: '2025-02-03T11:28:35Z',
  nodeCount: 0
}
hasNextPage: true
endCursor: Y3Vyc29yOjUxMA==

Extracted 520 results for 2024-11-26..2024-11-26...


Rate Limit: {
  limit: 5000,
  cost: 1,
  remaining: 4601,
  used: 399,
  resetAt: '2025-02-03T11:28:35Z',
  nodeCount: 0
}
hasNextPage: true
endCursor: Y3Vyc29yOjUyMA==

Extracted 530 results for 2024-11-26..2024-11-26...


Rate Limit: {
  limit: 5000,
  cost: 1,
  remaining: 4600,
  used: 400,
  resetAt: '2025-02-03T11:28:35Z',
  nodeCount: 0
}
hasNextPage: true
endCursor: Y3Vyc29yOjUzMA==

Extracted 540 results for 2024-11-26..2024-11-26...


Rate Limit: {
  limit: 5000,
  cost: 1,
  remaining: 4599,
  used: 401,
  resetAt: '2025-02-03T11:28:35Z',
  nodeCount: 0
}
hasNextPage: true
endCursor: Y3Vyc29yOjU0MA==

Extracted 550 results for 2024-11-26..2024-11-26...


Rate Limit: {
  limit: 5000,
  cost: 1,
  remaining: 4598,
  used: 402,
  resetAt: '2025-02-03T11:28:35Z',
  nodeCount: 0
}
hasNextPage: true
endCursor: Y3Vyc29yOjU1MA==

Extracted 560 results for 2024-11-26..2024-11-26...


Rate Limit: {
  limit: 5000,
  cost: 1,
  remaining: 4597,
  used: 403,
  resetAt: '2025-02-03T11:28:35Z',
  nodeCount: 0
}
hasNextPage: true
endCursor: Y3Vyc29yOjU2MA==

Extracted 570 results for 2024-11-26..2024-11-26...


Rate Limit: {
  limit: 5000,
  cost: 1,
  remaining: 4596,
  used: 404,
  resetAt: '2025-02-03T11:28:35Z',
  nodeCount: 0
}
hasNextPage: true
endCursor: Y3Vyc29yOjU3MA==

Extracted 580 results for 2024-11-26..2024-11-26...


Rate Limit: {
  limit: 5000,
  cost: 1,
  remaining: 4595,
  used: 405,
  resetAt: '2025-02-03T11:28:35Z',
  nodeCount: 0
}
hasNextPage: true
endCursor: Y3Vyc29yOjU4MA==

Extracted 590 results for 2024-11-26..2024-11-26...


Rate Limit: {
  limit: 5000,
  cost: 1,
  remaining: 4594,
  used: 406,
  resetAt: '2025-02-03T11:28:35Z',
  nodeCount: 0
}
hasNextPage: true
endCursor: Y3Vyc29yOjU5MA==

Extracted 600 results for 2024-11-26..2024-11-26...


Rate Limit: {
  limit: 5000,
  cost: 1,
  remaining: 4593,
  used: 407,
  resetAt: '2025-02-03T11:28:35Z',
  nodeCount: 0
}
hasNextPage: true
endCursor: Y3Vyc29yOjYwMA==

Extracted 610 results for 2024-11-26..2024-11-26...


Rate Limit: {
  limit: 5000,
  cost: 1,
  remaining: 4592,
  used: 408,
  resetAt: '2025-02-03T11:28:35Z',
  nodeCount: 0
}
hasNextPage: true
endCursor: Y3Vyc29yOjYxMA==

Extracted 620 results for 2024-11-26..2024-11-26...


Rate Limit: {
  limit: 5000,
  cost: 1,
  remaining: 4591,
  used: 409,
  resetAt: '2025-02-03T11:28:35Z',
  nodeCount: 0
}
hasNextPage: true
endCursor: Y3Vyc29yOjYyMA==

Extracted 630 results for 2024-11-26..2024-11-26...


Rate Limit: {
  limit: 5000,
  cost: 1,
  remaining: 4590,
  used: 410,
  resetAt: '2025-02-03T11:28:35Z',
  nodeCount: 0
}
hasNextPage: true
endCursor: Y3Vyc29yOjYzMA==

Extracted 640 results for 2024-11-26..2024-11-26...


Rate Limit: {
  limit: 5000,
  cost: 1,
  remaining: 4589,
  used: 411,
  resetAt: '2025-02-03T11:28:35Z',
  nodeCount: 0
}
hasNextPage: true
endCursor: Y3Vyc29yOjY0MA==

Extracted 650 results for 2024-11-26..2024-11-26...


Rate Limit: {
  limit: 5000,
  cost: 1,
  remaining: 4588,
  used: 412,
  resetAt: '2025-02-03T11:28:35Z',
  nodeCount: 0
}
hasNextPage: true
endCursor: Y3Vyc29yOjY1MA==

Extracted 660 results for 2024-11-26..2024-11-26...


Rate Limit: {
  limit: 5000,
  cost: 1,
  remaining: 4587,
  used: 413,
  resetAt: '2025-02-03T11:28:35Z',
  nodeCount: 0
}
hasNextPage: true
endCursor: Y3Vyc29yOjY2MA==

Extracted 670 results for 2024-11-26..2024-11-26...


Rate Limit: {
  limit: 5000,
  cost: 1,
  remaining: 4586,
  used: 414,
  resetAt: '2025-02-03T11:28:35Z',
  nodeCount: 0
}
hasNextPage: true
endCursor: Y3Vyc29yOjY3MA==

Extracted 680 results for 2024-11-26..2024-11-26...


Rate Limit: {
  limit: 5000,
  cost: 1,
  remaining: 4585,
  used: 415,
  resetAt: '2025-02-03T11:28:35Z',
  nodeCount: 0
}
hasNextPage: true
endCursor: Y3Vyc29yOjY4MA==

Extracted 690 results for 2024-11-26..2024-11-26...


Rate Limit: {
  limit: 5000,
  cost: 1,
  remaining: 4584,
  used: 416,
  resetAt: '2025-02-03T11:28:35Z',
  nodeCount: 0
}
hasNextPage: true
endCursor: Y3Vyc29yOjY5MA==

Extracted 700 results for 2024-11-26..2024-11-26...


Rate Limit: {
  limit: 5000,
  cost: 1,
  remaining: 4583,
  used: 417,
  resetAt: '2025-02-03T11:28:35Z',
  nodeCount: 0
}
hasNextPage: true
endCursor: Y3Vyc29yOjcwMA==
ClientError: GraphQL Error (Code: 502): {"response":{"status":502,"headers":{}},"request":{"query":"query ($searchQuery: String!, $first: Int, $after: String) {\n  search(query: $searchQuery, type: REPOSITORY, first: $first, after: $after) {\n    repositoryCount\n    nodes {\n      ... on Repository {\n        nameWithOwner\n        defaultBranchRef {\n          name\n        }\n        createdAt\n        refs(refPrefix: \"refs/heads/\") {\n          totalCount\n        }\n        defaultBranchRef {\n          name\n          target {\n            repository {\n              object(expression: \"HEAD:README.md\") {\n                ... on Blob {\n                  text\n                }\n              }\n            }\n          }\n        }\n        releases(first:1) {\n          edges {\n            node {\n              id\n            }\n          }\n          totalCount\n        }\n        issues(states: [OPEN]) {\n          totalCount\n        }\n        object(expression: \"HEAD:.github/workflows/\") {\n          ... on Tree {\n            entries {\n              name\n              object {\n                ... on Blob {\n                  byteSize\n                }\n              }\n            }\n          }\n        }\n        licenseInfo {\n          spdxId\n        }\n      }\n    }\n    pageInfo {\n      endCursor\n      hasNextPage\n    }\n  }\n}\n","variables":{"searchQuery":"stars:>10 language:java size:>=20 mirror:false template:false NOT android created:2024-11-26..2024-11-26","first":10,"after":"Y3Vyc29yOjcwMA=="}}}
    at runRequest (file:///usr/lib/node_modules/ghminer/node_modules/graphql-request/build/legacy/helpers/runRequest.js:26:16)
    at process.processTicksAndRejections (node:internal/process/task_queues:95:5)
    at async GraphQLClient.request (file:///usr/lib/node_modules/ghminer/node_modules/graphql-request/build/legacy/classes/GraphQLClient.js:66:26)
    at async fetchResultsBatch (/usr/lib/node_modules/ghminer/src/index.js:103:18)
    at async fetchResultsBatch (/usr/lib/node_modules/ghminer/src/index.js:122:14)
    at async fetchResultsBatch (/usr/lib/node_modules/ghminer/src/index.js:122:14)
    at async fetchResultsBatch (/usr/lib/node_modules/ghminer/src/index.js:122:14)
    at async fetchResultsBatch (/usr/lib/node_modules/ghminer/src/index.js:122:14)
    at async fetchResultsBatch (/usr/lib/node_modules/ghminer/src/index.js:122:14)
    at async fetchResultsBatch (/usr/lib/node_modules/ghminer/src/index.js:122:14) {
  response: {
    status: 502,
    headers: HeadersList {
      cookies: null,
      [Symbol(headers map)]: [Map],
      [Symbol(headers map sorted)]: null
    }
  },
  request: {
    query: 'query ($searchQuery: String!, $first: Int, $after: String) {\n' +
      '  search(query: $searchQuery, type: REPOSITORY, first: $first, after: $after) {\n' +
      '    repositoryCount\n' +
      '    nodes {\n' +
      '      ... on Repository {\n' +
      '        nameWithOwner\n' +
      '        defaultBranchRef {\n' +
      '          name\n' +
      '        }\n' +
      '        createdAt\n' +
      '        refs(refPrefix: "refs/heads/") {\n' +
      '          totalCount\n' +
      '        }\n' +
      '        defaultBranchRef {\n' +
      '          name\n' +
      '          target {\n' +
      '            repository {\n' +
      '              object(expression: "HEAD:README.md") {\n' +
      '                ... on Blob {\n' +
      '                  text\n' +
      '                }\n' +
      '              }\n' +
      '            }\n' +
      '          }\n' +
      '        }\n' +
      '        releases(first:1) {\n' +
      '          edges {\n' +
      '            node {\n' +
      '              id\n' +
      '            }\n' +
      '          }\n' +
      '          totalCount\n' +
      '        }\n' +
      '        issues(states: [OPEN]) {\n' +
      '          totalCount\n' +
      '        }\n' +
      '        object(expression: "HEAD:.github/workflows/") {\n' +
      '          ... on Tree {\n' +
      '            entries {\n' +
      '              name\n' +
      '              object {\n' +
      '                ... on Blob {\n' +
      '                  byteSize\n' +
      '                }\n' +
      '              }\n' +
      '            }\n' +
      '          }\n' +
      '        }\n' +
      '        licenseInfo {\n' +
      '          spdxId\n' +
      '        }\n' +
      '      }\n' +
      '    }\n' +
      '    pageInfo {\n' +
      '      endCursor\n' +
      '      hasNextPage\n' +
      '    }\n' +
      '  }\n' +
      '}\n',
    variables: {
      searchQuery: 'stars:>10 language:java size:>=20 mirror:false template:false NOT android created:2024-11-26..2024-11-26',
      first: 10,
      after: 'Y3Vyc29yOjcwMA=='
    }
  }
}
TypeError: result is not iterable (cannot read property undefined)
    at fetchAllResults (/usr/lib/node_modules/ghminer/src/index.js:203:21)
    at process.processTicksAndRejections (node:internal/process/task_queues:95:5)
TypeError: Cannot read properties of undefined (reading 'map')
    at writeFiles (/usr/lib/node_modules/ghminer/src/index.js:235:33)
    at /usr/lib/node_modules/ghminer/src/index.js:263:5
    at process.processTicksAndRejections (node:internal/process/task_queues:95:5)
cd sr-data && poetry poe pipeline --representation resources/pipeline.json --steps pulls,filter,workflows,junit --pipes "../steps.txt" --out "../files.txt"
Poe => pipeline --representation resources/pipeline.json --steps pulls,filter,workflows,junit --pipes ../steps.txt --out ../files.txt
2025-02-03 11:20:39.175 | DEBUG    | sr_data.pipeline:main:70 - Built step: just pulls "../repos.csv" $GH_TOKEN "../repos-with-pulls.csv"
2025-02-03 11:20:39.175 | DEBUG    | sr_data.pipeline:main:70 - Built step: just filter "../repos-with-pulls.csv" "../filtered.txt" "../after-filter.csv"
2025-02-03 11:20:39.175 | DEBUG    | sr_data.pipeline:main:70 - Built step: just workflows "../after-filter.csv" "../after-workflows.csv"
2025-02-03 11:20:39.175 | DEBUG    | sr_data.pipeline:main:70 - Built step: just junit "../after-workflows.csv" $GH_TOKEN "../after-junit.csv"
2025-02-03 11:20:39.175 | INFO     | sr_data.pipeline:main:75 - The following commands will be executed:
 ['just pulls "../repos.csv" $GH_TOKEN "../repos-with-pulls.csv"', 'just filter "../repos-with-pulls.csv" "../filtered.txt" "../after-filter.csv"', 'just workflows "../after-filter.csv" "../after-workflows.csv"', 'just junit "../after-workflows.csv" $GH_TOKEN "../after-junit.csv"']
2025-02-03 11:20:39.176 | INFO     | sr_data.pipeline:main:76 - We expect the following files to be generated: ['repos.csv', 'repos-with-pulls.csv', 'after-filter.csv', 'after-workflows.csv', 'after-junit.csv']
cd sr-data && poetry poe pulls --repos "../repos.csv" --token "REDACTED" --out "../repos-with-pulls.csv"
Poe => pulls --repos ../repos.csv --token REDACTED --out ../repos-with-pulls.csv
Traceback (most recent call last):
  File "<string>", line 1, in <module>
  File "/sr-data/src/sr_data/steps/pulls.py", line 32, in main
    frame = pd.read_csv(repos)
            ^^^^^^^^^^^^^^^^^^
  File "/usr/local/lib/python3.12/site-packages/pandas/io/parsers/readers.py", line 1026, in read_csv
    return _read(filepath_or_buffer, kwds)
           ^^^^^^^^^^^^^^^^^^^^^^^^^^^^^^^
  File "/usr/local/lib/python3.12/site-packages/pandas/io/parsers/readers.py", line 620, in _read
    parser = TextFileReader(filepath_or_buffer, **kwds)
             ^^^^^^^^^^^^^^^^^^^^^^^^^^^^^^^^^^^^^^^^^^
  File "/usr/local/lib/python3.12/site-packages/pandas/io/parsers/readers.py", line 1620, in __init__
    self._engine = self._make_engine(f, self.engine)
                   ^^^^^^^^^^^^^^^^^^^^^^^^^^^^^^^^^
  File "/usr/local/lib/python3.12/site-packages/pandas/io/parsers/readers.py", line 1880, in _make_engine
    self.handles = get_handle(
                   ^^^^^^^^^^^
  File "/usr/local/lib/python3.12/site-packages/pandas/io/common.py", line 873, in get_handle
    handle = open(
             ^^^^^
FileNotFoundError: [Errno 2] No such file or directory: '../repos.csv'
error: Recipe `pulls` failed on line 78 with exit code 1
cd sr-data && poetry poe filter --repos "../repos-with-pulls.csv" --out "../after-filter.csv" --filtered "../filtered.txt"
Poe => filter --repos ../repos-with-pulls.csv --out ../after-filter.csv --filtered ../filtered.txt
2025-02-03 11:20:42.480 | INFO     | sr_data.steps.filter:main:40 - Start filtering...
Traceback (most recent call last):
  File "<string>", line 1, in <module>
  File "/sr-data/src/sr_data/steps/filter.py", line 42, in main
    frame = pd.read_csv(repos)
            ^^^^^^^^^^^^^^^^^^
  File "/usr/local/lib/python3.12/site-packages/pandas/io/parsers/readers.py", line 1026, in read_csv
    return _read(filepath_or_buffer, kwds)
           ^^^^^^^^^^^^^^^^^^^^^^^^^^^^^^^
  File "/usr/local/lib/python3.12/site-packages/pandas/io/parsers/readers.py", line 620, in _read
    parser = TextFileReader(filepath_or_buffer, **kwds)
             ^^^^^^^^^^^^^^^^^^^^^^^^^^^^^^^^^^^^^^^^^^
  File "/usr/local/lib/python3.12/site-packages/pandas/io/parsers/readers.py", line 1620, in __init__
    self._engine = self._make_engine(f, self.engine)
                   ^^^^^^^^^^^^^^^^^^^^^^^^^^^^^^^^^
  File "/usr/local/lib/python3.12/site-packages/pandas/io/parsers/readers.py", line 1880, in _make_engine
    self.handles = get_handle(
                   ^^^^^^^^^^^
  File "/usr/local/lib/python3.12/site-packages/pandas/io/common.py", line 873, in get_handle
    handle = open(
             ^^^^^
FileNotFoundError: [Errno 2] No such file or directory: '../repos-with-pulls.csv'
error: Recipe `filter` failed on line 103 with exit code 1
cd sr-data && poetry poe workflows --repos ../after-filter.csv --out ../after-workflows.csv
Poe => workflows --repos ../after-filter.csv --out ../after-workflows.csv
Traceback (most recent call last):
  File "<string>", line 1, in <module>
  File "/sr-data/src/sr_data/steps/workflows.py", line 32, in main
    frame = pd.read_csv(repos)
            ^^^^^^^^^^^^^^^^^^
  File "/usr/local/lib/python3.12/site-packages/pandas/io/parsers/readers.py", line 1026, in read_csv
    return _read(filepath_or_buffer, kwds)
           ^^^^^^^^^^^^^^^^^^^^^^^^^^^^^^^
  File "/usr/local/lib/python3.12/site-packages/pandas/io/parsers/readers.py", line 620, in _read
    parser = TextFileReader(filepath_or_buffer, **kwds)
             ^^^^^^^^^^^^^^^^^^^^^^^^^^^^^^^^^^^^^^^^^^
  File "/usr/local/lib/python3.12/site-packages/pandas/io/parsers/readers.py", line 1620, in __init__
    self._engine = self._make_engine(f, self.engine)
                   ^^^^^^^^^^^^^^^^^^^^^^^^^^^^^^^^^
  File "/usr/local/lib/python3.12/site-packages/pandas/io/parsers/readers.py", line 1880, in _make_engine
    self.handles = get_handle(
                   ^^^^^^^^^^^
  File "/usr/local/lib/python3.12/site-packages/pandas/io/common.py", line 873, in get_handle
    handle = open(
             ^^^^^
FileNotFoundError: [Errno 2] No such file or directory: '../after-filter.csv'
error: Recipe `workflows` failed on line 140 with exit code 1
cd sr-data && poetry poe junit --repos "../after-workflows.csv" --out "../after-junit.csv" --token "REDACTED"
Poe => junit --repos ../after-workflows.csv --out ../after-junit.csv --token REDACTED
Traceback (most recent call last):
  File "<string>", line 1, in <module>
  File "/sr-data/src/sr_data/steps/junit_tests.py", line 40, in main
    frame = pd.read_csv(repos)
            ^^^^^^^^^^^^^^^^^^
  File "/usr/local/lib/python3.12/site-packages/pandas/io/parsers/readers.py", line 1026, in read_csv
    return _read(filepath_or_buffer, kwds)
           ^^^^^^^^^^^^^^^^^^^^^^^^^^^^^^^
  File "/usr/local/lib/python3.12/site-packages/pandas/io/parsers/readers.py", line 620, in _read
    parser = TextFileReader(filepath_or_buffer, **kwds)
             ^^^^^^^^^^^^^^^^^^^^^^^^^^^^^^^^^^^^^^^^^^
  File "/usr/local/lib/python3.12/site-packages/pandas/io/parsers/readers.py", line 1620, in __init__
    self._engine = self._make_engine(f, self.engine)
                   ^^^^^^^^^^^^^^^^^^^^^^^^^^^^^^^^^
  File "/usr/local/lib/python3.12/site-packages/pandas/io/parsers/readers.py", line 1880, in _make_engine
    self.handles = get_handle(
                   ^^^^^^^^^^^
  File "/usr/local/lib/python3.12/site-packages/pandas/io/common.py", line 873, in get_handle
    handle = open(
             ^^^^^
FileNotFoundError: [Errno 2] No such file or directory: '../after-workflows.csv'
error: Recipe `junit` failed on line 88 with exit code 1
"/root/.cargo/bin"/just numerical "..//after-junit.csv" "..//numerical.csv"
cd sr-data && poetry poe numerical --repos "..//after-junit.csv" --out "..//numerical.csv"
Poe => numerical --repos ..//after-junit.csv --out ..//numerical.csv
2025-02-03 11:20:45.531 | INFO     | sr_data.steps.numerical:main:30 - Creating dataset with all numerical data...
Traceback (most recent call last):
  File "<string>", line 1, in <module>
  File "/sr-data/src/sr_data/steps/numerical.py", line 31, in main
    frame = pd.read_csv(repos)
            ^^^^^^^^^^^^^^^^^^
  File "/usr/local/lib/python3.12/site-packages/pandas/io/parsers/readers.py", line 1026, in read_csv
    return _read(filepath_or_buffer, kwds)
           ^^^^^^^^^^^^^^^^^^^^^^^^^^^^^^^
  File "/usr/local/lib/python3.12/site-packages/pandas/io/parsers/readers.py", line 620, in _read
    parser = TextFileReader(filepath_or_buffer, **kwds)
             ^^^^^^^^^^^^^^^^^^^^^^^^^^^^^^^^^^^^^^^^^^
  File "/usr/local/lib/python3.12/site-packages/pandas/io/parsers/readers.py", line 1620, in __init__
    self._engine = self._make_engine(f, self.engine)
                   ^^^^^^^^^^^^^^^^^^^^^^^^^^^^^^^^^
  File "/usr/local/lib/python3.12/site-packages/pandas/io/parsers/readers.py", line 1880, in _make_engine
    self.handles = get_handle(
                   ^^^^^^^^^^^
  File "/usr/local/lib/python3.12/site-packages/pandas/io/common.py", line 873, in get_handle
    handle = open(
             ^^^^^
FileNotFoundError: [Errno 2] No such file or directory: '..//after-junit.csv'
error: Recipe `numerical` failed on line 183 with exit code 1
error: Recipe `datasets` failed on line 161 with exit code 1
