${RULTOR:+sudo} npm install -g ghminer@0.0.7

added 7 packages in 2s

1 package is looking for funding
  run `npm fund` for details
poetry self add 'poethepoet[poetry_plugin]'
Using version ^0.32.2 for poethepoet

Updating dependencies
Resolving dependencies...

Package operations: 3 installs, 0 updates, 0 removals

  - Installing pastel (0.2.1)
  - Installing pyyaml (6.0.2)
  - Installing poethepoet (0.32.2)

Writing lock file
cd sr-data && poetry install
Creating virtualenv sr-data-iIS7NBSl-py3.12 in /home/runner/.cache/pypoetry/virtualenvs
Updating dependencies
Resolving dependencies...

Package operations: 46 installs, 0 updates, 0 removals

  - Installing certifi (2025.1.31)
  - Installing charset-normalizer (3.4.1)
  - Installing idna (3.10)
  - Installing urllib3 (2.3.0)
  - Installing filelock (3.17.0)
  - Installing fsspec (2025.2.0)
  - Installing h11 (0.14.0)
  - Installing packaging (24.2)
  - Installing pyyaml (6.0.2)
  - Installing requests (2.32.3)
  - Installing sniffio (1.3.1)
  - Installing tqdm (4.67.1)
  - Installing typing-extensions (4.12.2)
  - Installing annotated-types (0.7.0)
  - Installing anyio (4.8.0)
  - Installing httpcore (1.0.7)
  - Installing huggingface-hub (0.28.1)
  - Installing pydantic-core (2.27.2)
  - Installing six (1.17.0)
  - Installing click (8.1.8)
  - Installing fastavro (1.10.0)
  - Installing httpx (0.28.1)
  - Installing httpx-sse (0.4.0)
  - Installing iniconfig (2.0.0)
  - Installing mdurl (0.1.2)
  - Installing numpy (1.26.4)
  - Installing joblib (1.4.2)
  - Installing pluggy (1.5.0)
  - Installing pydantic (2.10.6)
  - Installing python-dateutil (2.9.0.post0)
  - Installing pytz (2025.1)
  - Installing regex (2024.11.6)
  - Installing soupsieve (2.6)
  - Installing tokenizers (0.21.0)
  - Installing types-requests (2.32.0.20241016)
  - Installing tzdata (2025.1)
  - Installing beautifulsoup4 (4.13.1)
  - Installing cohere (5.13.11)
  - Installing langdetect (1.0.9)
  - Installing loguru (0.7.3)
  - Installing markdown (3.7)
  - Installing markdown-it-py (3.0.0)
  - Installing nltk (3.9.1)
  - Installing pandas (2.2.3)
  - Installing pytest (8.3.4)
  - Installing scikit-fuzzy (0.5.0)

Writing lock file

Installing the current project: sr-data (0.0.0)
cd sr-train && poetry install
Creating virtualenv sr-train-6xMOtEND-py3.12 in /home/runner/.cache/pypoetry/virtualenvs
Updating dependencies
Resolving dependencies...

Package operations: 47 installs, 0 updates, 0 removals

  - Installing certifi (2025.1.31)
  - Installing charset-normalizer (3.4.1)
  - Installing idna (3.10)
  - Installing urllib3 (2.3.0)
  - Installing filelock (3.17.0)
  - Installing fsspec (2025.2.0)
  - Installing h11 (0.14.0)
  - Installing pyyaml (6.0.2)
  - Installing packaging (24.2)
  - Installing requests (2.32.3)
  - Installing sniffio (1.3.1)
  - Installing tqdm (4.67.1)
  - Installing typing-extensions (4.12.2)
  - Installing annotated-types (0.7.0)
  - Installing anyio (4.8.0)
  - Installing httpcore (1.0.7)
  - Installing huggingface-hub (0.28.1)
  - Installing pydantic-core (2.27.2)
  - Installing six (1.17.0)
  - Installing click (8.1.8)
  - Installing fastavro (1.10.0)
  - Installing httpx (0.28.1)
  - Installing httpx-sse (0.4.0)
  - Installing joblib (1.4.2)
  - Installing mdurl (0.1.2)
  - Installing numpy (1.26.4)
  - Installing pydantic (2.10.6)
  - Installing python-dateutil (2.9.0.post0)
  - Installing pytz (2025.1)
  - Installing regex (2024.11.6)
  - Installing soupsieve (2.6)
  - Installing tokenizers (0.21.0)
  - Installing types-requests (2.32.0.20241016)
  - Installing tzdata (2025.1)
  - Installing beautifulsoup4 (4.13.1)
  - Installing cohere (5.13.11)
  - Installing langdetect (1.0.9)
  - Installing loguru (0.7.3)
  - Installing markdown (3.7)
  - Installing markdown-it-py (3.0.0)
  - Installing nltk (3.9.1)
  - Installing pandas (2.2.3)
  - Installing scikit-fuzzy (0.5.0)
  - Installing scipy (1.13.1)
  - Installing threadpoolctl (3.5.0)
  - Installing scikit-learn (1.6.0)
  - Installing sr-data (0.0.0 /home/runner/work/sr-detection/sr-detection/sr-data)

Writing lock file

Installing the current project: sr-train (0.0.0)
cd sr-data && poetry poe merge --datasets "2024-01~06,2024-06~10,2024-10~2025" --out "../merged/2024-j" --branch "gh-pages"
[37mPoe =>[0m [94mmerge --datasets '2024-01~06,2024-06~10,2024-10~2025' --out ../merged/2024-j --branch gh-pages[0m
[32m2025-02-04 08:44:11.594[0m | [1mINFO    [0m | [36msr_data.steps.merge[0m:[36mmain[0m:[36m50[0m - [1mStart merging...[0m
[32m2025-02-04 08:44:11.594[0m | [1mINFO    [0m | [36msr_data.steps.merge[0m:[36mmain[0m:[36m51[0m - [1mFolders=2024-01~06,2024-06~10,2024-10~2025[0m
[32m2025-02-04 08:44:12.001[0m | [1mINFO    [0m | [36msr_data.steps.merge[0m:[36mcontents[0m:[36m83[0m - [1mFetched @gh-pages/2024-01~06/d0-numerical.csv (690 rows)[0m
[32m2025-02-04 08:44:12.403[0m | [1mINFO    [0m | [36msr_data.steps.merge[0m:[36mcontents[0m:[36m83[0m - [1mFetched @gh-pages/2024-01~06/d1-scores.csv (690 rows)[0m
[32m2025-02-04 08:44:12.604[0m | [1mINFO    [0m | [36msr_data.steps.merge[0m:[36mcontents[0m:[36m83[0m - [1mFetched @gh-pages/2024-01~06/d2-sbert.csv (0 rows)[0m
[32m2025-02-04 08:44:12.746[0m | [1mINFO    [0m | [36msr_data.steps.merge[0m:[36mcontents[0m:[36m83[0m - [1mFetched @gh-pages/2024-01~06/d3-e5.csv (0 rows)[0m
[32m2025-02-04 08:44:12.951[0m | [1mINFO    [0m | [36msr_data.steps.merge[0m:[36mcontents[0m:[36m83[0m - [1mFetched @gh-pages/2024-01~06/d4-embedv3.csv (0 rows)[0m
[32m2025-02-04 08:44:13.606[0m | [1mINFO    [0m | [36msr_data.steps.merge[0m:[36mcontents[0m:[36m83[0m - [1mFetched @gh-pages/2024-01~06/d5-scores+sbert.csv (0 rows)[0m
[32m2025-02-04 08:44:13.776[0m | [1mINFO    [0m | [36msr_data.steps.merge[0m:[36mcontents[0m:[36m83[0m - [1mFetched @gh-pages/2024-01~06/d6-scores+e5.csv (0 rows)[0m
[32m2025-02-04 08:44:13.925[0m | [1mINFO    [0m | [36msr_data.steps.merge[0m:[36mcontents[0m:[36m83[0m - [1mFetched @gh-pages/2024-01~06/d7-scores+embedv3.csv (0 rows)[0m
[32m2025-02-04 08:44:14.448[0m | [1mINFO    [0m | [36msr_data.steps.merge[0m:[36mcontents[0m:[36m83[0m - [1mFetched @gh-pages/2024-06~10/d0-numerical.csv (402 rows)[0m
[32m2025-02-04 08:44:14.918[0m | [1mINFO    [0m | [36msr_data.steps.merge[0m:[36mcontents[0m:[36m83[0m - [1mFetched @gh-pages/2024-06~10/d1-scores.csv (402 rows)[0m
[32m2025-02-04 08:44:15.083[0m | [1mINFO    [0m | [36msr_data.steps.merge[0m:[36mcontents[0m:[36m83[0m - [1mFetched @gh-pages/2024-06~10/d2-sbert.csv (0 rows)[0m
[32m2025-02-04 08:44:15.247[0m | [1mINFO    [0m | [36msr_data.steps.merge[0m:[36mcontents[0m:[36m83[0m - [1mFetched @gh-pages/2024-06~10/d3-e5.csv (0 rows)[0m
[32m2025-02-04 08:44:15.403[0m | [1mINFO    [0m | [36msr_data.steps.merge[0m:[36mcontents[0m:[36m83[0m - [1mFetched @gh-pages/2024-06~10/d4-embedv3.csv (0 rows)[0m
[32m2025-02-04 08:44:15.542[0m | [1mINFO    [0m | [36msr_data.steps.merge[0m:[36mcontents[0m:[36m83[0m - [1mFetched @gh-pages/2024-06~10/d5-scores+sbert.csv (0 rows)[0m
[32m2025-02-04 08:44:15.719[0m | [1mINFO    [0m | [36msr_data.steps.merge[0m:[36mcontents[0m:[36m83[0m - [1mFetched @gh-pages/2024-06~10/d6-scores+e5.csv (0 rows)[0m
[32m2025-02-04 08:44:15.898[0m | [1mINFO    [0m | [36msr_data.steps.merge[0m:[36mcontents[0m:[36m83[0m - [1mFetched @gh-pages/2024-06~10/d7-scores+embedv3.csv (0 rows)[0m
[32m2025-02-04 08:44:16.297[0m | [1mINFO    [0m | [36msr_data.steps.merge[0m:[36mcontents[0m:[36m83[0m - [1mFetched @gh-pages/2024-10~2025/d0-numerical.csv (216 rows)[0m
[32m2025-02-04 08:44:16.674[0m | [1mINFO    [0m | [36msr_data.steps.merge[0m:[36mcontents[0m:[36m83[0m - [1mFetched @gh-pages/2024-10~2025/d1-scores.csv (216 rows)[0m
[32m2025-02-04 08:44:16.861[0m | [1mINFO    [0m | [36msr_data.steps.merge[0m:[36mcontents[0m:[36m83[0m - [1mFetched @gh-pages/2024-10~2025/d2-sbert.csv (0 rows)[0m
[32m2025-02-04 08:44:17.022[0m | [1mINFO    [0m | [36msr_data.steps.merge[0m:[36mcontents[0m:[36m83[0m - [1mFetched @gh-pages/2024-10~2025/d3-e5.csv (0 rows)[0m
[32m2025-02-04 08:44:17.166[0m | [1mINFO    [0m | [36msr_data.steps.merge[0m:[36mcontents[0m:[36m83[0m - [1mFetched @gh-pages/2024-10~2025/d4-embedv3.csv (0 rows)[0m
[32m2025-02-04 08:44:17.331[0m | [1mINFO    [0m | [36msr_data.steps.merge[0m:[36mcontents[0m:[36m83[0m - [1mFetched @gh-pages/2024-10~2025/d5-scores+sbert.csv (0 rows)[0m
[32m2025-02-04 08:44:17.506[0m | [1mINFO    [0m | [36msr_data.steps.merge[0m:[36mcontents[0m:[36m83[0m - [1mFetched @gh-pages/2024-10~2025/d6-scores+e5.csv (0 rows)[0m
[32m2025-02-04 08:44:17.664[0m | [1mINFO    [0m | [36msr_data.steps.merge[0m:[36mcontents[0m:[36m83[0m - [1mFetched @gh-pages/2024-10~2025/d7-scores+embedv3.csv (0 rows)[0m
[32m2025-02-04 08:44:17.664[0m | [1mINFO    [0m | [36msr_data.steps.merge[0m:[36mmerge[0m:[36m72[0m - [1mMerged file: d0-numerical.csv (1308 rows)[0m
[32m2025-02-04 08:44:17.665[0m | [1mINFO    [0m | [36msr_data.steps.merge[0m:[36mmerge[0m:[36m72[0m - [1mMerged file: d1-scores.csv (1308 rows)[0m
[32m2025-02-04 08:44:17.665[0m | [1mINFO    [0m | [36msr_data.steps.merge[0m:[36mmerge[0m:[36m72[0m - [1mMerged file: d2-sbert.csv (0 rows)[0m
[32m2025-02-04 08:44:17.665[0m | [1mINFO    [0m | [36msr_data.steps.merge[0m:[36mmerge[0m:[36m72[0m - [1mMerged file: d3-e5.csv (0 rows)[0m
[32m2025-02-04 08:44:17.665[0m | [1mINFO    [0m | [36msr_data.steps.merge[0m:[36mmerge[0m:[36m72[0m - [1mMerged file: d4-embedv3.csv (0 rows)[0m
[32m2025-02-04 08:44:17.666[0m | [1mINFO    [0m | [36msr_data.steps.merge[0m:[36mmerge[0m:[36m72[0m - [1mMerged file: d5-scores+sbert.csv (0 rows)[0m
[32m2025-02-04 08:44:17.666[0m | [1mINFO    [0m | [36msr_data.steps.merge[0m:[36mmerge[0m:[36m72[0m - [1mMerged file: d6-scores+e5.csv (0 rows)[0m
[32m2025-02-04 08:44:17.666[0m | [1mINFO    [0m | [36msr_data.steps.merge[0m:[36mmerge[0m:[36m72[0m - [1mMerged file: d7-scores+embedv3.csv (0 rows)[0m
[32m2025-02-04 08:44:17.672[0m | [1mINFO    [0m | [36msr_data.steps.merge[0m:[36mmain[0m:[36m59[0m - [1mSaved merged file 'd0-numerical.csv' to ../merged/2024-j/d0-numerical.csv[0m
[32m2025-02-04 08:44:17.674[0m | [1mINFO    [0m | [36msr_data.steps.merge[0m:[36mmain[0m:[36m59[0m - [1mSaved merged file 'd1-scores.csv' to ../merged/2024-j/d1-scores.csv[0m
[32m2025-02-04 08:44:17.674[0m | [1mINFO    [0m | [36msr_data.steps.merge[0m:[36mmain[0m:[36m59[0m - [1mSaved merged file 'd2-sbert.csv' to ../merged/2024-j/d2-sbert.csv[0m
[32m2025-02-04 08:44:17.674[0m | [1mINFO    [0m | [36msr_data.steps.merge[0m:[36mmain[0m:[36m59[0m - [1mSaved merged file 'd3-e5.csv' to ../merged/2024-j/d3-e5.csv[0m
[32m2025-02-04 08:44:17.675[0m | [1mINFO    [0m | [36msr_data.steps.merge[0m:[36mmain[0m:[36m59[0m - [1mSaved merged file 'd4-embedv3.csv' to ../merged/2024-j/d4-embedv3.csv[0m
[32m2025-02-04 08:44:17.675[0m | [1mINFO    [0m | [36msr_data.steps.merge[0m:[36mmain[0m:[36m59[0m - [1mSaved merged file 'd5-scores+sbert.csv' to ../merged/2024-j/d5-scores+sbert.csv[0m
[32m2025-02-04 08:44:17.675[0m | [1mINFO    [0m | [36msr_data.steps.merge[0m:[36mmain[0m:[36m59[0m - [1mSaved merged file 'd6-scores+e5.csv' to ../merged/2024-j/d6-scores+e5.csv[0m
[32m2025-02-04 08:44:17.675[0m | [1mINFO    [0m | [36msr_data.steps.merge[0m:[36mmain[0m:[36m59[0m - [1mSaved merged file 'd7-scores+embedv3.csv' to ../merged/2024-j/d7-scores+embedv3.csv[0m
