${RULTOR:+sudo} npm install -g ghminer@0.0.7

changed 7 packages in 1s

1 package is looking for funding
  run `npm fund` for details
poetry self add 'poethepoet[poetry_plugin]'
Using version ^0.31.1 for poethepoet

Updating dependencies
Resolving dependencies...

No dependencies to install or update
cd sr-data && poetry install
Skipping virtualenv creation, as specified in config file.
Installing dependencies from lock file

No dependencies to install or update

Installing the current project: sr-data (0.0.0)
cd sr-train && poetry install
Skipping virtualenv creation, as specified in config file.
Installing dependencies from lock file

No dependencies to install or update

Installing the current project: sr-train (0.0.0)
Skipping virtualenv creation, as specified in config file.
Installing dependencies from lock file

No dependencies to install or update

Installing the current project: sr-detection (0.0.0)
mkdir -p collection/2024-0103-j
ghminer --query "stars:>10 language:java size:>=20 mirror:false template:false NOT android" --start "2024-03-01" --end "2024-03-01" --tokens "$PATS" --filename "repos"
Running ghminer@0.0.7
Compiled search query: stars:>10 language:java size:>=20 mirror:false template:false NOT android created:2024-03-01..2024-03-01
Total results: 13

Extracted 10 results so far...
Rate Limit: {
  limit: 5000,
  cost: 1,
  remaining: 4998,
  used: 2,
  resetAt: '2024-12-06T06:44:47Z',
  nodeCount: 0
}
hasNextPage: true
endCursor: Y3Vyc29yOjEw

Extracted 13 results so far...
Rate Limit: {
  limit: 5000,
  cost: 1,
  remaining: 4997,
  used: 3,
  resetAt: '2024-12-06T06:44:47Z',
  nodeCount: 0
}
hasNextPage: false
endCursor: Y3Vyc29yOjEz
Fetched 13 results.
Results saved into repos.csv
cd sr-data && poetry poe pipeline --representation resources/pipeline.json --steps pulls,filter,workflows,junit --pipes "../steps.txt" --out "../files.txt"
Poe => pipeline --representation resources/pipeline.json --steps pulls,filter,workflows,junit --pipes ../steps.txt --out ../files.txt
2024-12-06 05:44:51.280 | INFO     | sr_data.pipeline:main:67 - Built step: just pulls "../repos.csv" $GH_TOKEN "../repos-with-pulls.csv"
2024-12-06 05:44:51.280 | INFO     | sr_data.pipeline:main:67 - Built step: just filter "../repos-with-pulls.csv" "../after-filter.csv"
2024-12-06 05:44:51.280 | INFO     | sr_data.pipeline:main:67 - Built step: just workflows "../after-filter.csv" "../after-workflows.csv"
2024-12-06 05:44:51.280 | INFO     | sr_data.pipeline:main:67 - Built step: just junit "../after-workflows.csv" $GH_TOKEN "../after-junit.csv"
cd sr-data && poetry poe pulls --repos "../repos.csv" --token "REDACTED" --out "../repos-with-pulls.csv"
Poe => pulls --repos ../repos.csv --token REDACTED --out ../repos-with-pulls.csv
2024-12-06 05:44:53.665 | INFO     | sr_data.steps.pulls:pulls:56 - Fetched pulls for GreenJAB/fixed-minecraft: 15
2024-12-06 05:44:53.960 | INFO     | sr_data.steps.pulls:pulls:56 - Fetched pulls for prakarshs/Jhethia: 1
2024-12-06 05:44:54.181 | INFO     | sr_data.steps.pulls:pulls:56 - Fetched pulls for kkbo8005/dicttools: 0
2024-12-06 05:44:54.530 | INFO     | sr_data.steps.pulls:pulls:56 - Fetched pulls for openfga/spring-boot-starter: 31
2024-12-06 05:44:54.835 | INFO     | sr_data.steps.pulls:pulls:56 - Fetched pulls for f-lab-edu/dongchimi: 41
2024-12-06 05:44:55.103 | INFO     | sr_data.steps.pulls:pulls:56 - Fetched pulls for guybedo/sugar: 1
2024-12-06 05:44:55.356 | INFO     | sr_data.steps.pulls:pulls:56 - Fetched pulls for RustamKuramshin/right-devops: 0
2024-12-06 05:44:55.694 | INFO     | sr_data.steps.pulls:pulls:56 - Fetched pulls for peterchenhdu/td-genie: 0
2024-12-06 05:44:55.950 | INFO     | sr_data.steps.pulls:pulls:56 - Fetched pulls for mitang0320/leetcodeHot100: 0
2024-12-06 05:44:56.171 | INFO     | sr_data.steps.pulls:pulls:56 - Fetched pulls for giteecode/tourismvue2Public: 0
2024-12-06 05:44:56.422 | INFO     | sr_data.steps.pulls:pulls:56 - Fetched pulls for codebaorg/redis-keeper: 1
2024-12-06 05:44:56.660 | INFO     | sr_data.steps.pulls:pulls:56 - Fetched pulls for Maithri1234/Java: 1
2024-12-06 05:44:56.924 | INFO     | sr_data.steps.pulls:pulls:56 - Fetched pulls for NodeMedia/react-native-nodemediaclient: 1
cd sr-data && poetry poe filter --repos "../repos-with-pulls.csv" --out "../after-filter.csv"
Poe => filter --repos ../repos-with-pulls.csv --out ../after-filter.csv
2024-12-06 05:44:58.051 | INFO     | sr_data.steps.filter:main:39 - Start filtering...
2024-12-06 05:44:58.054 | INFO     | sr_data.steps.filter:main:43 - Repositories in 13
2024-12-06 05:44:58.056 | INFO     | sr_data.steps.filter:main:47 - Skipped 1 repositories with empty README files
2024-12-06 05:44:58.418 | INFO     | sr_data.steps.filter:main:52 - Skipped 5 non-english repositories
2024-12-06 05:44:58.418 | INFO     | sr_data.steps.filter:main:53 - Total skipped: 6
2024-12-06 05:44:58.418 | INFO     | sr_data.steps.filter:main:54 - Saving 7 good repositories to ../after-filter.csv
2024-12-06 05:44:58.418 | DEBUG    | sr_data.steps.filter:main:55 -                                       repo  ... pulls
0                 GreenJAB/fixed-minecraft  ...  15.0
1                        prakarshs/Jhethia  ...   1.0
3              openfga/spring-boot-starter  ...  31.0
5                            guybedo/sugar  ...   1.0
8                mitang0320/leetcodeHot100  ...   0.0
10                  codebaorg/redis-keeper  ...   1.0
12  NodeMedia/react-native-nodemediaclient  ...   1.0

[7 rows x 9 columns]
cd sr-data && poetry poe workflows --repos ../after-filter.csv --out ../after-workflows.csv
Poe => workflows --repos ../after-filter.csv --out ../after-workflows.csv
2024-12-06 05:44:59.626 | INFO     | sr_data.steps.workflows:main:46 - Repo GreenJAB/fixed-minecraft has 0 *.yml|*.yaml workflows inside .github/workflows
2024-12-06 05:44:59.629 | INFO     | sr_data.steps.workflows:main:46 - Repo prakarshs/Jhethia has 0 *.yml|*.yaml workflows inside .github/workflows
2024-12-06 05:44:59.629 | INFO     | sr_data.steps.workflows:main:46 - Repo openfga/spring-boot-starter has 3 *.yml|*.yaml workflows inside .github/workflows
2024-12-06 05:45:00.278 | INFO     | sr_data.steps.workflows:main:46 - Repo guybedo/sugar has 0 *.yml|*.yaml workflows inside .github/workflows
2024-12-06 05:45:00.278 | INFO     | sr_data.steps.workflows:main:46 - Repo mitang0320/leetcodeHot100 has 0 *.yml|*.yaml workflows inside .github/workflows
2024-12-06 05:45:00.279 | INFO     | sr_data.steps.workflows:main:46 - Repo codebaorg/redis-keeper has 0 *.yml|*.yaml workflows inside .github/workflows
2024-12-06 05:45:00.279 | INFO     | sr_data.steps.workflows:main:46 - Repo NodeMedia/react-native-nodemediaclient has 0 *.yml|*.yaml workflows inside .github/workflows
2024-12-06 05:45:00.281 | INFO     | sr_data.steps.workflows:main:73 - Saved repositories to ../after-workflows.csv
cd sr-data && poetry poe junit --repos "../after-workflows.csv" --out "../after-junit.csv" --token "REDACTED"
Poe => junit --repos ../after-workflows.csv --out ../after-junit.csv --token REDACTED
2024-12-06 05:45:01.352 | INFO     | sr_data.steps.junit_tests:main:41 - Counting JUnit tests in 7 repositories
2024-12-06 05:45:01.678 | INFO     | sr_data.steps.junit_tests:count_of_tests:58 - Found 0 test files in GreenJAB/fixed-minecraft
2024-12-06 05:45:01.678 | INFO     | sr_data.steps.junit_tests:count_of_tests:70 - Found 0 tests in 0 files inside GreenJAB/fixed-minecraft
2024-12-06 05:45:01.946 | INFO     | sr_data.steps.junit_tests:count_of_tests:58 - Found 0 test files in prakarshs/Jhethia
2024-12-06 05:45:01.946 | INFO     | sr_data.steps.junit_tests:count_of_tests:70 - Found 0 tests in 0 files inside prakarshs/Jhethia
2024-12-06 05:45:02.191 | INFO     | sr_data.steps.junit_tests:count_of_tests:58 - Found 1 test files in openfga/spring-boot-starter
2024-12-06 05:45:02.381 | DEBUG    | sr_data.steps.junit_tests:count_of_tests:67 - Checking src/test/java/dev/openfga/OpenFgaTest.java
2024-12-06 05:45:02.381 | INFO     | sr_data.steps.junit_tests:count_of_tests:70 - Found 4 tests in 1 files inside openfga/spring-boot-starter
2024-12-06 05:45:02.638 | INFO     | sr_data.steps.junit_tests:count_of_tests:58 - Found 1 test files in guybedo/sugar
2024-12-06 05:45:02.860 | DEBUG    | sr_data.steps.junit_tests:count_of_tests:67 - Checking src/test/java/com/akalea/sugar/CollectionsTest.java
2024-12-06 05:45:02.860 | INFO     | sr_data.steps.junit_tests:count_of_tests:70 - Found 1 tests in 1 files inside guybedo/sugar
2024-12-06 05:45:03.117 | INFO     | sr_data.steps.junit_tests:count_of_tests:58 - Found 0 test files in mitang0320/leetcodeHot100
2024-12-06 05:45:03.117 | INFO     | sr_data.steps.junit_tests:count_of_tests:70 - Found 0 tests in 0 files inside mitang0320/leetcodeHot100
2024-12-06 05:45:03.528 | INFO     | sr_data.steps.junit_tests:count_of_tests:58 - Found 3 test files in codebaorg/redis-keeper
2024-12-06 05:45:03.747 | DEBUG    | sr_data.steps.junit_tests:count_of_tests:67 - Checking redis-keeper-example/redis-keeper-example-springboot/src/test/java/org/codeba/redis/keeper/example/springboot/AppTest.java
2024-12-06 05:45:04.049 | DEBUG    | sr_data.steps.junit_tests:count_of_tests:67 - Checking redis-keeper-example/redis-keeper-example-standalone/src/test/java/org/codeba/redis/keeper/example/standalone/AppTest.java
2024-12-06 05:45:04.261 | DEBUG    | sr_data.steps.junit_tests:count_of_tests:67 - Checking redis-keeper-support/src/test/java/org/codeba/redis/keeper/support/AppTest.java
2024-12-06 05:45:04.261 | INFO     | sr_data.steps.junit_tests:count_of_tests:70 - Found 10 tests in 3 files inside codebaorg/redis-keeper
2024-12-06 05:45:04.484 | INFO     | sr_data.steps.junit_tests:count_of_tests:58 - Found 0 test files in NodeMedia/react-native-nodemediaclient
2024-12-06 05:45:04.485 | INFO     | sr_data.steps.junit_tests:count_of_tests:70 - Found 0 tests in 0 files inside NodeMedia/react-native-nodemediaclient
2024-12-06 05:45:04.487 | INFO     | sr_data.steps.junit_tests:main:49 - Saved 7 repositories to ../after-junit.csv
"/root/.cargo/bin"/just numerical "..//after-junit.csv" "..//numerical.csv"
cd sr-data && poetry poe numerical --repos "..//after-junit.csv" --out "..//numerical.csv"
Poe => numerical --repos ..//after-junit.csv --out ..//numerical.csv
2024-12-06 05:45:05.443 | INFO     | sr_data.steps.numerical:main:30 - Creating dataset with all numerical data...
2024-12-06 05:45:05.448 | INFO     | sr_data.steps.numerical:main:46 - Numerical dataset created in ..//numerical.csv
"/root/.cargo/bin"/just scores "..//after-junit.csv" "..//scores.csv"
cd sr-data && poetry poe scores --repos "..//after-junit.csv" --out "..//scores.csv"
Poe => scores --repos ..//after-junit.csv --out ..//scores.csv
2024-12-06 05:45:06.395 | INFO     | sr_data.steps.scores:main:33 - Creating dataset with scores...
2024-12-06 05:45:06.400 | INFO     | sr_data.steps.scores:main:43 - Scores dataset created in ..//scores.csv
"/root/.cargo/bin"/just combine "/root/.cargo/bin" "false" "../"
if "false"; then "/root/.cargo/bin"/just combination "../" 5 "..//sbert.csv" "..//scores.csv"; fi
if "false"; then "/root/.cargo/bin"/just combination "../" 6 "..//e5.csv" "..//scores.csv"; fi
if "false"; then "/root/.cargo/bin"/just combination "../" 7 "..//embedv3.csv" "..//scores.csv"; fi
