${RULTOR:+sudo} npm install -g ghminer@0.0.7

changed 7 packages in 1s

1 package is looking for funding
  run `npm fund` for details
poetry self add 'poethepoet[poetry_plugin]'
Using version ^0.32.2 for poethepoet

Updating dependencies
Resolving dependencies...

No dependencies to install or update
cd sr-data && poetry install
Skipping virtualenv creation, as specified in config file.
Installing dependencies from lock file

No dependencies to install or update

Installing the current project: sr-data (0.0.0)
cd sr-train && poetry install
Skipping virtualenv creation, as specified in config file.
Installing dependencies from lock file

No dependencies to install or update

Installing the current project: sr-train (0.0.0)
Skipping virtualenv creation, as specified in config file.
Installing dependencies from lock file

No dependencies to install or update

Installing the current project: sr-detection (0.0.0)
mkdir -p collection/2024-06~10
ghminer --query "stars:>10 language:java size:>=20 mirror:false template:false NOT android" --start "2024-06-02" --end "2024-10-01" --tokens "$PATS" --filename "repos"
Running ghminer@0.0.7
Compiled search query: stars:>10 language:java size:>=20 mirror:false template:false NOT android created:2024-06-02..2024-10-01
Total results: 698

Extracted 10 results so far...
Rate Limit: {
  limit: 5000,
  cost: 1,
  remaining: 4998,
  used: 2,
  resetAt: '2025-02-03T12:33:59Z',
  nodeCount: 0
}
hasNextPage: true
endCursor: Y3Vyc29yOjEw

Extracted 20 results so far...
Rate Limit: {
  limit: 5000,
  cost: 1,
  remaining: 4997,
  used: 3,
  resetAt: '2025-02-03T12:33:59Z',
  nodeCount: 0
}
hasNextPage: true
endCursor: Y3Vyc29yOjIw

Extracted 30 results so far...
Rate Limit: {
  limit: 5000,
  cost: 1,
  remaining: 4996,
  used: 4,
  resetAt: '2025-02-03T12:33:59Z',
  nodeCount: 0
}
hasNextPage: true
endCursor: Y3Vyc29yOjMw

Extracted 40 results so far...
Rate Limit: {
  limit: 5000,
  cost: 1,
  remaining: 4995,
  used: 5,
  resetAt: '2025-02-03T12:33:59Z',
  nodeCount: 0
}
hasNextPage: true
endCursor: Y3Vyc29yOjQw

Extracted 50 results so far...
Rate Limit: {
  limit: 5000,
  cost: 1,
  remaining: 4994,
  used: 6,
  resetAt: '2025-02-03T12:33:59Z',
  nodeCount: 0
}
hasNextPage: true
endCursor: Y3Vyc29yOjUw

Extracted 60 results so far...
Rate Limit: {
  limit: 5000,
  cost: 1,
  remaining: 4993,
  used: 7,
  resetAt: '2025-02-03T12:33:59Z',
  nodeCount: 0
}
hasNextPage: true
endCursor: Y3Vyc29yOjYw

Extracted 70 results so far...
Rate Limit: {
  limit: 5000,
  cost: 1,
  remaining: 4992,
  used: 8,
  resetAt: '2025-02-03T12:33:59Z',
  nodeCount: 0
}
hasNextPage: true
endCursor: Y3Vyc29yOjcw

Extracted 80 results so far...
Rate Limit: {
  limit: 5000,
  cost: 1,
  remaining: 4991,
  used: 9,
  resetAt: '2025-02-03T12:33:59Z',
  nodeCount: 0
}
hasNextPage: true
endCursor: Y3Vyc29yOjgw

Extracted 90 results so far...
Rate Limit: {
  limit: 5000,
  cost: 1,
  remaining: 4990,
  used: 10,
  resetAt: '2025-02-03T12:33:59Z',
  nodeCount: 0
}
hasNextPage: true
endCursor: Y3Vyc29yOjkw

Extracted 100 results so far...
Rate Limit: {
  limit: 5000,
  cost: 1,
  remaining: 4989,
  used: 11,
  resetAt: '2025-02-03T12:33:59Z',
  nodeCount: 0
}
hasNextPage: true
endCursor: Y3Vyc29yOjEwMA==

Extracted 110 results so far...
Rate Limit: {
  limit: 5000,
  cost: 1,
  remaining: 4988,
  used: 12,
  resetAt: '2025-02-03T12:33:59Z',
  nodeCount: 0
}
hasNextPage: true
endCursor: Y3Vyc29yOjExMA==

Extracted 120 results so far...
Rate Limit: {
  limit: 5000,
  cost: 1,
  remaining: 4987,
  used: 13,
  resetAt: '2025-02-03T12:33:59Z',
  nodeCount: 0
}
hasNextPage: true
endCursor: Y3Vyc29yOjEyMA==

Extracted 130 results so far...
Rate Limit: {
  limit: 5000,
  cost: 1,
  remaining: 4986,
  used: 14,
  resetAt: '2025-02-03T12:33:59Z',
  nodeCount: 0
}
hasNextPage: true
endCursor: Y3Vyc29yOjEzMA==

Extracted 140 results so far...
Rate Limit: {
  limit: 5000,
  cost: 1,
  remaining: 4985,
  used: 15,
  resetAt: '2025-02-03T12:33:59Z',
  nodeCount: 0
}
hasNextPage: true
endCursor: Y3Vyc29yOjE0MA==

Extracted 150 results so far...
Rate Limit: {
  limit: 5000,
  cost: 1,
  remaining: 4984,
  used: 16,
  resetAt: '2025-02-03T12:33:59Z',
  nodeCount: 0
}
hasNextPage: true
endCursor: Y3Vyc29yOjE1MA==

Extracted 160 results so far...
Rate Limit: {
  limit: 5000,
  cost: 1,
  remaining: 4983,
  used: 17,
  resetAt: '2025-02-03T12:33:59Z',
  nodeCount: 0
}
hasNextPage: true
endCursor: Y3Vyc29yOjE2MA==

Extracted 170 results so far...
Rate Limit: {
  limit: 5000,
  cost: 1,
  remaining: 4982,
  used: 18,
  resetAt: '2025-02-03T12:33:59Z',
  nodeCount: 0
}
hasNextPage: true
endCursor: Y3Vyc29yOjE3MA==

Extracted 180 results so far...
Rate Limit: {
  limit: 5000,
  cost: 1,
  remaining: 4981,
  used: 19,
  resetAt: '2025-02-03T12:33:59Z',
  nodeCount: 0
}
hasNextPage: true
endCursor: Y3Vyc29yOjE4MA==

Extracted 190 results so far...
Rate Limit: {
  limit: 5000,
  cost: 1,
  remaining: 4980,
  used: 20,
  resetAt: '2025-02-03T12:33:59Z',
  nodeCount: 0
}
hasNextPage: true
endCursor: Y3Vyc29yOjE5MA==

Extracted 200 results so far...
Rate Limit: {
  limit: 5000,
  cost: 1,
  remaining: 4979,
  used: 21,
  resetAt: '2025-02-03T12:33:59Z',
  nodeCount: 0
}
hasNextPage: true
endCursor: Y3Vyc29yOjIwMA==

Extracted 210 results so far...
Rate Limit: {
  limit: 5000,
  cost: 1,
  remaining: 4978,
  used: 22,
  resetAt: '2025-02-03T12:33:59Z',
  nodeCount: 0
}
hasNextPage: true
endCursor: Y3Vyc29yOjIxMA==

Extracted 220 results so far...
Rate Limit: {
  limit: 5000,
  cost: 1,
  remaining: 4977,
  used: 23,
  resetAt: '2025-02-03T12:33:59Z',
  nodeCount: 0
}
hasNextPage: true
endCursor: Y3Vyc29yOjIyMA==

Extracted 230 results so far...
Rate Limit: {
  limit: 5000,
  cost: 1,
  remaining: 4976,
  used: 24,
  resetAt: '2025-02-03T12:33:59Z',
  nodeCount: 0
}
hasNextPage: true
endCursor: Y3Vyc29yOjIzMA==

Extracted 240 results so far...
Rate Limit: {
  limit: 5000,
  cost: 1,
  remaining: 4975,
  used: 25,
  resetAt: '2025-02-03T12:33:59Z',
  nodeCount: 0
}
hasNextPage: true
endCursor: Y3Vyc29yOjI0MA==

Extracted 250 results so far...
Rate Limit: {
  limit: 5000,
  cost: 1,
  remaining: 4974,
  used: 26,
  resetAt: '2025-02-03T12:33:59Z',
  nodeCount: 0
}
hasNextPage: true
endCursor: Y3Vyc29yOjI1MA==

Extracted 260 results so far...
Rate Limit: {
  limit: 5000,
  cost: 1,
  remaining: 4973,
  used: 27,
  resetAt: '2025-02-03T12:33:59Z',
  nodeCount: 0
}
hasNextPage: true
endCursor: Y3Vyc29yOjI2MA==

Extracted 270 results so far...
Rate Limit: {
  limit: 5000,
  cost: 1,
  remaining: 4972,
  used: 28,
  resetAt: '2025-02-03T12:33:59Z',
  nodeCount: 0
}
hasNextPage: true
endCursor: Y3Vyc29yOjI3MA==

Extracted 280 results so far...
Rate Limit: {
  limit: 5000,
  cost: 1,
  remaining: 4971,
  used: 29,
  resetAt: '2025-02-03T12:33:59Z',
  nodeCount: 0
}
hasNextPage: true
endCursor: Y3Vyc29yOjI4MA==

Extracted 290 results so far...
Rate Limit: {
  limit: 5000,
  cost: 1,
  remaining: 4970,
  used: 30,
  resetAt: '2025-02-03T12:33:59Z',
  nodeCount: 0
}
hasNextPage: true
endCursor: Y3Vyc29yOjI5MA==

Extracted 300 results so far...
Rate Limit: {
  limit: 5000,
  cost: 1,
  remaining: 4969,
  used: 31,
  resetAt: '2025-02-03T12:33:59Z',
  nodeCount: 0
}
hasNextPage: true
endCursor: Y3Vyc29yOjMwMA==

Extracted 310 results so far...
Rate Limit: {
  limit: 5000,
  cost: 1,
  remaining: 4968,
  used: 32,
  resetAt: '2025-02-03T12:33:59Z',
  nodeCount: 0
}
hasNextPage: true
endCursor: Y3Vyc29yOjMxMA==

Extracted 320 results so far...
Rate Limit: {
  limit: 5000,
  cost: 1,
  remaining: 4967,
  used: 33,
  resetAt: '2025-02-03T12:33:59Z',
  nodeCount: 0
}
hasNextPage: true
endCursor: Y3Vyc29yOjMyMA==

Extracted 330 results so far...
Rate Limit: {
  limit: 5000,
  cost: 1,
  remaining: 4966,
  used: 34,
  resetAt: '2025-02-03T12:33:59Z',
  nodeCount: 0
}
hasNextPage: true
endCursor: Y3Vyc29yOjMzMA==

Extracted 340 results so far...
Rate Limit: {
  limit: 5000,
  cost: 1,
  remaining: 4965,
  used: 35,
  resetAt: '2025-02-03T12:33:59Z',
  nodeCount: 0
}
hasNextPage: true
endCursor: Y3Vyc29yOjM0MA==

Extracted 350 results so far...
Rate Limit: {
  limit: 5000,
  cost: 1,
  remaining: 4964,
  used: 36,
  resetAt: '2025-02-03T12:33:59Z',
  nodeCount: 0
}
hasNextPage: true
endCursor: Y3Vyc29yOjM1MA==

Extracted 360 results so far...
Rate Limit: {
  limit: 5000,
  cost: 1,
  remaining: 4963,
  used: 37,
  resetAt: '2025-02-03T12:33:59Z',
  nodeCount: 0
}
hasNextPage: true
endCursor: Y3Vyc29yOjM2MA==

Extracted 370 results so far...
Rate Limit: {
  limit: 5000,
  cost: 1,
  remaining: 4962,
  used: 38,
  resetAt: '2025-02-03T12:33:59Z',
  nodeCount: 0
}
hasNextPage: true
endCursor: Y3Vyc29yOjM3MA==

Extracted 380 results so far...
Rate Limit: {
  limit: 5000,
  cost: 1,
  remaining: 4961,
  used: 39,
  resetAt: '2025-02-03T12:33:59Z',
  nodeCount: 0
}
hasNextPage: true
endCursor: Y3Vyc29yOjM4MA==

Extracted 390 results so far...
Rate Limit: {
  limit: 5000,
  cost: 1,
  remaining: 4960,
  used: 40,
  resetAt: '2025-02-03T12:33:59Z',
  nodeCount: 0
}
hasNextPage: true
endCursor: Y3Vyc29yOjM5MA==

Extracted 400 results so far...
Rate Limit: {
  limit: 5000,
  cost: 1,
  remaining: 4959,
  used: 41,
  resetAt: '2025-02-03T12:33:59Z',
  nodeCount: 0
}
hasNextPage: true
endCursor: Y3Vyc29yOjQwMA==

Extracted 410 results so far...
Rate Limit: {
  limit: 5000,
  cost: 1,
  remaining: 4958,
  used: 42,
  resetAt: '2025-02-03T12:33:59Z',
  nodeCount: 0
}
hasNextPage: true
endCursor: Y3Vyc29yOjQxMA==

Extracted 420 results so far...
Rate Limit: {
  limit: 5000,
  cost: 1,
  remaining: 4957,
  used: 43,
  resetAt: '2025-02-03T12:33:59Z',
  nodeCount: 0
}
hasNextPage: true
endCursor: Y3Vyc29yOjQyMA==

Extracted 430 results so far...
Rate Limit: {
  limit: 5000,
  cost: 1,
  remaining: 4956,
  used: 44,
  resetAt: '2025-02-03T12:33:59Z',
  nodeCount: 0
}
hasNextPage: true
endCursor: Y3Vyc29yOjQzMA==

Extracted 440 results so far...
Rate Limit: {
  limit: 5000,
  cost: 1,
  remaining: 4955,
  used: 45,
  resetAt: '2025-02-03T12:33:59Z',
  nodeCount: 0
}
hasNextPage: true
endCursor: Y3Vyc29yOjQ0MA==

Extracted 450 results so far...
Rate Limit: {
  limit: 5000,
  cost: 1,
  remaining: 4954,
  used: 46,
  resetAt: '2025-02-03T12:33:59Z',
  nodeCount: 0
}
hasNextPage: true
endCursor: Y3Vyc29yOjQ1MA==

Extracted 460 results so far...
Rate Limit: {
  limit: 5000,
  cost: 1,
  remaining: 4953,
  used: 47,
  resetAt: '2025-02-03T12:33:59Z',
  nodeCount: 0
}
hasNextPage: true
endCursor: Y3Vyc29yOjQ2MA==

Extracted 470 results so far...
Rate Limit: {
  limit: 5000,
  cost: 1,
  remaining: 4952,
  used: 48,
  resetAt: '2025-02-03T12:33:59Z',
  nodeCount: 0
}
hasNextPage: true
endCursor: Y3Vyc29yOjQ3MA==

Extracted 480 results so far...
Rate Limit: {
  limit: 5000,
  cost: 1,
  remaining: 4951,
  used: 49,
  resetAt: '2025-02-03T12:33:59Z',
  nodeCount: 0
}
hasNextPage: true
endCursor: Y3Vyc29yOjQ4MA==

Extracted 490 results so far...
Rate Limit: {
  limit: 5000,
  cost: 1,
  remaining: 4950,
  used: 50,
  resetAt: '2025-02-03T12:33:59Z',
  nodeCount: 0
}
hasNextPage: true
endCursor: Y3Vyc29yOjQ5MA==

Extracted 500 results so far...
Rate Limit: {
  limit: 5000,
  cost: 1,
  remaining: 4949,
  used: 51,
  resetAt: '2025-02-03T12:33:59Z',
  nodeCount: 0
}
hasNextPage: true
endCursor: Y3Vyc29yOjUwMA==

Extracted 510 results so far...
Rate Limit: {
  limit: 5000,
  cost: 1,
  remaining: 4948,
  used: 52,
  resetAt: '2025-02-03T12:33:59Z',
  nodeCount: 0
}
hasNextPage: true
endCursor: Y3Vyc29yOjUxMA==

Extracted 520 results so far...
Rate Limit: {
  limit: 5000,
  cost: 1,
  remaining: 4947,
  used: 53,
  resetAt: '2025-02-03T12:33:59Z',
  nodeCount: 0
}
hasNextPage: true
endCursor: Y3Vyc29yOjUyMA==

Extracted 530 results so far...
Rate Limit: {
  limit: 5000,
  cost: 1,
  remaining: 4946,
  used: 54,
  resetAt: '2025-02-03T12:33:59Z',
  nodeCount: 0
}
hasNextPage: true
endCursor: Y3Vyc29yOjUzMA==

Extracted 540 results so far...
Rate Limit: {
  limit: 5000,
  cost: 1,
  remaining: 4945,
  used: 55,
  resetAt: '2025-02-03T12:33:59Z',
  nodeCount: 0
}
hasNextPage: true
endCursor: Y3Vyc29yOjU0MA==

Extracted 550 results so far...
Rate Limit: {
  limit: 5000,
  cost: 1,
  remaining: 4944,
  used: 56,
  resetAt: '2025-02-03T12:33:59Z',
  nodeCount: 0
}
hasNextPage: true
endCursor: Y3Vyc29yOjU1MA==

Extracted 560 results so far...
Rate Limit: {
  limit: 5000,
  cost: 1,
  remaining: 4943,
  used: 57,
  resetAt: '2025-02-03T12:33:59Z',
  nodeCount: 0
}
hasNextPage: true
endCursor: Y3Vyc29yOjU2MA==

Extracted 570 results so far...
Rate Limit: {
  limit: 5000,
  cost: 1,
  remaining: 4942,
  used: 58,
  resetAt: '2025-02-03T12:33:59Z',
  nodeCount: 0
}
hasNextPage: true
endCursor: Y3Vyc29yOjU3MA==

Extracted 580 results so far...
Rate Limit: {
  limit: 5000,
  cost: 1,
  remaining: 4941,
  used: 59,
  resetAt: '2025-02-03T12:33:59Z',
  nodeCount: 0
}
hasNextPage: true
endCursor: Y3Vyc29yOjU4MA==

Extracted 590 results so far...
Rate Limit: {
  limit: 5000,
  cost: 1,
  remaining: 4940,
  used: 60,
  resetAt: '2025-02-03T12:33:59Z',
  nodeCount: 0
}
hasNextPage: true
endCursor: Y3Vyc29yOjU5MA==

Extracted 600 results so far...
Rate Limit: {
  limit: 5000,
  cost: 1,
  remaining: 4939,
  used: 61,
  resetAt: '2025-02-03T12:33:59Z',
  nodeCount: 0
}
hasNextPage: true
endCursor: Y3Vyc29yOjYwMA==

Extracted 610 results so far...
Rate Limit: {
  limit: 5000,
  cost: 1,
  remaining: 4938,
  used: 62,
  resetAt: '2025-02-03T12:33:59Z',
  nodeCount: 0
}
hasNextPage: true
endCursor: Y3Vyc29yOjYxMA==

Extracted 620 results so far...
Rate Limit: {
  limit: 5000,
  cost: 1,
  remaining: 4937,
  used: 63,
  resetAt: '2025-02-03T12:33:59Z',
  nodeCount: 0
}
hasNextPage: true
endCursor: Y3Vyc29yOjYyMA==

Extracted 630 results so far...
Rate Limit: {
  limit: 5000,
  cost: 1,
  remaining: 4936,
  used: 64,
  resetAt: '2025-02-03T12:33:59Z',
  nodeCount: 0
}
hasNextPage: true
endCursor: Y3Vyc29yOjYzMA==

Extracted 640 results so far...
Rate Limit: {
  limit: 5000,
  cost: 1,
  remaining: 4935,
  used: 65,
  resetAt: '2025-02-03T12:33:59Z',
  nodeCount: 0
}
hasNextPage: true
endCursor: Y3Vyc29yOjY0MA==

Extracted 650 results so far...
Rate Limit: {
  limit: 5000,
  cost: 1,
  remaining: 4934,
  used: 66,
  resetAt: '2025-02-03T12:33:59Z',
  nodeCount: 0
}
hasNextPage: true
endCursor: Y3Vyc29yOjY1MA==

Extracted 660 results so far...
Rate Limit: {
  limit: 5000,
  cost: 1,
  remaining: 4933,
  used: 67,
  resetAt: '2025-02-03T12:33:59Z',
  nodeCount: 0
}
hasNextPage: true
endCursor: Y3Vyc29yOjY2MA==

Extracted 670 results so far...
Rate Limit: {
  limit: 5000,
  cost: 1,
  remaining: 4932,
  used: 68,
  resetAt: '2025-02-03T12:33:59Z',
  nodeCount: 0
}
hasNextPage: true
endCursor: Y3Vyc29yOjY3MA==

Extracted 680 results so far...
Rate Limit: {
  limit: 5000,
  cost: 1,
  remaining: 4931,
  used: 69,
  resetAt: '2025-02-03T12:33:59Z',
  nodeCount: 0
}
hasNextPage: true
endCursor: Y3Vyc29yOjY4MA==

Extracted 690 results so far...
Rate Limit: {
  limit: 5000,
  cost: 1,
  remaining: 4930,
  used: 70,
  resetAt: '2025-02-03T12:33:59Z',
  nodeCount: 0
}
hasNextPage: true
endCursor: Y3Vyc29yOjY5MA==

Extracted 698 results so far...
Rate Limit: {
  limit: 5000,
  cost: 1,
  remaining: 4929,
  used: 71,
  resetAt: '2025-02-03T12:33:59Z',
  nodeCount: 0
}
hasNextPage: false
endCursor: Y3Vyc29yOjY5OA==
Fetched 698 results.
Results saved into repos.csv
cd sr-data && poetry poe pipeline --representation resources/pipeline.json --steps pulls,filter,workflow,junit --pipes "../steps.txt" --out "../files.txt"
Poe => pipeline --representation resources/pipeline.json --steps pulls,filter,workflow,junit --pipes ../steps.txt --out ../files.txt
2025-02-03 11:36:23.746 | DEBUG    | sr_data.pipeline:main:70 - Built step: just pulls "../repos.csv" $GH_TOKEN "../repos-with-pulls.csv"
2025-02-03 11:36:23.746 | DEBUG    | sr_data.pipeline:main:70 - Built step: just filter "../repos-with-pulls.csv" "../filtered.txt" "../after-filter.csv"
Traceback (most recent call last):
  File "<string>", line 1, in <module>
  File "/sr-data/src/sr_data/pipeline.py", line 40, in main
    params = origin[step]
             ~~~~~~^^^^^^
KeyError: 'workflow'
error: Recipe `pipeline` failed on line 62 with exit code 1
./data.sh: line 37: steps.txt: No such file or directory
"/root/.cargo/bin"/just numerical "..//after-junit.csv" "..//numerical.csv"
cd sr-data && poetry poe numerical --repos "..//after-junit.csv" --out "..//numerical.csv"
Poe => numerical --repos ..//after-junit.csv --out ..//numerical.csv
2025-02-03 11:36:25.770 | INFO     | sr_data.steps.numerical:main:30 - Creating dataset with all numerical data...
Traceback (most recent call last):
  File "<string>", line 1, in <module>
  File "/sr-data/src/sr_data/steps/numerical.py", line 31, in main
    frame = pd.read_csv(repos)
            ^^^^^^^^^^^^^^^^^^
  File "/usr/local/lib/python3.12/site-packages/pandas/io/parsers/readers.py", line 1026, in read_csv
    return _read(filepath_or_buffer, kwds)
           ^^^^^^^^^^^^^^^^^^^^^^^^^^^^^^^
  File "/usr/local/lib/python3.12/site-packages/pandas/io/parsers/readers.py", line 620, in _read
    parser = TextFileReader(filepath_or_buffer, **kwds)
             ^^^^^^^^^^^^^^^^^^^^^^^^^^^^^^^^^^^^^^^^^^
  File "/usr/local/lib/python3.12/site-packages/pandas/io/parsers/readers.py", line 1620, in __init__
    self._engine = self._make_engine(f, self.engine)
                   ^^^^^^^^^^^^^^^^^^^^^^^^^^^^^^^^^
  File "/usr/local/lib/python3.12/site-packages/pandas/io/parsers/readers.py", line 1880, in _make_engine
    self.handles = get_handle(
                   ^^^^^^^^^^^
  File "/usr/local/lib/python3.12/site-packages/pandas/io/common.py", line 873, in get_handle
    handle = open(
             ^^^^^
FileNotFoundError: [Errno 2] No such file or directory: '..//after-junit.csv'
error: Recipe `numerical` failed on line 183 with exit code 1
error: Recipe `datasets` failed on line 161 with exit code 1
